[2015.12.07-03.33.21:643][  0]Log file open, 12/06/15 21:33:21
[2015.12.07-03.33.21:644][  0]LogInit:Display: Running engine for game: MyProject
[2015.12.07-03.33.21:644][  0]LogPlatformFile: Not using cached read wrapper
[2015.12.07-03.33.21:644][  0]LogInit:Display: RandInit(706781410) SRandInit(706781413).
[2015.12.07-03.33.21:644][  0]LogTaskGraph: Started task graph with 4 named threads and 7 total threads.
[2015.12.07-03.33.21:644][  0]LogStats: Stats thread started at 0.075914
[2015.12.07-03.33.21:644][  0]LogInit: Version: 4.10.0-2758231+++depot+UE4-Releases+4.10
[2015.12.07-03.33.21:644][  0]LogInit: API Version: 2758231
[2015.12.07-03.33.21:644][  0]LogInit: Compiled (64-bit): Nov  7 2015 05:13:45
[2015.12.07-03.33.21:644][  0]LogInit: Compiled with Visual C++: 19.00.23026.00
[2015.12.07-03.33.21:644][  0]LogInit: Build Configuration: Development
[2015.12.07-03.33.21:644][  0]LogInit: Branch Name: ++depot+UE4-Releases+4.10
[2015.12.07-03.33.21:644][  0]LogInit: Command line: 
[2015.12.07-03.33.21:644][  0]LogInit: Base directory: C:/Program Files/Epic Games/4.10/Engine/Binaries/Win64/
[2015.12.07-03.33.21:644][  0]LogInit: Rocket: 1
[2015.12.07-03.33.21:649][  0]LogInit: Using libcurl 7.41.0
[2015.12.07-03.33.21:649][  0]LogInit:  - built for x86_64-pc-win32
[2015.12.07-03.33.21:649][  0]LogInit:  - supports SSL with WinSSL
[2015.12.07-03.33.21:649][  0]LogInit:  - other features:
[2015.12.07-03.33.21:649][  0]LogInit:      CURL_VERSION_SSL
[2015.12.07-03.33.21:649][  0]LogInit:      CURL_VERSION_IPV6
[2015.12.07-03.33.21:649][  0]LogInit:      CURL_VERSION_ASYNCHDNS
[2015.12.07-03.33.21:649][  0]LogInit:      CURL_VERSION_LARGEFILE
[2015.12.07-03.33.21:649][  0]LogInit:      CURL_VERSION_IDN
[2015.12.07-03.33.21:649][  0]LogInit:  CurlRequestOptions (configurable via config and command line):
[2015.12.07-03.33.21:649][  0]LogInit:  - bVerifyPeer = true  - Libcurl will verify peer certificate
[2015.12.07-03.33.21:649][  0]LogInit:  - bUseHttpProxy = false  - Libcurl will NOT use HTTP proxy
[2015.12.07-03.33.21:649][  0]LogInit:  - bDontReuseConnections = false  - Libcurl will reuse connections
[2015.12.07-03.33.21:649][  0]LogInit:  - CertBundlePath = nullptr  - Libcurl will use whatever was configured at build time.
[2015.12.07-03.33.21:656][  0]LogInit: Presizing for 0 objects not considered by GC, pre-allocating 0 bytes.
[2015.12.07-03.33.21:662][  0]LogInit: Object subsystem initialized
[2015.12.07-03.33.21:664][  0]LogInit: Selected Device Profile: [Windows]
[2015.12.07-03.33.21:664][  0]LogInit: Applying CVar settings loaded from the selected device profile: [Windows]
[2015.12.07-03.33.21:674][  0]LogInit: Computer: DUNNHALL1-PC
[2015.12.07-03.33.21:674][  0]LogInit: User: tmrshall
[2015.12.07-03.33.21:674][  0]LogInit: CPU Page size=4096, Cores=4
[2015.12.07-03.33.21:674][  0]LogInit: High frequency timer resolution =3.312675 MHz
[2015.12.07-03.33.21:674][  0]LogMemory: Memory total: Physical=15.9GB (16GB approx)
[2015.12.07-03.33.21:674][  0]LogMemory: Platform Memory Stats for Windows
[2015.12.07-03.33.21:674][  0]LogMemory: Process Physical Memory: 56.68 MB used, 56.68 MB peak
[2015.12.07-03.33.21:674][  0]LogMemory: Process Virtual Memory: 57.62 MB used, 57.62 MB peak
[2015.12.07-03.33.21:674][  0]LogMemory: Physical Memory: 9359.84 MB used, 16292.07 MB total
[2015.12.07-03.33.21:674][  0]LogMemory: Virtual Memory: 350.51 MB used, 8388608.00 MB total
[2015.12.07-03.33.21:707][  0]LogTextLocalizationManager: No specific translations for ('en-US') exist, so ('en') translations will be used.
[2015.12.07-03.33.22:128][  0]LogD3D11RHI: Found D3D11 adapter 0: Intel(R) HD Graphics 4600 (Feature Level 11_0)
[2015.12.07-03.33.22:128][  0]LogD3D11RHI: Adapter has 192MB of dedicated video memory, 0MB of dedicated system memory, and 1632MB of shared system memory, 1 output[s]
[2015.12.07-03.33.22:136][  0]LogD3D11RHI: Found D3D11 adapter 1: AMD FirePro V4900 (FireGL V) Graphics Adapter (Feature Level 11_0)
[2015.12.07-03.33.22:136][  0]LogD3D11RHI: Adapter has 1003MB of dedicated video memory, 0MB of dedicated system memory, and 7890MB of shared system memory, 0 output[s]
[2015.12.07-03.33.22:136][  0]LogD3D11RHI: Chosen D3D11 Adapter Id = 0
[2015.12.07-03.33.22:142][  0]LogD3D11RHI: !Direct3DDevice
[2015.12.07-03.33.22:143][  0]LogRHI: Texture pool is 705 MB (70% of 1008 MB)
[2015.12.07-03.33.22:151][  0]LogD3D11RHI: Async texture creation enabled
[2015.12.07-03.33.22:158][  0]LogShaderCompilers: Guid format shader working directory is -24 characters bigger than the processId version (../../../../../../Users/tmrshall/Documents/Unreal Projects/MyProject 4.10/Intermediate/Shaders/WorkingDirectory/5508/).
[2015.12.07-03.33.22:158][  0]LogShaderCompilers: Cleaned the shader compiler working directory 'C:/Users/tmrshall/AppData/Local/Temp/UnrealShaderWorkingDir/4FFCCD1A4E7F2EC48FA87CB4AFF791C2/'.
[2015.12.07-03.33.22:158][  0]LogShaderCompilers:Display: Using Local Shader Compiler.
[2015.12.07-03.33.23:054][  0]LogTemp:Display: Loaded TP AllDesktopTargetPlatform
[2015.12.07-03.33.23:059][  0]LogTemp:Display: Loaded TP WindowsClientTargetPlatform
[2015.12.07-03.33.23:064][  0]LogTemp:Display: Loaded TP WindowsNoEditorTargetPlatform
[2015.12.07-03.33.23:068][  0]LogTemp:Display: Loaded TP WindowsServerTargetPlatform
[2015.12.07-03.33.23:072][  0]LogTemp:Display: Loaded TP WindowsTargetPlatform
[2015.12.07-03.33.23:074][  0]LogTemp:Display: Loaded TP AndroidTargetPlatform
[2015.12.07-03.33.23:077][  0]LogTemp:Display: Loaded TP Android_ASTCTargetPlatform
[2015.12.07-03.33.23:080][  0]LogTemp:Display: Loaded TP Android_ATCTargetPlatform
[2015.12.07-03.33.23:085][  0]LogTemp:Display: Loaded TP Android_DXTTargetPlatform
[2015.12.07-03.33.23:089][  0]LogTemp:Display: Loaded TP Android_ETC1TargetPlatform
[2015.12.07-03.33.23:093][  0]LogTemp:Display: Loaded TP Android_ETC2TargetPlatform
[2015.12.07-03.33.23:101][  0]LogTemp:Display: Loaded TP Android_MultiTargetPlatform
[2015.12.07-03.33.23:101][  0]LogTemp:Display: Loaded TP Android_PVRTCTargetPlatform
[2015.12.07-03.33.23:102][  0]LogTemp:Display: Loaded TP HTML5TargetPlatform
[2015.12.07-03.33.23:118][  0]LogTemp:Display: Loaded TP IOSTargetPlatform
[2015.12.07-03.33.23:122][  0]LogTemp:Display: Loaded TP LinuxNoEditorTargetPlatform
[2015.12.07-03.33.23:127][  0]LogTemp:Display: Loaded TP LinuxServerTargetPlatform
[2015.12.07-03.33.23:131][  0]LogTemp:Display: Loaded TP LinuxTargetPlatform
[2015.12.07-03.33.23:131][  0]LogTargetPlatformManager:Display: Building Assets For Windows
[2015.12.07-03.33.23:203][  0]LogDerivedDataCache:Display: Max Cache Size: 512 MB
[2015.12.07-03.33.23:269][  0]LogDerivedDataCache: Loaded boot cache 0.07s 41MB C:/Users/tmrshall/AppData/Local/UnrealEngine/4.10/DerivedDataCache/Boot.ddc.
[2015.12.07-03.33.23:269][  0]LogDerivedDataCache:Display: Loaded Boot cache: C:/Users/tmrshall/AppData/Local/UnrealEngine/4.10/DerivedDataCache/Boot.ddc
[2015.12.07-03.33.23:269][  0]LogDerivedDataCache: FDerivedDataBackendGraph:  Pak pak cache file ../../../../../../Users/tmrshall/Documents/Unreal Projects/MyProject 4.10/DerivedDataCache/DDC.ddp not found, will not use a pak cache.
[2015.12.07-03.33.23:269][  0]LogDerivedDataCache: Unable to find inner node Pak for hierarchical cache Hierarchy.
[2015.12.07-03.33.23:269][  0]LogDerivedDataCache: FDerivedDataBackendGraph:  CompressedPak pak cache file ../../../../../../Users/tmrshall/Documents/Unreal Projects/MyProject 4.10/DerivedDataCache/Compressed.ddp not found, will not use a pak cache.
[2015.12.07-03.33.23:269][  0]LogDerivedDataCache: Unable to find inner node CompressedPak for hierarchical cache Hierarchy.
[2015.12.07-03.33.23:330][  0]LogDerivedDataCache:Display: Pak cache opened for reading ../../../Engine/DerivedDataCache/Compressed.ddp.
[2015.12.07-03.33.23:342][  0]LogDerivedDataCache: Using Local data cache path C:/Users/tmrshall/AppData/Local/UnrealEngine/Common/DerivedDataCache: Writable
[2015.12.07-03.33.23:504][  0]LogInit: Selected Device Profile: [Windows]
[2015.12.07-03.33.23:505][  0]LogContentStreaming: Texture pool size is 0.000000MB
[2015.12.07-03.33.23:539][  0]LogMeshUtilities: No automatic mesh reduction module available
[2015.12.07-03.33.23:539][  0]LogMeshUtilities: No automatic mesh merging module available
[2015.12.07-03.33.23:959][  0]LogInit: WinSock: version 1.1 (2.2), MaxSocks=32767, MaxUdp=65467
[2015.12.07-03.33.24:705][  0]UdpMessaging: Initializing bridge on interface 0.0.0.0:0 to multicast group 230.0.0.1:6666.
[2015.12.07-03.33.24:800][  0]LogAssetRegistry: FAssetRegistry took 0.0106 seconds to start up
[2015.12.07-03.33.24:979][  0]SourceControl: Info Source control is disabled
[2015.12.07-03.33.24:980][  0]SourceControl: Info Source control is disabled
[2015.12.07-03.33.24:995][  0]SourceControl: Info Source control is disabled
[2015.12.07-03.33.25:015][  0]SourceControl: Info Source control is disabled
[2015.12.07-03.33.25:299][  0]LogObj: 28633 objects as part of root set at end of initial load.
[2015.12.07-03.33.25:299][  0]LogUObjectAllocator: 6099752 out of 0 bytes used by permanent object pool.
[2015.12.07-03.33.25:368][  0]LogEngine: Initializing Engine...
[2015.12.07-03.33.25:371][  0]LogHMD: Can't find Oculus library dev build: is proper Runtime installed? Version: 0.8.0.0
[2015.12.07-03.33.25:372][  0]LogHMD: SteamVR failed to initialize.  Err: 110
[2015.12.07-03.33.25:581][  0]LogAIModule: Creating AISystem for world NewWorld
[2015.12.07-03.33.25:588][  0]LogInit: XAudio2 using 'Speakers / Headphones (Realtek High Definition Audio)' : 2 channels at 48 kHz using 32 bits per sample (channel mask 0x3)
[2015.12.07-03.33.25:610][  0]LogInit: FAudioDevice initialized.
[2015.12.07-03.33.25:664][  0]LogDerivedDataCache: Saved boot cache 0.05s 41MB C:/Users/tmrshall/AppData/Local/UnrealEngine/4.10/DerivedDataCache/Boot.ddc.
[2015.12.07-03.33.25:677][  0]LogInit: Texture streaming: Enabled
[2015.12.07-03.33.25:688][  0]LogAnalytics: Creating configured Analytics provider AnalyticsET
[2015.12.07-03.33.25:688][  0]LogAnalytics: [UEEditor.Rocket.Release] APIServer = http://et2.epicgames.com/ET2/. AppVersion = 4.10.0-2758231+++depot+UE4-Releases+4.10
[2015.12.07-03.33.25:688][  0]LogAnalytics: [UEEditor.Rocket.Release] SetUserId 4bc207b84b28d984db97a78500ab30bb|ae88d476c6fb41c3b4949acfec8ef155|7c0e69f4-42c9-4cf8-ad59-f8b9d7656946
[2015.12.07-03.33.25:688][  0]LogAnalytics: [UEEditor.Rocket.Release] AnalyticsET::StartSession
[2015.12.07-03.33.25:739][  0]LogInit: Transaction tracking system initialized
[2015.12.07-03.33.25:793][  0]BlueprintLog: New page: Editor Load
[2015.12.07-03.33.25:948][  0]LocalizationService: Info Localization service is disabled
[2015.12.07-03.33.26:287][  0]LogConsoleResponse:Display: 
[2015.12.07-03.33.26:436][  0]LogCook:Display: Done creating registry. It took  0.00s.
[2015.12.07-03.33.26:486][  0]LogFileCache: Scanning file cache for directory 'C:/Users/tmrshall/Documents/Unreal Projects/MyProject 4.10/Content/' took 0.01s
[2015.12.07-03.33.26:486][  0]SourceControl: Info Source control is disabled
[2015.12.07-03.33.26:486][  0]Cmd: MAP LOAD FILE="../../../../../../Users/tmrshall/Documents/Unreal Projects/MyProject 4.10/Content/ThirdPersonBP/Maps/ThirdPersonExampleMap.umap" TEMPLATE=0 SHOWPROGRESS=1 FEATURELEVEL=3
[2015.12.07-03.33.26:487][  0]LightingResults: New page: Lighting Build
[2015.12.07-03.33.26:489][  0]MapCheck: New page: Map Check
[2015.12.07-03.33.26:490][  0]LightingResults: New page: Lighting Build
[2015.12.07-03.33.26:503][  0]LogParticles: Destroying 0 GPU particle simulations for FXSystem 0x00000000204DEAC0
[2015.12.07-03.33.27:472][  0]LogMaterial: Missing cached shader map for material NewMaterial, compiling. 
[2015.12.07-03.33.28:828][  0]LogTexture:Display: Building textures: download (BGRA8)
[2015.12.07-03.33.28:859][  0]LogMaterial: Missing cached shader map for material download_Mat, compiling. 
[2015.12.07-03.33.29:045][  0]LogTexture:Display: Building textures: 1 (BGRA8)
[2015.12.07-03.33.29:059][  0]LogMaterial: Missing cached shader map for material 1_Mat, compiling. 
[2015.12.07-03.33.29:207][  0]LogTexture:Display: Building textures: HQ_Lightmap0_2 (AutoDXT)
[2015.12.07-03.33.29:313][  0]LogTexture:Display: Building textures: HQ_Lightmap0_3 (AutoDXT)
[2015.12.07-03.33.29:444][  0]LogTexture:Display: Building textures: HQ_Lightmap0_4 (AutoDXT)
[2015.12.07-03.33.29:532][  0]LogTexture:Display: Building textures: HQ_Lightmap0_6 (AutoDXT)
[2015.12.07-03.33.30:039][  0]LogTexture:Display: Building textures: HQ_Lightmap1_1 (AutoDXT)
[2015.12.07-03.33.32:528][  0]LogTexture:Display: Building textures: HQ_Lightmap1_5 (AutoDXT)
[2015.12.07-03.33.32:582][  0]LogTexture:Display: Building textures: HQ_Lightmap1_7 (AutoDXT)
[2015.12.07-03.33.32:588][  0]LogTexture:Display: Building textures: LQ_Lightmap_0_2 (DXT1)
[2015.12.07-03.33.32:634][  0]LogTexture:Display: Building textures: LQ_Lightmap_0_3 (DXT1)
[2015.12.07-03.33.32:678][  0]LogTexture:Display: Building textures: LQ_Lightmap_0_4 (DXT1)
[2015.12.07-03.33.32:729][  0]LogTexture:Display: Building textures: LQ_Lightmap_0_6 (DXT1)
[2015.12.07-03.33.33:034][  0]LogTexture:Display: Building textures: LQ_Lightmap_1_1 (DXT1)
[2015.12.07-03.33.34:085][  0]LogTexture:Display: Building textures: LQ_Lightmap_1_5 (DXT1)
[2015.12.07-03.33.34:107][  0]LogTexture:Display: Building textures: LQ_Lightmap_1_7 (DXT1)
[2015.12.07-03.33.34:188][  0]LogTexture:Display: Building textures: SkyOcclusion1_1 (AutoDXT)
[2015.12.07-03.33.35:262][  0]LogTexture:Display: Building textures: SkyOcclusion1_2 (AutoDXT)
[2015.12.07-03.33.35:307][  0]LogTexture:Display: Building textures: SkyOcclusion1_3 (AutoDXT)
[2015.12.07-03.33.35:340][  0]LogTexture:Display: Building textures: SkyOcclusion1_4 (AutoDXT)
[2015.12.07-03.33.35:387][  0]LogTexture:Display: Building textures: SkyOcclusion1_5 (AutoDXT)
[2015.12.07-03.33.35:423][  0]LogTexture:Display: Building textures: SkyOcclusion1_6 (AutoDXT)
[2015.12.07-03.33.35:514][  0]LogTexture:Display: Building textures: SkyOcclusion1_7 (AutoDXT)
[2015.12.07-03.33.35:625][  0]LogTexture:Display: Building textures: ShadowMapTexture2D_0 (BGRA8)
[2015.12.07-03.33.36:161][  0]LogTexture:Display: Building textures: ShadowMapTexture2D_1 (BGRA8)
[2015.12.07-03.33.36:168][  0]LogTexture:Display: Building textures: ShadowMapTexture2D_2 (BGRA8)
[2015.12.07-03.33.36:175][  0]LogTexture:Display: Building textures: ShadowMapTexture2D_3 (BGRA8)
[2015.12.07-03.33.36:183][  0]LogTexture:Display: Building textures: ShadowMapTexture2D_4 (BGRA8)
[2015.12.07-03.33.36:189][  0]LogTexture:Display: Building textures: ShadowMapTexture2D_5 (BGRA8)
[2015.12.07-03.33.36:195][  0]LogTexture:Display: Building textures: ShadowMapTexture2D_6 (BGRA8)
[2015.12.07-03.33.36:233][  0]LogAIModule: Creating AISystem for world ThirdPersonExampleMap
[2015.12.07-03.33.36:237][  0]LogMaterial:Warning: Material /Engine/Functions/Engine_MaterialFunctions02/ExampleContent/FlowMaps.FlowMaps needed to have new flag set bUsedWithStaticLighting !
[2015.12.07-03.33.36:295][  0]LogMaterial: Missing cached shader map for material FlowMaps, compiling. 
[2015.12.07-03.33.36:384][  0]MapCheck:Warning: Warning FlowMaps Material /Engine/Functions/Engine_MaterialFunctions02/ExampleContent/FlowMaps.FlowMaps was missing the usage flag bUsedWithStaticLighting. If the material asset is not re-saved, it may not render correctly when run outside the editor. Fix
[2015.12.07-03.33.36:396][  0]LogMaterial: 0.012462 seconds spent updating 1 materials, 1 interfaces, 0 instances, 0 with static permutations.
[2015.12.07-03.33.36:406][  0]LogEditorServer: Finished looking for orphan Actors (0.000 secs)
[2015.12.07-03.33.36:416][  0]Cmd: MAP CHECKDEP NOCLEARLOG
[2015.12.07-03.33.36:523][  0]MapCheck:Warning: Warning ThirdPersonAnimBlueprint_C_0 ThirdPersonAnimBlueprint_C /Game/ThirdPersonBP/Maps/ThirdPersonExampleMap.ThirdPersonExampleMap:PersistentLevel.ThirdPersonCharacter.CharacterMesh0.ThirdPersonAnimBlueprint_C_0 : Externally referenced 
[2015.12.07-03.33.36:523][  0]MapCheck:Warning: Warning ThirdPersonAnimBlueprint_C_0 ThirdPersonAnimBlueprint_C /Game/ThirdPersonBP/Maps/ThirdPersonExampleMap.ThirdPersonExampleMap:PersistentLevel.ThirdPersonCharacter.CharacterMesh0.ThirdPersonAnimBlueprint_C_0 : Externally referenced 
[2015.12.07-03.33.36:523][  0]MapCheck:Warning: Warning ThirdPersonAnimBlueprint_C_0 ThirdPersonAnimBlueprint_C /Game/ThirdPersonBP/Maps/ThirdPersonExampleMap.ThirdPersonExampleMap:PersistentLevel.ThirdPersonCharacter.CharacterMesh0.ThirdPersonAnimBlueprint_C_0 : Externally referenced 
[2015.12.07-03.33.36:523][  0]MapCheck:Warning: Warning ThirdPersonAnimBlueprint_C_0 ThirdPersonAnimBlueprint_C /Game/ThirdPersonBP/Maps/ThirdPersonExampleMap.ThirdPersonExampleMap:PersistentLevel.ThirdPersonCharacter.CharacterMesh0.ThirdPersonAnimBlueprint_C_0 : Externally referenced 
[2015.12.07-03.33.36:523][  0]MapCheck:Warning: Warning ThirdPersonAnimBlueprint_C_0 ThirdPersonAnimBlueprint_C /Game/ThirdPersonBP/Maps/ThirdPersonExampleMap.ThirdPersonExampleMap:PersistentLevel.ThirdPersonCharacter.CharacterMesh0.ThirdPersonAnimBlueprint_C_0 : Externally referenced 
[2015.12.07-03.33.36:523][  0]MapCheck:Warning: Warning CharacterMesh0 SkeletalMeshComponent /Game/ThirdPersonBP/Maps/ThirdPersonExampleMap.ThirdPersonExampleMap:PersistentLevel.ThirdPersonCharacter.CharacterMesh0 : Externally referenced 
[2015.12.07-03.33.36:523][  0]MapCheck:Warning: Warning Cube StaticMeshComponent /Game/ThirdPersonBP/Maps/ThirdPersonExampleMap.ThirdPersonExampleMap:PersistentLevel.Door_C_0.Cube : Externally referenced 
[2015.12.07-03.33.36:523][  0]MapCheck:Warning: Warning Cube1 StaticMeshComponent /Game/ThirdPersonBP/Maps/ThirdPersonExampleMap.ThirdPersonExampleMap:PersistentLevel.NewBlueprint_C_1.Cube1 : Externally referenced 
[2015.12.07-03.33.36:523][  0]MapCheck:Warning: Warning Cube1 StaticMeshComponent /Game/ThirdPersonBP/Maps/ThirdPersonExampleMap.ThirdPersonExampleMap:PersistentLevel.NewBlueprint_C_3.Cube1 : Externally referenced 
[2015.12.07-03.33.36:524][  0]MapCheck:Warning: Warning Cube1 StaticMeshComponent /Game/ThirdPersonBP/Maps/ThirdPersonExampleMap.ThirdPersonExampleMap:PersistentLevel.test1_574.Cube1 : Externally referenced 
[2015.12.07-03.33.36:524][  0]MapCheck:Warning: Warning Cube StaticMeshComponent /Game/ThirdPersonBP/Maps/ThirdPersonExampleMap.ThirdPersonExampleMap:PersistentLevel.NewBlueprint_C_1.Cube : Externally referenced 
[2015.12.07-03.33.36:524][  0]MapCheck:Warning: Warning StaticMeshComponent0 StaticMeshComponent /Game/ThirdPersonBP/Maps/ThirdPersonExampleMap.ThirdPersonExampleMap:PersistentLevel.Floor_2.StaticMeshComponent0 : Externally referenced 
[2015.12.07-03.33.36:524][  0]MapCheck:Warning: Warning StaticMeshComponent0 StaticMeshComponent /Game/ThirdPersonBP/Maps/ThirdPersonExampleMap.ThirdPersonExampleMap:PersistentLevel.Wall1.StaticMeshComponent0 : Externally referenced 
[2015.12.07-03.33.36:524][  0]MapCheck:Warning: Warning StaticMeshComponent0 StaticMeshComponent /Game/ThirdPersonBP/Maps/ThirdPersonExampleMap.ThirdPersonExampleMap:PersistentLevel.Wall2.StaticMeshComponent0 : Externally referenced 
[2015.12.07-03.33.36:524][  0]MapCheck:Warning: Warning StaticMeshComponent0 StaticMeshComponent /Game/ThirdPersonBP/Maps/ThirdPersonExampleMap.ThirdPersonExampleMap:PersistentLevel.Wall3.StaticMeshComponent0 : Externally referenced 
[2015.12.07-03.33.36:524][  0]MapCheck:Warning: Warning StaticMeshComponent0 StaticMeshComponent /Game/ThirdPersonBP/Maps/ThirdPersonExampleMap.ThirdPersonExampleMap:PersistentLevel.Wall4.StaticMeshComponent0 : Externally referenced 
[2015.12.07-03.33.36:524][  0]MapCheck:Warning: Warning Cube StaticMeshComponent /Game/ThirdPersonBP/Maps/ThirdPersonExampleMap.ThirdPersonExampleMap:PersistentLevel.open1.Cube : Externally referenced 
[2015.12.07-03.33.36:524][  0]MapCheck:Warning: Warning Cylinder StaticMeshComponent /Game/ThirdPersonBP/Maps/ThirdPersonExampleMap.ThirdPersonExampleMap:PersistentLevel.Jumpad_199.Cylinder : Externally referenced 
[2015.12.07-03.33.36:524][  0]MapCheck:Warning: Warning Cube1 StaticMeshComponent /Game/ThirdPersonBP/Maps/ThirdPersonExampleMap.ThirdPersonExampleMap:PersistentLevel.NewBlueprint3_C_0.Cube1 : Externally referenced 
[2015.12.07-03.33.36:524][  0]MapCheck:Warning: Warning Cube1 StaticMeshComponent /Game/ThirdPersonBP/Maps/ThirdPersonExampleMap.ThirdPersonExampleMap:PersistentLevel.test2_2.Cube1 : Externally referenced 
[2015.12.07-03.33.36:524][  0]MapCheck:Warning: Warning StaticMeshComponent0 StaticMeshComponent /Game/ThirdPersonBP/Maps/ThirdPersonExampleMap.ThirdPersonExampleMap:PersistentLevel.Bump_StaticMesh.StaticMeshComponent0 : Externally referenced 
[2015.12.07-03.33.36:524][  0]MapCheck:Warning: Warning StaticMeshComponent0 StaticMeshComponent /Game/ThirdPersonBP/Maps/ThirdPersonExampleMap.ThirdPersonExampleMap:PersistentLevel.LeftArm_StaticMesh.StaticMeshComponent0 : Externally referenced 
[2015.12.07-03.33.36:525][  0]MapCheck:Warning: Warning StaticMeshComponent0 StaticMeshComponent /Game/ThirdPersonBP/Maps/ThirdPersonExampleMap.ThirdPersonExampleMap:PersistentLevel.Ramp_StaticMesh.StaticMeshComponent0 : Externally referenced 
[2015.12.07-03.33.36:525][  0]MapCheck:Warning: Warning StaticMeshComponent0 StaticMeshComponent /Game/ThirdPersonBP/Maps/ThirdPersonExampleMap.ThirdPersonExampleMap:PersistentLevel.RightArm_StaticMesh.StaticMeshComponent0 : Externally referenced 
[2015.12.07-03.33.36:525][  0]MapCheck:Warning: Warning StaticMeshComponent0 StaticMeshComponent /Game/ThirdPersonBP/Maps/ThirdPersonExampleMap.ThirdPersonExampleMap:PersistentLevel.Bump_StaticMesh.StaticMeshComponent0 : Externally referenced 
[2015.12.07-03.33.36:525][  0]MapCheck:Warning: Warning StaticMeshComponent0 StaticMeshComponent /Game/ThirdPersonBP/Maps/ThirdPersonExampleMap.ThirdPersonExampleMap:PersistentLevel.CubeMesh_5.StaticMeshComponent0 : Externally referenced 
[2015.12.07-03.33.36:525][  0]MapCheck:Warning: Warning StaticMeshComponent0 StaticMeshComponent /Game/ThirdPersonBP/Maps/ThirdPersonExampleMap.ThirdPersonExampleMap:PersistentLevel.Floor_2.StaticMeshComponent0 : Externally referenced 
[2015.12.07-03.33.36:525][  0]MapCheck:Warning: Warning StaticMeshComponent0 StaticMeshComponent /Game/ThirdPersonBP/Maps/ThirdPersonExampleMap.ThirdPersonExampleMap:PersistentLevel.Wall1.StaticMeshComponent0 : Externally referenced 
[2015.12.07-03.33.36:525][  0]MapCheck:Warning: Warning StaticMeshComponent0 StaticMeshComponent /Game/ThirdPersonBP/Maps/ThirdPersonExampleMap.ThirdPersonExampleMap:PersistentLevel.Wall2.StaticMeshComponent0 : Externally referenced 
[2015.12.07-03.33.36:525][  0]MapCheck:Warning: Warning StaticMeshComponent0 StaticMeshComponent /Game/ThirdPersonBP/Maps/ThirdPersonExampleMap.ThirdPersonExampleMap:PersistentLevel.Wall3.StaticMeshComponent0 : Externally referenced 
[2015.12.07-03.33.36:525][  0]MapCheck:Warning: Warning StaticMeshComponent0 StaticMeshComponent /Game/ThirdPersonBP/Maps/ThirdPersonExampleMap.ThirdPersonExampleMap:PersistentLevel.Wall4.StaticMeshComponent0 : Externally referenced 
[2015.12.07-03.33.36:525][  0]MapCheck:Warning: Warning StaticMeshComponent0 StaticMeshComponent /Game/ThirdPersonBP/Maps/ThirdPersonExampleMap.ThirdPersonExampleMap:PersistentLevel.LeftArm_StaticMesh.StaticMeshComponent0 : Externally referenced 
[2015.12.07-03.33.36:525][  0]MapCheck:Warning: Warning StaticMeshComponent0 StaticMeshComponent /Game/ThirdPersonBP/Maps/ThirdPersonExampleMap.ThirdPersonExampleMap:PersistentLevel.Linear_Stair_StaticMesh.StaticMeshComponent0 : Externally referenced 
[2015.12.07-03.33.36:525][  0]MapCheck:Warning: Warning StaticMeshComponent0 StaticMeshComponent /Game/ThirdPersonBP/Maps/ThirdPersonExampleMap.ThirdPersonExampleMap:PersistentLevel.Ramp_StaticMesh.StaticMeshComponent0 : Externally referenced 
[2015.12.07-03.33.36:525][  0]MapCheck:Warning: Warning StaticMeshComponent0 StaticMeshComponent /Game/ThirdPersonBP/Maps/ThirdPersonExampleMap.ThirdPersonExampleMap:PersistentLevel.RightArm_StaticMesh.StaticMeshComponent0 : Externally referenced 
[2015.12.07-03.33.36:525][  0]MapCheck: Info Map check complete: 0 Error(s), 36 Warning(s), took 109.147ms to complete.
[2015.12.07-03.33.36:533][  0]LogFileHelpers: Loading map 'ThirdPersonExampleMap' took 10.046
[2015.12.07-03.33.36:681][  0]LogCollectionManager: Loaded 0 collections in 0.002553 seconds
[2015.12.07-03.33.36:735][  0]LogFileCache: Scanning file cache for directory 'C:/Users/tmrshall/Documents/Unreal Projects/MyProject 4.10/Saved/Collections/' took 0.01s
[2015.12.07-03.33.36:735][  0]LogFileCache: Scanning file cache for directory 'C:/Users/tmrshall/Documents/Unreal Projects/MyProject 4.10/Content/Developers/tmrshall/Collections/' took 0.01s
[2015.12.07-03.33.36:735][  0]LogFileCache: Scanning file cache for directory 'C:/Users/tmrshall/Documents/Unreal Projects/MyProject 4.10/Content/Collections/' took 0.01s
[2015.12.07-03.33.36:735][  0]LogCollectionManager: Rebuilt the GUID cache for 0 collections in 0.000002 seconds
[2015.12.07-03.33.36:746][  0]LogContentBrowser: Native class hierarchy populated in 0.0106 seconds. Added 1893 classes and 338 folders.
[2015.12.07-03.33.36:755][  0]LogContentBrowser: Native class hierarchy updated for 'WidgetCarousel' in 0.0004 seconds. Added 0 classes and 0 folders.
[2015.12.07-03.33.36:805][  0]LogContentBrowser: Native class hierarchy updated for 'AddContentDialog' in 0.0005 seconds. Added 0 classes and 0 folders.
[2015.12.07-03.33.36:810][  0]LogContentBrowser: Native class hierarchy updated for 'SceneOutliner' in 0.0004 seconds. Added 1 classes and 2 folders.
[2015.12.07-03.33.36:883][  0]LogCrashTracker: Crashtracker disabled due to settings.
[2015.12.07-03.33.36:886][  0]LogUObjectGlobals:Warning: Failed to find object 'Class None.'
[2015.12.07-03.33.36:942][  0]LogLoad: Full Startup: 15.70 seconds (BP compile: 0.21 seconds)
[2015.12.07-03.33.37:284][  0]LogOcInput: Can't find Oculus library dev build: is proper Runtime installed? Version: 0.8.0.0
[2015.12.07-03.33.37:382][  0]LogContentStreaming: Texture pool size now 400 MB
[2015.12.07-03.33.37:761][  0]LogRenderer: Reallocating scene render targets to support 700x552 (Frame:2).
[2015.12.07-03.33.55:877][ 52]LogAssetRegistry: Asset discovery search completed in 31.0876 seconds
[2015.12.07-03.33.55:877][ 52]LogCollectionManager: Rebuilt the object cache for 0 collections in 0.000001 seconds (found 0 objects)
[2015.12.07-03.33.55:877][ 52]LogCollectionManager: Fixed up redirectors for 0 collections in 0.000017 seconds (updated 0 objects)
[2015.12.07-03.35.42:225][505]LogActorComponent: UnregisterComponent: (/Engine/Transient.CharMoveComp) Not registered. Aborting.
[2015.12.07-03.35.42:524][506]Cmd: QUIT_EDITOR
[2015.12.07-03.35.42:649][506]LogExit: Preparing to exit.
[2015.12.07-03.35.42:815][506]LogExit: Editor shut down
[2015.12.07-03.35.42:815][506]LogExit: Transaction tracking system shut down
[2015.12.07-03.35.42:817][506]LogParticles: Destroying 0 GPU particle simulations for FXSystem 0x00000000252672E0
[2015.12.07-03.35.42:817][506]LogParticles: Destroying 0 GPU particle simulations for FXSystem 0x000000001FD2F920
[2015.12.07-03.35.42:817][506]LogParticles: Destroying 0 GPU particle simulations for FXSystem 0x000000001FCA4360
[2015.12.07-03.35.42:817][506]LogParticles: Destroying 0 GPU particle simulations for FXSystem 0x0000000023414720
[2015.12.07-03.35.42:818][506]LogParticles: Destroying 0 GPU particle simulations for FXSystem 0x00000000234145E0
[2015.12.07-03.35.42:961][506]LogExit: Object subsystem successfully closed.
[2015.12.07-03.35.42:975][506]LogD3D11RHI: Shutdown
[2015.12.07-03.35.42:975][506]LogD3D11RHI: CleanupD3DDevice
[2015.12.07-03.35.43:033][506]LogD3D11RHI: ~FD3D11DynamicRHI
[2015.12.07-03.35.43:045][506]LogModuleManager: Shutting down and abandoning module CrashTracker (198)
[2015.12.07-03.35.43:045][506]LogModuleManager: Shutting down and abandoning module SceneOutliner (197)
[2015.12.07-03.35.43:045][506]LogModuleManager: Shutting down and abandoning module SuperSearch (196)
[2015.12.07-03.35.43:045][506]LogModuleManager: Shutting down and abandoning module WidgetCarousel (195)
[2015.12.07-03.35.43:045][506]LogModuleManager: Shutting down and abandoning module AddContentDialog (194)
[2015.12.07-03.35.43:046][506]LogModuleManager: Shutting down and abandoning module EditorWidgets (193)
[2015.12.07-03.35.43:046][506]LogModuleManager: Shutting down and abandoning module CollectionManager (192)
[2015.12.07-03.35.43:046][506]LogModuleManager: Shutting down and abandoning module StatsViewer (191)
[2015.12.07-03.35.43:046][506]LogModuleManager: Shutting down and abandoning module FoliageEdit (190)
[2015.12.07-03.35.43:046][506]LogModuleManager: Shutting down and abandoning module LandscapeEditor (189)
[2015.12.07-03.35.43:046][506]LogModuleManager: Shutting down and abandoning module ActorPickerMode (188)
[2015.12.07-03.35.43:046][506]LogModuleManager: Shutting down and abandoning module GeometryMode (187)
[2015.12.07-03.35.43:046][506]LogModuleManager: Shutting down and abandoning module TextureAlignMode (186)
[2015.12.07-03.35.43:046][506]LogModuleManager: Shutting down and abandoning module BspMode (185)
[2015.12.07-03.35.43:046][506]LogModuleManager: Shutting down and abandoning module PlacementMode (184)
[2015.12.07-03.35.43:046][506]LogModuleManager: Shutting down and abandoning module AutomationWorker (183)
[2015.12.07-03.35.43:046][506]LogModuleManager: Shutting down and abandoning module CharacterAI (182)
[2015.12.07-03.35.43:046][506]LogModuleManager: Shutting down and abandoning module SmartSnapping (181)
[2015.12.07-03.35.43:046][506]LogModuleManager: Shutting down and abandoning module ViewportSnapping (180)
[2015.12.07-03.35.43:046][506]LogModuleManager: Shutting down and abandoning module LogVisualizer (179)
[2015.12.07-03.35.43:046][506]LogModuleManager: Shutting down and abandoning module GameProjectGeneration (178)
[2015.12.07-03.35.43:047][506]LogModuleManager: Shutting down and abandoning module IntroTutorials (177)
[2015.12.07-03.35.43:047][506]LogModuleManager: Shutting down and abandoning module EditorLiveStreaming (176)
[2015.12.07-03.35.43:047][506]LogModuleManager: Shutting down and abandoning module IOSPlatformEditor (175)
[2015.12.07-03.35.43:047][506]LogModuleManager: Shutting down and abandoning module HTML5PlatformEditor (174)
[2015.12.07-03.35.43:047][506]LogModuleManager: Shutting down and abandoning module AndroidDeviceDetection (173)
[2015.12.07-03.35.43:107][506]LogModuleManager: Shutting down and abandoning module AndroidPlatformEditor (172)
[2015.12.07-03.35.43:107][506]LogModuleManager: Shutting down and abandoning module IOSRuntimeSettings (171)
[2015.12.07-03.35.43:107][506]LogModuleManager: Shutting down and abandoning module AndroidRuntimeSettings (170)
[2015.12.07-03.35.43:107][506]LogModuleManager: Shutting down and abandoning module MergeActors (169)
[2015.12.07-03.35.43:107][506]LogModuleManager: Shutting down and abandoning module SizeMap (168)
[2015.12.07-03.35.43:107][506]LogModuleManager: Shutting down and abandoning module TreeMap (167)
[2015.12.07-03.35.43:107][506]LogModuleManager: Shutting down and abandoning module ReferenceViewer (166)
[2015.12.07-03.35.43:107][506]LogModuleManager: Shutting down and abandoning module LocalizationService (165)
[2015.12.07-03.35.43:107][506]LogModuleManager: Shutting down and abandoning module LocalizationDashboard (164)
[2015.12.07-03.35.43:107][506]LogModuleManager: Shutting down and abandoning module HardwareTargeting (163)
[2015.12.07-03.35.43:107][506]LogModuleManager: Shutting down and abandoning module DeviceProfileEditor (162)
[2015.12.07-03.35.43:107][506]LogModuleManager: Shutting down and abandoning module UndoHistory (161)
[2015.12.07-03.35.43:107][506]LogModuleManager: Shutting down and abandoning module GameplayTagsEditor (160)
[2015.12.07-03.35.43:107][506]LogModuleManager: Shutting down and abandoning module UserFeedback (159)
[2015.12.07-03.35.43:107][506]LogModuleManager: Shutting down and abandoning module XmlParser (158)
[2015.12.07-03.35.43:107][506]LogModuleManager: Shutting down and abandoning module Blutility (157)
[2015.12.07-03.35.43:107][506]LogModuleManager: Shutting down and abandoning module ProjectTargetPlatformEditor (156)
[2015.12.07-03.35.43:107][506]LogModuleManager: Shutting down and abandoning module ProjectSettingsViewer (155)
[2015.12.07-03.35.43:107][506]LogModuleManager: Shutting down and abandoning module InputBindingEditor (154)
[2015.12.07-03.35.43:107][506]LogModuleManager: Shutting down and abandoning module EditorSettingsViewer (153)
[2015.12.07-03.35.43:107][506]LogModuleManager: Shutting down and abandoning module SettingsEditor (152)
[2015.12.07-03.35.43:107][506]LogModuleManager: Shutting down and abandoning module ProjectLauncher (151)
[2015.12.07-03.35.43:107][506]LogModuleManager: Shutting down and abandoning module SessionFrontend (150)
[2015.12.07-03.35.43:107][506]LogModuleManager: Shutting down and abandoning module ProfilerClient (149)
[2015.12.07-03.35.43:107][506]LogModuleManager: Shutting down and abandoning module TargetDeviceServices (148)
[2015.12.07-03.35.43:107][506]LogModuleManager: Shutting down and abandoning module DeviceManager (147)
[2015.12.07-03.35.43:107][506]LogModuleManager: Shutting down and abandoning module AutomationController (146)
[2015.12.07-03.35.43:108][506]LogModuleManager: Shutting down and abandoning module AutomationWindow (145)
[2015.12.07-03.35.43:108][506]LogModuleManager: Shutting down and abandoning module Layers (144)
[2015.12.07-03.35.43:108][506]LogModuleManager: Shutting down and abandoning module ComponentVisualizers (143)
[2015.12.07-03.35.43:108][506]LogModuleManager: Shutting down and abandoning module DetailCustomizations (142)
[2015.12.07-03.35.43:108][506]LogModuleManager: Shutting down and abandoning module PackagesDialog (141)
[2015.12.07-03.35.43:108][506]LogModuleManager: Shutting down and abandoning module Persona (140)
[2015.12.07-03.35.43:108][506]LogModuleManager: Shutting down and abandoning module Kismet (139)
[2015.12.07-03.35.43:108][506]LogModuleManager: Shutting down and abandoning module GraphEditor (138)
[2015.12.07-03.35.43:108][506]LogModuleManager: Shutting down and abandoning module ClassViewer (137)
[2015.12.07-03.35.43:108][506]LogModuleManager: Shutting down and abandoning module Toolbox (136)
[2015.12.07-03.35.43:108][506]LogModuleManager: Shutting down and abandoning module ModuleUI (135)
[2015.12.07-03.35.43:108][506]LogModuleManager: Shutting down and abandoning module MovieSceneTools (134)
[2015.12.07-03.35.43:108][506]LogModuleManager: Shutting down and abandoning module OutputLog (133)
[2015.12.07-03.35.43:108][506]LogModuleManager: Shutting down and abandoning module GammaUI (132)
[2015.12.07-03.35.43:108][506]LogModuleManager: Shutting down and abandoning module Documentation (131)
[2015.12.07-03.35.43:108][506]LogModuleManager: Shutting down and abandoning module GameLiveStreaming (130)
[2015.12.07-03.35.43:108][506]LogModuleManager: Shutting down and abandoning module StreamingPauseRendering (129)
[2015.12.07-03.35.43:108][506]LogModuleManager: Shutting down and abandoning module AnalyticsET (128)
[2015.12.07-03.35.43:108][506]LogModuleManager: Shutting down and abandoning module Analytics (127)
[2015.12.07-03.35.43:108][506]LogModuleManager: Shutting down and abandoning module AITestSuite (126)
[2015.12.07-03.35.43:108][506]LogModuleManager: Shutting down and abandoning module GameplayDebugger (125)
[2015.12.07-03.35.43:108][506]LogModuleManager: Shutting down and abandoning module AIModule (124)
[2015.12.07-03.35.43:108][506]LogModuleManager: Shutting down and abandoning module ProfilerService (123)
[2015.12.07-03.35.43:324][506]LogModuleManager: Shutting down and abandoning module TaskGraph (122)
[2015.12.07-03.35.43:324][506]LogModuleManager: Shutting down and abandoning module SlateRemote (121)
[2015.12.07-03.35.43:324][506]LogModuleManager: Shutting down and abandoning module SteamVRController (120)
[2015.12.07-03.35.43:324][506]LogModuleManager: Shutting down and abandoning module SteamVR (119)
[2015.12.07-03.35.43:324][506]LogModuleManager: Shutting down and abandoning module ProceduralMeshComponent (118)
[2015.12.07-03.35.43:324][506]LogModuleManager: Shutting down and abandoning module OculusLibrary (117)
[2015.12.07-03.35.43:324][506]LogModuleManager: Shutting down and abandoning module OculusInput (116)
[2015.12.07-03.35.43:324][506]LogModuleManager: Shutting down and abandoning module LeapMotionController (115)
[2015.12.07-03.35.43:331][506]LogModuleManager: Shutting down and abandoning module CustomMeshComponent (114)
[2015.12.07-03.35.43:331][506]LogModuleManager: Shutting down and abandoning module CableComponent (113)
[2015.12.07-03.35.43:331][506]LogModuleManager: Shutting down and abandoning module ArchVisCharacter (112)
[2015.12.07-03.35.43:331][506]LogModuleManager: Shutting down and abandoning module MessagingDebugger (111)
[2015.12.07-03.35.43:331][506]LogModuleManager: Shutting down and abandoning module MediaPlayerEditor (110)
[2015.12.07-03.35.43:331][506]LogModuleManager: Shutting down and abandoning module HTML5Networking (109)
[2015.12.07-03.35.43:331][506]LogModuleManager: Shutting down and abandoning module SpeedTreeImporter (108)
[2015.12.07-03.35.43:331][506]LogModuleManager: Shutting down and abandoning module PluginBrowser (107)
[2015.12.07-03.35.43:331][506]LogModuleManager: Shutting down and abandoning module EpicSurvey (106)
[2015.12.07-03.35.43:331][506]LogModuleManager: Shutting down and abandoning module DesktopPlatform (105)
[2015.12.07-03.35.43:331][506]LogModuleManager: Shutting down and abandoning module VisualStudioSourceCodeAccess (104)
[2015.12.07-03.35.43:331][506]LogModuleManager: Shutting down and abandoning module UObjectPlugin (103)
[2015.12.07-03.35.43:331][506]LogModuleManager: Shutting down and abandoning module SubversionSourceControl (102)
[2015.12.07-03.35.43:331][506]LogModuleManager: Shutting down and abandoning module PerforceSourceControl (101)
[2015.12.07-03.35.43:331][506]LogModuleManager: Shutting down and abandoning module SourceControl (100)
[2015.12.07-03.35.43:331][506]LogModuleManager: Shutting down and abandoning module GitSourceControl (99)
[2015.12.07-03.35.43:331][506]LogModuleManager: Shutting down and abandoning module LightPropagationVolumeEditor (98)
[2015.12.07-03.35.43:331][506]LogModuleManager: Shutting down and abandoning module PaperTiledImporter (97)
[2015.12.07-03.35.43:331][506]LogModuleManager: Shutting down and abandoning module PaperSpriteSheetImporter (96)
[2015.12.07-03.35.43:331][506]LogModuleManager: Shutting down and abandoning module MeshPaint (95)
[2015.12.07-03.35.43:331][506]LogModuleManager: Shutting down and abandoning module SlateReflector (94)
[2015.12.07-03.35.43:331][506]LogModuleManager: Shutting down and abandoning module HotReload (93)
[2015.12.07-03.35.43:331][506]LogModuleManager: Shutting down and abandoning module MainFrame (92)
[2015.12.07-03.35.43:331][506]LogModuleManager: Shutting down and abandoning module LevelEditor (91)
[2015.12.07-03.35.43:332][506]LogModuleManager: Shutting down and abandoning module DirectoryWatcher (90)
[2015.12.07-03.35.43:333][506]LogModuleManager: Shutting down and abandoning module AssetRegistry (89)
[2015.12.07-03.35.43:375][506]LogModuleManager: Shutting down and abandoning module ContentBrowser (88)
[2015.12.07-03.35.43:376][506]LogModuleManager: Shutting down and abandoning module Paper2DEditor (87)
[2015.12.07-03.35.43:376][506]LogModuleManager: Shutting down and abandoning module UdpMessaging (86)
[2015.12.07-03.35.43:476][506]LogModuleManager: Shutting down and abandoning module LightPropagationVolumeRuntime (85)
[2015.12.07-03.35.43:476][506]LogModuleManager: Shutting down and abandoning module Paper2D (84)
[2015.12.07-03.35.43:476][506]LogModuleManager: Shutting down and abandoning module WindowsMoviePlayer (83)
[2015.12.07-03.35.43:479][506]LogModuleManager: Shutting down and abandoning module Media (82)
[2015.12.07-03.35.43:479][506]LogModuleManager: Shutting down and abandoning module WmfMedia (81)
[2015.12.07-03.35.43:479][506]LogModuleManager: Shutting down and abandoning module OnlineBlueprintSupport (80)
[2015.12.07-03.35.43:479][506]LogModuleManager: Shutting down and abandoning module GameplayTasksEditor (79)
[2015.12.07-03.35.43:479][506]LogModuleManager: Shutting down and abandoning module PropertyEditor (78)
[2015.12.07-03.35.43:479][506]LogModuleManager: Shutting down and abandoning module BehaviorTreeEditor (77)
[2015.12.07-03.35.43:479][506]LogModuleManager: Shutting down and abandoning module FunctionalTesting (76)
[2015.12.07-03.35.43:479][506]LogModuleManager: Shutting down and abandoning module CollisionAnalyzer (75)
[2015.12.07-03.35.43:479][506]LogModuleManager: Shutting down and abandoning module WorkspaceMenuStructure (74)
[2015.12.07-03.35.43:479][506]LogModuleManager: Shutting down and abandoning module MessageLog (73)
[2015.12.07-03.35.43:479][506]LogModuleManager: Shutting down and abandoning module Sequencer (72)
[2015.12.07-03.35.43:480][506]LogModuleManager: Shutting down and abandoning module AssetTools (71)
[2015.12.07-03.35.43:480][506]LogModuleManager: Shutting down and abandoning module UMGEditor (70)
[2015.12.07-03.35.43:480][506]LogModuleManager: Shutting down and abandoning module UMG (69)
[2015.12.07-03.35.43:480][506]LogModuleManager: Shutting down and abandoning module Slate (68)
[2015.12.07-03.35.43:480][506]LogModuleManager: Shutting down and abandoning module EditorStyle (67)
[2015.12.07-03.35.43:482][506]LogModuleManager: Shutting down and abandoning module SessionServices (66)
[2015.12.07-03.35.43:482][506]LogModuleManager: Shutting down and abandoning module SourceCodeAccess (65)
[2015.12.07-03.35.43:482][506]LogModuleManager: Shutting down and abandoning module HeadMountedDisplay (64)
[2015.12.07-03.35.43:482][506]LogModuleManager: Shutting down and abandoning module XAudio2 (63)
[2015.12.07-03.35.43:482][506]LogModuleManager: Shutting down and abandoning module Networking (61)
[2015.12.07-03.35.43:482][506]LogModuleManager: Shutting down and abandoning module Core (60)
[2015.12.07-03.35.43:482][506]LogModuleManager: Shutting down and abandoning module KismetCompiler (59)
[2015.12.07-03.35.43:482][506]LogModuleManager: Shutting down and abandoning module PhysXFormats (58)
[2015.12.07-03.35.43:482][506]LogModuleManager: Shutting down and abandoning module MeshUtilities (57)
[2015.12.07-03.35.43:482][506]LogModuleManager: Shutting down and abandoning module DerivedDataCache (56)
[2015.12.07-03.35.43:488][506]LogDerivedDataCache: Shutdown
[2015.12.07-03.35.43:488][506]LogModuleManager: Shutting down and abandoning module ShaderFormatOpenGL (55)
[2015.12.07-03.35.43:488][506]LogModuleManager: Shutting down and abandoning module ShaderFormatD3D (54)
[2015.12.07-03.35.43:488][506]LogModuleManager: Shutting down and abandoning module MetalShaderFormat (53)
[2015.12.07-03.35.43:488][506]LogModuleManager: Shutting down and abandoning module TextureFormatUncompressed (52)
[2015.12.07-03.35.43:488][506]LogModuleManager: Shutting down and abandoning module TextureFormatPVR (51)
[2015.12.07-03.35.43:488][506]LogModuleManager: Shutting down and abandoning module TextureFormatIntelISPCTexComp (50)
[2015.12.07-03.35.43:488][506]LogModuleManager: Shutting down and abandoning module TextureFormatDXT (49)
[2015.12.07-03.35.43:488][506]LogModuleManager: Shutting down and abandoning module ImageWrapper (48)
[2015.12.07-03.35.43:488][506]LogModuleManager: Shutting down and abandoning module TextureFormatASTC (47)
[2015.12.07-03.35.43:488][506]LogModuleManager: Shutting down and abandoning module TextureFormatAndroid (46)
[2015.12.07-03.35.43:488][506]LogModuleManager: Shutting down and abandoning module AudioFormatOpus (45)
[2015.12.07-03.35.43:488][506]LogModuleManager: Shutting down and abandoning module AudioFormatOgg (44)
[2015.12.07-03.35.43:488][506]LogModuleManager: Shutting down and abandoning module AudioFormatADPCM (43)
[2015.12.07-03.35.43:488][506]LogModuleManager: Shutting down and abandoning module LinuxTargetPlatform (42)
[2015.12.07-03.35.43:488][506]LogModuleManager: Shutting down and abandoning module LinuxServerTargetPlatform (41)
[2015.12.07-03.35.43:488][506]LogModuleManager: Shutting down and abandoning module LinuxNoEditorTargetPlatform (40)
[2015.12.07-03.35.43:488][506]LogModuleManager: Shutting down and abandoning module Messaging (39)
[2015.12.07-03.35.43:488][506]LogModuleManager: Shutting down and abandoning module IOSTargetPlatform (38)
[2015.12.07-03.35.43:488][506]LogModuleManager: Shutting down and abandoning module HTML5TargetPlatform (37)
[2015.12.07-03.35.43:488][506]LogModuleManager: Shutting down and abandoning module Android_PVRTCTargetPlatform (36)
[2015.12.07-03.35.43:488][506]LogModuleManager: Shutting down and abandoning module Android_MultiTargetPlatform (35)
[2015.12.07-03.35.43:488][506]LogModuleManager: Shutting down and abandoning module Android_ETC2TargetPlatform (34)
[2015.12.07-03.35.43:488][506]LogModuleManager: Shutting down and abandoning module Android_ETC1TargetPlatform (33)
[2015.12.07-03.35.43:488][506]LogModuleManager: Shutting down and abandoning module Android_DXTTargetPlatform (32)
[2015.12.07-03.35.43:488][506]LogModuleManager: Shutting down and abandoning module Android_ATCTargetPlatform (31)
[2015.12.07-03.35.43:488][506]LogModuleManager: Shutting down and abandoning module Android_ASTCTargetPlatform (30)
[2015.12.07-03.35.43:488][506]LogModuleManager: Shutting down and abandoning module AndroidTargetPlatform (29)
[2015.12.07-03.35.43:488][506]LogModuleManager: Shutting down and abandoning module WindowsTargetPlatform (28)
[2015.12.07-03.35.43:488][506]LogModuleManager: Shutting down and abandoning module WindowsServerTargetPlatform (27)
[2015.12.07-03.35.43:488][506]LogModuleManager: Shutting down and abandoning module WindowsNoEditorTargetPlatform (26)
[2015.12.07-03.35.43:488][506]LogModuleManager: Shutting down and abandoning module WindowsClientTargetPlatform (25)
[2015.12.07-03.35.43:488][506]LogModuleManager: Shutting down and abandoning module AllDesktopTargetPlatform (24)
[2015.12.07-03.35.43:488][506]LogModuleManager: Shutting down and abandoning module TargetPlatform (23)
[2015.12.07-03.35.43:488][506]LogModuleManager: Shutting down and abandoning module InputCore (22)
[2015.12.07-03.35.43:488][506]LogModuleManager: Shutting down and abandoning module Settings (21)
[2015.12.07-03.35.43:488][506]LogModuleManager: Shutting down and abandoning module OnlineSubsystem (19)
[2015.12.07-03.35.43:488][506]LogModuleManager: Shutting down and abandoning module HTTP (18)
[2015.12.07-03.35.45:488][506]LogModuleManager: Shutting down and abandoning module XMPP (17)
[2015.12.07-03.35.45:488][506]LogModuleManager: Shutting down and abandoning module OculusRift (16)
[2015.12.07-03.35.45:488][506]LogModuleManager: Shutting down and abandoning module ExampleDeviceProfileSelector (15)
[2015.12.07-03.35.45:488][506]LogModuleManager: Shutting down and abandoning module TextureCompressor (14)
[2015.12.07-03.35.45:488][506]LogModuleManager: Shutting down and abandoning module ShaderCore (13)
[2015.12.07-03.35.45:488][506]LogModuleManager: Shutting down and abandoning module Landscape (12)
[2015.12.07-03.35.45:488][506]LogModuleManager: Shutting down and abandoning module SlateRHIRenderer (11)
[2015.12.07-03.35.45:489][506]LogModuleManager: Shutting down and abandoning module OpenGLDrv (10)
[2015.12.07-03.35.45:489][506]LogModuleManager: Shutting down and abandoning module D3D11RHI (9)
[2015.12.07-03.35.45:489][506]LogModuleManager: Shutting down and abandoning module AnimGraphRuntime (8)
[2015.12.07-03.35.45:489][506]LogModuleManager: Shutting down and abandoning module Renderer (7)
[2015.12.07-03.35.45:489][506]LogModuleManager: Shutting down and abandoning module Engine (6)
[2015.12.07-03.35.45:489][506]LogModuleManager: Shutting down and abandoning module CoreUObject (5)
[2015.12.07-03.35.45:489][506]LogModuleManager: Shutting down and abandoning module NetworkFile (4)
[2015.12.07-03.35.45:489][506]LogModuleManager: Shutting down and abandoning module StreamingFile (3)
[2015.12.07-03.35.45:489][506]LogModuleManager: Shutting down and abandoning module SandboxFile (2)
[2015.12.07-03.35.45:489][506]LogModuleManager: Shutting down and abandoning module PakFile (1)
[2015.12.07-03.35.45:490][506]LogExit: Exiting.
[2015.12.07-03.35.45:503][506]Log file closed, 12/06/15 21:35:45
