[2015.12.19-18.49.24:414][  0]Log file open, 12/19/15 12:49:24
[2015.12.19-18.49.24:414][  0]LogInit:Display: Running engine for game: MyProject
[2015.12.19-18.49.24:414][  0]LogPlatformFile: Not using cached read wrapper
[2015.12.19-18.49.24:414][  0]LogInit:Display: RandInit(1039372991) SRandInit(1039372994).
[2015.12.19-18.49.24:414][  0]LogTaskGraph: Started task graph with 4 named threads and 7 total threads.
[2015.12.19-18.49.24:414][  0]LogStats: Stats thread started at 0.071813
[2015.12.19-18.49.24:414][  0]LogInit: Version: 4.10.1-2791327+++depot+UE4-Releases+4.10
[2015.12.19-18.49.24:414][  0]LogInit: API Version: 2758231
[2015.12.19-18.49.24:414][  0]LogInit: Compiled (64-bit): Dec  4 2015 19:44:40
[2015.12.19-18.49.24:414][  0]LogInit: Compiled with Visual C++: 19.00.23026.00
[2015.12.19-18.49.24:414][  0]LogInit: Build Configuration: Development
[2015.12.19-18.49.24:414][  0]LogInit: Branch Name: ++depot+UE4-Releases+4.10
[2015.12.19-18.49.24:414][  0]LogInit: Command line: 
[2015.12.19-18.49.24:414][  0]LogInit: Base directory: C:/Program Files/Epic Games/4.10/Engine/Binaries/Win64/
[2015.12.19-18.49.24:414][  0]LogInit: Rocket: 1
[2015.12.19-18.49.24:419][  0]LogInit: Using libcurl 7.41.0
[2015.12.19-18.49.24:419][  0]LogInit:  - built for x86_64-pc-win32
[2015.12.19-18.49.24:419][  0]LogInit:  - supports SSL with WinSSL
[2015.12.19-18.49.24:419][  0]LogInit:  - other features:
[2015.12.19-18.49.24:419][  0]LogInit:      CURL_VERSION_SSL
[2015.12.19-18.49.24:419][  0]LogInit:      CURL_VERSION_IPV6
[2015.12.19-18.49.24:419][  0]LogInit:      CURL_VERSION_ASYNCHDNS
[2015.12.19-18.49.24:419][  0]LogInit:      CURL_VERSION_LARGEFILE
[2015.12.19-18.49.24:419][  0]LogInit:      CURL_VERSION_IDN
[2015.12.19-18.49.24:419][  0]LogInit:  CurlRequestOptions (configurable via config and command line):
[2015.12.19-18.49.24:419][  0]LogInit:  - bVerifyPeer = true  - Libcurl will verify peer certificate
[2015.12.19-18.49.24:419][  0]LogInit:  - bUseHttpProxy = false  - Libcurl will NOT use HTTP proxy
[2015.12.19-18.49.24:419][  0]LogInit:  - bDontReuseConnections = false  - Libcurl will reuse connections
[2015.12.19-18.49.24:419][  0]LogInit:  - CertBundlePath = nullptr  - Libcurl will use whatever was configured at build time.
[2015.12.19-18.49.24:425][  0]LogInit: Presizing for 0 objects not considered by GC, pre-allocating 0 bytes.
[2015.12.19-18.49.24:431][  0]LogInit: Object subsystem initialized
[2015.12.19-18.49.24:432][  0]LogInit: Selected Device Profile: [Windows]
[2015.12.19-18.49.24:432][  0]LogInit: Applying CVar settings loaded from the selected device profile: [Windows]
[2015.12.19-18.49.24:440][  0]LogInit: Computer: DUNNHALL1-PC
[2015.12.19-18.49.24:440][  0]LogInit: User: tmrshall
[2015.12.19-18.49.24:440][  0]LogInit: CPU Page size=4096, Cores=4
[2015.12.19-18.49.24:440][  0]LogInit: High frequency timer resolution =3.312675 MHz
[2015.12.19-18.49.24:440][  0]LogMemory: Memory total: Physical=15.9GB (16GB approx)
[2015.12.19-18.49.24:440][  0]LogMemory: Platform Memory Stats for Windows
[2015.12.19-18.49.24:440][  0]LogMemory: Process Physical Memory: 57.13 MB used, 57.13 MB peak
[2015.12.19-18.49.24:440][  0]LogMemory: Process Virtual Memory: 57.64 MB used, 57.64 MB peak
[2015.12.19-18.49.24:440][  0]LogMemory: Physical Memory: 7575.54 MB used, 16292.07 MB total
[2015.12.19-18.49.24:440][  0]LogMemory: Virtual Memory: 350.52 MB used, 8388608.00 MB total
[2015.12.19-18.49.24:473][  0]LogTextLocalizationManager: No specific translations for ('en-US') exist, so ('en') translations will be used.
[2015.12.19-18.49.24:901][  0]LogD3D11RHI: Found D3D11 adapter 0: Intel(R) HD Graphics 4600 (Feature Level 11_0)
[2015.12.19-18.49.24:901][  0]LogD3D11RHI: Adapter has 192MB of dedicated video memory, 0MB of dedicated system memory, and 1632MB of shared system memory, 1 output[s]
[2015.12.19-18.49.24:910][  0]LogD3D11RHI: Found D3D11 adapter 1: AMD FirePro V4900 (FireGL V) Graphics Adapter (Feature Level 11_0)
[2015.12.19-18.49.24:910][  0]LogD3D11RHI: Adapter has 1003MB of dedicated video memory, 0MB of dedicated system memory, and 7890MB of shared system memory, 0 output[s]
[2015.12.19-18.49.24:910][  0]LogD3D11RHI: Chosen D3D11 Adapter Id = 0
[2015.12.19-18.49.24:918][  0]LogD3D11RHI: !Direct3DDevice
[2015.12.19-18.49.24:918][  0]LogRHI: Texture pool is 705 MB (70% of 1008 MB)
[2015.12.19-18.49.24:926][  0]LogD3D11RHI: Async texture creation enabled
[2015.12.19-18.49.24:935][  0]LogShaderCompilers: Guid format shader working directory is -24 characters bigger than the processId version (../../../../../../Users/tmrshall/Documents/Unreal Projects/MyProject 4.10/Intermediate/Shaders/WorkingDirectory/1276/).
[2015.12.19-18.49.24:935][  0]LogShaderCompilers: Cleaned the shader compiler working directory 'C:/Users/tmrshall/AppData/Local/Temp/UnrealShaderWorkingDir/4DE75558402A32F740D077810AF110A5/'.
[2015.12.19-18.49.24:935][  0]LogShaderCompilers:Display: Using Local Shader Compiler.
[2015.12.19-18.49.25:783][  0]LogTemp:Display: Loaded TP AllDesktopTargetPlatform
[2015.12.19-18.49.25:788][  0]LogTemp:Display: Loaded TP WindowsClientTargetPlatform
[2015.12.19-18.49.25:792][  0]LogTemp:Display: Loaded TP WindowsNoEditorTargetPlatform
[2015.12.19-18.49.25:797][  0]LogTemp:Display: Loaded TP WindowsServerTargetPlatform
[2015.12.19-18.49.25:801][  0]LogTemp:Display: Loaded TP WindowsTargetPlatform
[2015.12.19-18.49.25:804][  0]LogTemp:Display: Loaded TP AndroidTargetPlatform
[2015.12.19-18.49.25:806][  0]LogTemp:Display: Loaded TP Android_ASTCTargetPlatform
[2015.12.19-18.49.25:809][  0]LogTemp:Display: Loaded TP Android_ATCTargetPlatform
[2015.12.19-18.49.25:812][  0]LogTemp:Display: Loaded TP Android_DXTTargetPlatform
[2015.12.19-18.49.25:815][  0]LogTemp:Display: Loaded TP Android_ETC1TargetPlatform
[2015.12.19-18.49.25:818][  0]LogTemp:Display: Loaded TP Android_ETC2TargetPlatform
[2015.12.19-18.49.25:824][  0]LogTemp:Display: Loaded TP Android_MultiTargetPlatform
[2015.12.19-18.49.25:824][  0]LogTemp:Display: Loaded TP Android_PVRTCTargetPlatform
[2015.12.19-18.49.25:826][  0]LogTemp:Display: Loaded TP HTML5TargetPlatform
[2015.12.19-18.49.25:843][  0]LogTemp:Display: Loaded TP IOSTargetPlatform
[2015.12.19-18.49.25:848][  0]LogTemp:Display: Loaded TP LinuxNoEditorTargetPlatform
[2015.12.19-18.49.25:851][  0]LogTemp:Display: Loaded TP LinuxServerTargetPlatform
[2015.12.19-18.49.25:856][  0]LogTemp:Display: Loaded TP LinuxTargetPlatform
[2015.12.19-18.49.25:856][  0]LogTargetPlatformManager:Display: Building Assets For Windows
[2015.12.19-18.49.25:927][  0]LogDerivedDataCache:Display: Max Cache Size: 512 MB
[2015.12.19-18.49.25:974][  0]LogDerivedDataCache: Loaded boot cache 0.05s 41MB C:/Users/tmrshall/AppData/Local/UnrealEngine/4.10/DerivedDataCache/Boot.ddc.
[2015.12.19-18.49.25:974][  0]LogDerivedDataCache:Display: Loaded Boot cache: C:/Users/tmrshall/AppData/Local/UnrealEngine/4.10/DerivedDataCache/Boot.ddc
[2015.12.19-18.49.25:974][  0]LogDerivedDataCache: FDerivedDataBackendGraph:  Pak pak cache file ../../../../../../Users/tmrshall/Documents/Unreal Projects/MyProject 4.10/DerivedDataCache/DDC.ddp not found, will not use a pak cache.
[2015.12.19-18.49.25:974][  0]LogDerivedDataCache: Unable to find inner node Pak for hierarchical cache Hierarchy.
[2015.12.19-18.49.25:974][  0]LogDerivedDataCache: FDerivedDataBackendGraph:  CompressedPak pak cache file ../../../../../../Users/tmrshall/Documents/Unreal Projects/MyProject 4.10/DerivedDataCache/Compressed.ddp not found, will not use a pak cache.
[2015.12.19-18.49.25:974][  0]LogDerivedDataCache: Unable to find inner node CompressedPak for hierarchical cache Hierarchy.
[2015.12.19-18.49.26:042][  0]LogDerivedDataCache:Display: Pak cache opened for reading ../../../Engine/DerivedDataCache/Compressed.ddp.
[2015.12.19-18.49.26:053][  0]LogDerivedDataCache: Using Local data cache path C:/Users/tmrshall/AppData/Local/UnrealEngine/Common/DerivedDataCache: Writable
[2015.12.19-18.49.26:205][  0]LogInit: Selected Device Profile: [Windows]
[2015.12.19-18.49.26:206][  0]LogContentStreaming: Texture pool size is 0.000000MB
[2015.12.19-18.49.26:236][  0]LogMeshUtilities: No automatic mesh reduction module available
[2015.12.19-18.49.26:236][  0]LogMeshUtilities: No automatic mesh merging module available
[2015.12.19-18.49.26:606][  0]LogInit: WinSock: version 1.1 (2.2), MaxSocks=32767, MaxUdp=65467
[2015.12.19-18.49.27:322][  0]UdpMessaging: Initializing bridge on interface 0.0.0.0:0 to multicast group 230.0.0.1:6666.
[2015.12.19-18.49.27:415][  0]LogAssetRegistry: FAssetRegistry took 0.0099 seconds to start up
[2015.12.19-18.49.27:594][  0]SourceControl: Info Source control is disabled
[2015.12.19-18.49.27:594][  0]SourceControl: Info Source control is disabled
[2015.12.19-18.49.27:604][  0]SourceControl: Info Source control is disabled
[2015.12.19-18.49.27:613][  0]SourceControl: Info Source control is disabled
[2015.12.19-18.49.27:804][  0]LogObj: 28633 objects as part of root set at end of initial load.
[2015.12.19-18.49.27:804][  0]LogUObjectAllocator: 6099744 out of 0 bytes used by permanent object pool.
[2015.12.19-18.49.27:855][  0]LogEngine: Initializing Engine...
[2015.12.19-18.49.27:856][  0]LogHMD: Can't find Oculus library dev build: is proper Runtime installed? Version: 0.8.0.0
[2015.12.19-18.49.27:857][  0]LogHMD: SteamVR failed to initialize.  Err: 110
[2015.12.19-18.49.27:975][  0]LogAIModule: Creating AISystem for world NewWorld
[2015.12.19-18.49.27:978][  0]LogInit: XAudio2 using 'Speakers / Headphones (Realtek High Definition Audio)' : 2 channels at 48 kHz using 32 bits per sample (channel mask 0x3)
[2015.12.19-18.49.28:059][  0]LogInit: FAudioDevice initialized.
[2015.12.19-18.49.28:086][  0]LogDerivedDataCache: Saved boot cache 0.03s 41MB C:/Users/tmrshall/AppData/Local/UnrealEngine/4.10/DerivedDataCache/Boot.ddc.
[2015.12.19-18.49.28:093][  0]LogInit: Texture streaming: Enabled
[2015.12.19-18.49.28:098][  0]LogAnalytics: Creating configured Analytics provider AnalyticsET
[2015.12.19-18.49.28:098][  0]LogAnalytics: [UEEditor.Rocket.Release] APIServer = http://et2.epicgames.com/ET2/. AppVersion = 4.10.1-2791327+++depot+UE4-Releases+4.10
[2015.12.19-18.49.28:098][  0]LogAnalytics: [UEEditor.Rocket.Release] SetUserId 4bc207b84b28d984db97a78500ab30bb|ae88d476c6fb41c3b4949acfec8ef155|7c0e69f4-42c9-4cf8-ad59-f8b9d7656946
[2015.12.19-18.49.28:098][  0]LogAnalytics: [UEEditor.Rocket.Release] AnalyticsET::StartSession
[2015.12.19-18.49.28:116][  0]LogInit: Transaction tracking system initialized
[2015.12.19-18.49.28:149][  0]BlueprintLog: New page: Editor Load
[2015.12.19-18.49.28:237][  0]LocalizationService: Info Localization service is disabled
[2015.12.19-18.49.28:504][  0]LogConsoleResponse:Display: 
[2015.12.19-18.49.28:611][  0]LogCook:Display: Done creating registry. It took  0.00s.
[2015.12.19-18.49.28:672][  0]LogFileCache: Scanning file cache for directory 'C:/Users/tmrshall/Documents/Unreal Projects/MyProject 4.10/Content/' took 0.01s
[2015.12.19-18.49.28:672][  0]SourceControl: Info Source control is disabled
[2015.12.19-18.49.28:672][  0]Cmd: MAP LOAD FILE="../../../../../../Users/tmrshall/Documents/Unreal Projects/MyProject 4.10/Content/ThirdPersonBP/Maps/ThirdPersonExampleMap.umap" TEMPLATE=0 SHOWPROGRESS=1 FEATURELEVEL=3
[2015.12.19-18.49.28:674][  0]LightingResults: New page: Lighting Build
[2015.12.19-18.49.28:677][  0]MapCheck: New page: Map Check
[2015.12.19-18.49.28:678][  0]LightingResults: New page: Lighting Build
[2015.12.19-18.49.28:689][  0]LogParticles: Destroying 0 GPU particle simulations for FXSystem 0x00000000207B7420
[2015.12.19-18.49.29:639][  0]LogAIModule: Creating AISystem for world ThirdPersonExampleMap
[2015.12.19-18.49.29:643][  0]LogMaterial:Warning: Material /Engine/Functions/Engine_MaterialFunctions02/ExampleContent/FlowMaps.FlowMaps needed to have new flag set bUsedWithStaticLighting !
[2015.12.19-18.49.29:662][  0]LogMaterial: Missing cached shader map for material FlowMaps, compiling. 
[2015.12.19-18.49.29:714][  0]MapCheck:Warning: Warning FlowMaps Material /Engine/Functions/Engine_MaterialFunctions02/ExampleContent/FlowMaps.FlowMaps was missing the usage flag bUsedWithStaticLighting. If the material asset is not re-saved, it may not render correctly when run outside the editor. Fix
[2015.12.19-18.49.29:714][  0]LogMaterial: 0.000115 seconds spent updating 1 materials, 1 interfaces, 0 instances, 0 with static permutations.
[2015.12.19-18.49.29:727][  0]LogEditorServer: Finished looking for orphan Actors (0.000 secs)
[2015.12.19-18.49.29:727][  0]Cmd: MAP CHECKDEP NOCLEARLOG
[2015.12.19-18.49.29:826][  0]MapCheck:Warning: Warning ThirdPersonAnimBlueprint_C_0 ThirdPersonAnimBlueprint_C /Game/ThirdPersonBP/Maps/ThirdPersonExampleMap.ThirdPersonExampleMap:PersistentLevel.ThirdPersonCharacter.CharacterMesh0.ThirdPersonAnimBlueprint_C_0 : Externally referenced 
[2015.12.19-18.49.29:826][  0]MapCheck:Warning: Warning ThirdPersonAnimBlueprint_C_0 ThirdPersonAnimBlueprint_C /Game/ThirdPersonBP/Maps/ThirdPersonExampleMap.ThirdPersonExampleMap:PersistentLevel.ThirdPersonCharacter.CharacterMesh0.ThirdPersonAnimBlueprint_C_0 : Externally referenced 
[2015.12.19-18.49.29:826][  0]MapCheck:Warning: Warning ThirdPersonAnimBlueprint_C_0 ThirdPersonAnimBlueprint_C /Game/ThirdPersonBP/Maps/ThirdPersonExampleMap.ThirdPersonExampleMap:PersistentLevel.ThirdPersonCharacter.CharacterMesh0.ThirdPersonAnimBlueprint_C_0 : Externally referenced 
[2015.12.19-18.49.29:826][  0]MapCheck:Warning: Warning ThirdPersonAnimBlueprint_C_0 ThirdPersonAnimBlueprint_C /Game/ThirdPersonBP/Maps/ThirdPersonExampleMap.ThirdPersonExampleMap:PersistentLevel.ThirdPersonCharacter.CharacterMesh0.ThirdPersonAnimBlueprint_C_0 : Externally referenced 
[2015.12.19-18.49.29:826][  0]MapCheck:Warning: Warning ThirdPersonAnimBlueprint_C_0 ThirdPersonAnimBlueprint_C /Game/ThirdPersonBP/Maps/ThirdPersonExampleMap.ThirdPersonExampleMap:PersistentLevel.ThirdPersonCharacter.CharacterMesh0.ThirdPersonAnimBlueprint_C_0 : Externally referenced 
[2015.12.19-18.49.29:826][  0]MapCheck:Warning: Warning CharacterMesh0 SkeletalMeshComponent /Game/ThirdPersonBP/Maps/ThirdPersonExampleMap.ThirdPersonExampleMap:PersistentLevel.ThirdPersonCharacter.CharacterMesh0 : Externally referenced 
[2015.12.19-18.49.29:826][  0]MapCheck:Warning: Warning Cube StaticMeshComponent /Game/ThirdPersonBP/Maps/ThirdPersonExampleMap.ThirdPersonExampleMap:PersistentLevel.Door_C_0.Cube : Externally referenced 
[2015.12.19-18.49.29:826][  0]MapCheck:Warning: Warning Cube1 StaticMeshComponent /Game/ThirdPersonBP/Maps/ThirdPersonExampleMap.ThirdPersonExampleMap:PersistentLevel.NewBlueprint_C_1.Cube1 : Externally referenced 
[2015.12.19-18.49.29:826][  0]MapCheck:Warning: Warning Cube1 StaticMeshComponent /Game/ThirdPersonBP/Maps/ThirdPersonExampleMap.ThirdPersonExampleMap:PersistentLevel.NewBlueprint_C_3.Cube1 : Externally referenced 
[2015.12.19-18.49.29:826][  0]MapCheck:Warning: Warning Cube1 StaticMeshComponent /Game/ThirdPersonBP/Maps/ThirdPersonExampleMap.ThirdPersonExampleMap:PersistentLevel.test1_574.Cube1 : Externally referenced 
[2015.12.19-18.49.29:826][  0]MapCheck:Warning: Warning Cube StaticMeshComponent /Game/ThirdPersonBP/Maps/ThirdPersonExampleMap.ThirdPersonExampleMap:PersistentLevel.NewBlueprint_C_1.Cube : Externally referenced 
[2015.12.19-18.49.29:827][  0]MapCheck:Warning: Warning StaticMeshComponent0 StaticMeshComponent /Game/ThirdPersonBP/Maps/ThirdPersonExampleMap.ThirdPersonExampleMap:PersistentLevel.Floor_2.StaticMeshComponent0 : Externally referenced 
[2015.12.19-18.49.29:827][  0]MapCheck:Warning: Warning StaticMeshComponent0 StaticMeshComponent /Game/ThirdPersonBP/Maps/ThirdPersonExampleMap.ThirdPersonExampleMap:PersistentLevel.Wall1.StaticMeshComponent0 : Externally referenced 
[2015.12.19-18.49.29:827][  0]MapCheck:Warning: Warning StaticMeshComponent0 StaticMeshComponent /Game/ThirdPersonBP/Maps/ThirdPersonExampleMap.ThirdPersonExampleMap:PersistentLevel.Wall2.StaticMeshComponent0 : Externally referenced 
[2015.12.19-18.49.29:827][  0]MapCheck:Warning: Warning StaticMeshComponent0 StaticMeshComponent /Game/ThirdPersonBP/Maps/ThirdPersonExampleMap.ThirdPersonExampleMap:PersistentLevel.Wall3.StaticMeshComponent0 : Externally referenced 
[2015.12.19-18.49.29:827][  0]MapCheck:Warning: Warning StaticMeshComponent0 StaticMeshComponent /Game/ThirdPersonBP/Maps/ThirdPersonExampleMap.ThirdPersonExampleMap:PersistentLevel.Wall4.StaticMeshComponent0 : Externally referenced 
[2015.12.19-18.49.29:827][  0]MapCheck:Warning: Warning Cube StaticMeshComponent /Game/ThirdPersonBP/Maps/ThirdPersonExampleMap.ThirdPersonExampleMap:PersistentLevel.open1.Cube : Externally referenced 
[2015.12.19-18.49.29:827][  0]MapCheck:Warning: Warning Cylinder StaticMeshComponent /Game/ThirdPersonBP/Maps/ThirdPersonExampleMap.ThirdPersonExampleMap:PersistentLevel.Jumpad_199.Cylinder : Externally referenced 
[2015.12.19-18.49.29:827][  0]MapCheck:Warning: Warning Cube1 StaticMeshComponent /Game/ThirdPersonBP/Maps/ThirdPersonExampleMap.ThirdPersonExampleMap:PersistentLevel.NewBlueprint3_C_0.Cube1 : Externally referenced 
[2015.12.19-18.49.29:827][  0]MapCheck:Warning: Warning Cube1 StaticMeshComponent /Game/ThirdPersonBP/Maps/ThirdPersonExampleMap.ThirdPersonExampleMap:PersistentLevel.test2_2.Cube1 : Externally referenced 
[2015.12.19-18.49.29:827][  0]MapCheck:Warning: Warning StaticMeshComponent0 StaticMeshComponent /Game/ThirdPersonBP/Maps/ThirdPersonExampleMap.ThirdPersonExampleMap:PersistentLevel.Bump_StaticMesh.StaticMeshComponent0 : Externally referenced 
[2015.12.19-18.49.29:827][  0]MapCheck:Warning: Warning StaticMeshComponent0 StaticMeshComponent /Game/ThirdPersonBP/Maps/ThirdPersonExampleMap.ThirdPersonExampleMap:PersistentLevel.LeftArm_StaticMesh.StaticMeshComponent0 : Externally referenced 
[2015.12.19-18.49.29:827][  0]MapCheck:Warning: Warning StaticMeshComponent0 StaticMeshComponent /Game/ThirdPersonBP/Maps/ThirdPersonExampleMap.ThirdPersonExampleMap:PersistentLevel.Ramp_StaticMesh.StaticMeshComponent0 : Externally referenced 
[2015.12.19-18.49.29:827][  0]MapCheck:Warning: Warning StaticMeshComponent0 StaticMeshComponent /Game/ThirdPersonBP/Maps/ThirdPersonExampleMap.ThirdPersonExampleMap:PersistentLevel.RightArm_StaticMesh.StaticMeshComponent0 : Externally referenced 
[2015.12.19-18.49.29:827][  0]MapCheck:Warning: Warning StaticMeshComponent0 StaticMeshComponent /Game/ThirdPersonBP/Maps/ThirdPersonExampleMap.ThirdPersonExampleMap:PersistentLevel.Bump_StaticMesh.StaticMeshComponent0 : Externally referenced 
[2015.12.19-18.49.29:827][  0]MapCheck:Warning: Warning StaticMeshComponent0 StaticMeshComponent /Game/ThirdPersonBP/Maps/ThirdPersonExampleMap.ThirdPersonExampleMap:PersistentLevel.CubeMesh_5.StaticMeshComponent0 : Externally referenced 
[2015.12.19-18.49.29:827][  0]MapCheck:Warning: Warning StaticMeshComponent0 StaticMeshComponent /Game/ThirdPersonBP/Maps/ThirdPersonExampleMap.ThirdPersonExampleMap:PersistentLevel.Floor_2.StaticMeshComponent0 : Externally referenced 
[2015.12.19-18.49.29:827][  0]MapCheck:Warning: Warning StaticMeshComponent0 StaticMeshComponent /Game/ThirdPersonBP/Maps/ThirdPersonExampleMap.ThirdPersonExampleMap:PersistentLevel.Wall1.StaticMeshComponent0 : Externally referenced 
[2015.12.19-18.49.29:827][  0]MapCheck:Warning: Warning StaticMeshComponent0 StaticMeshComponent /Game/ThirdPersonBP/Maps/ThirdPersonExampleMap.ThirdPersonExampleMap:PersistentLevel.Wall2.StaticMeshComponent0 : Externally referenced 
[2015.12.19-18.49.29:827][  0]MapCheck:Warning: Warning StaticMeshComponent0 StaticMeshComponent /Game/ThirdPersonBP/Maps/ThirdPersonExampleMap.ThirdPersonExampleMap:PersistentLevel.Wall3.StaticMeshComponent0 : Externally referenced 
[2015.12.19-18.49.29:828][  0]MapCheck:Warning: Warning StaticMeshComponent0 StaticMeshComponent /Game/ThirdPersonBP/Maps/ThirdPersonExampleMap.ThirdPersonExampleMap:PersistentLevel.Wall4.StaticMeshComponent0 : Externally referenced 
[2015.12.19-18.49.29:828][  0]MapCheck:Warning: Warning StaticMeshComponent0 StaticMeshComponent /Game/ThirdPersonBP/Maps/ThirdPersonExampleMap.ThirdPersonExampleMap:PersistentLevel.LeftArm_StaticMesh.StaticMeshComponent0 : Externally referenced 
[2015.12.19-18.49.29:828][  0]MapCheck:Warning: Warning StaticMeshComponent0 StaticMeshComponent /Game/ThirdPersonBP/Maps/ThirdPersonExampleMap.ThirdPersonExampleMap:PersistentLevel.Linear_Stair_StaticMesh.StaticMeshComponent0 : Externally referenced 
[2015.12.19-18.49.29:828][  0]MapCheck:Warning: Warning StaticMeshComponent0 StaticMeshComponent /Game/ThirdPersonBP/Maps/ThirdPersonExampleMap.ThirdPersonExampleMap:PersistentLevel.Ramp_StaticMesh.StaticMeshComponent0 : Externally referenced 
[2015.12.19-18.49.29:828][  0]MapCheck:Warning: Warning StaticMeshComponent0 StaticMeshComponent /Game/ThirdPersonBP/Maps/ThirdPersonExampleMap.ThirdPersonExampleMap:PersistentLevel.RightArm_StaticMesh.StaticMeshComponent0 : Externally referenced 
[2015.12.19-18.49.29:828][  0]MapCheck: Info Map check complete: 0 Error(s), 36 Warning(s), took 100.483ms to complete.
[2015.12.19-18.49.29:836][  0]LogFileHelpers: Loading map 'ThirdPersonExampleMap' took 1.163
[2015.12.19-18.49.29:933][  0]LogCollectionManager: Loaded 0 collections in 0.003311 seconds
[2015.12.19-18.49.29:964][  0]LogFileCache: Scanning file cache for directory 'C:/Users/tmrshall/Documents/Unreal Projects/MyProject 4.10/Saved/Collections/' took 0.01s
[2015.12.19-18.49.29:964][  0]LogFileCache: Scanning file cache for directory 'C:/Users/tmrshall/Documents/Unreal Projects/MyProject 4.10/Content/Developers/tmrshall/Collections/' took 0.01s
[2015.12.19-18.49.29:964][  0]LogFileCache: Scanning file cache for directory 'C:/Users/tmrshall/Documents/Unreal Projects/MyProject 4.10/Content/Collections/' took 0.00s
[2015.12.19-18.49.29:964][  0]LogCollectionManager: Rebuilt the GUID cache for 0 collections in 0.000002 seconds
[2015.12.19-18.49.29:975][  0]LogContentBrowser: Native class hierarchy populated in 0.0107 seconds. Added 1893 classes and 338 folders.
[2015.12.19-18.49.29:986][  0]LogContentBrowser: Native class hierarchy updated for 'WidgetCarousel' in 0.0004 seconds. Added 0 classes and 0 folders.
[2015.12.19-18.49.30:062][  0]LogContentBrowser: Native class hierarchy updated for 'AddContentDialog' in 0.0004 seconds. Added 0 classes and 0 folders.
[2015.12.19-18.49.30:067][  0]LogContentBrowser: Native class hierarchy updated for 'SceneOutliner' in 0.0006 seconds. Added 1 classes and 2 folders.
[2015.12.19-18.49.30:143][  0]LogCrashTracker: Crashtracker disabled due to settings.
[2015.12.19-18.49.30:147][  0]LogUObjectGlobals:Warning: Failed to find object 'Class None.'
[2015.12.19-18.49.30:201][  0]LogLoad: Full Startup: 6.20 seconds (BP compile: 0.18 seconds)
[2015.12.19-18.49.30:215][  0]LogOcInput: Can't find Oculus library dev build: is proper Runtime installed? Version: 0.8.0.0
[2015.12.19-18.49.30:274][  0]LogContentStreaming: Texture pool size now 400 MB
[2015.12.19-18.49.30:470][  0]LogRenderer: Reallocating scene render targets to support 700x552 (Frame:2).
[2015.12.19-18.49.31:431][  6]LogAssetRegistry: Asset discovery search completed in 4.0264 seconds
[2015.12.19-18.49.31:431][  6]LogCollectionManager: Rebuilt the object cache for 0 collections in 0.000002 seconds (found 0 objects)
[2015.12.19-18.49.31:431][  6]LogCollectionManager: Fixed up redirectors for 0 collections in 0.000032 seconds (updated 0 objects)
[2015.12.19-18.51.05:378][  2]SourceControl:Error: Error Failed to enable Git source control. You need to initialize the project as a Git repository first.
[2015.12.19-18.51.15:873][615]SourceControl:Error: Error Failed to enable Git source control. You need to initialize the project as a Git repository first.
[2015.12.19-19.00.56:147][675]SourceControl: Info Source control is disabled
[2015.12.19-19.00.58:071][905]LogActorComponent: UnregisterComponent: (/Engine/Transient.CharMoveComp) Not registered. Aborting.
[2015.12.19-19.00.58:367][906]Cmd: QUIT_EDITOR
[2015.12.19-19.00.58:526][906]LogExit: Preparing to exit.
[2015.12.19-19.00.59:451][906]LogExit: Editor shut down
[2015.12.19-19.00.59:452][906]LogExit: Transaction tracking system shut down
[2015.12.19-19.00.59:454][906]LogParticles: Destroying 0 GPU particle simulations for FXSystem 0x0000000023D65120
[2015.12.19-19.00.59:454][906]LogParticles: Destroying 0 GPU particle simulations for FXSystem 0x000000002C317920
[2015.12.19-19.00.59:454][906]LogParticles: Destroying 0 GPU particle simulations for FXSystem 0x000000002C258360
[2015.12.19-19.00.59:454][906]LogParticles: Destroying 0 GPU particle simulations for FXSystem 0x00000000330BE3E0
[2015.12.19-19.00.59:454][906]LogParticles: Destroying 0 GPU particle simulations for FXSystem 0x00000000330BE340
[2015.12.19-19.00.59:561][906]LogExit: Object subsystem successfully closed.
[2015.12.19-19.00.59:579][906]LogD3D11RHI: Shutdown
[2015.12.19-19.00.59:579][906]LogD3D11RHI: CleanupD3DDevice
[2015.12.19-19.00.59:632][906]LogD3D11RHI: ~FD3D11DynamicRHI
[2015.12.19-19.00.59:641][906]LogModuleManager: Shutting down and abandoning module ExternalImagePicker (199)
[2015.12.19-19.00.59:641][906]LogModuleManager: Shutting down and abandoning module CrashTracker (198)
[2015.12.19-19.00.59:641][906]LogModuleManager: Shutting down and abandoning module SceneOutliner (197)
[2015.12.19-19.00.59:641][906]LogModuleManager: Shutting down and abandoning module SuperSearch (196)
[2015.12.19-19.00.59:641][906]LogModuleManager: Shutting down and abandoning module WidgetCarousel (195)
[2015.12.19-19.00.59:641][906]LogModuleManager: Shutting down and abandoning module AddContentDialog (194)
[2015.12.19-19.00.59:642][906]LogModuleManager: Shutting down and abandoning module EditorWidgets (193)
[2015.12.19-19.00.59:642][906]LogModuleManager: Shutting down and abandoning module CollectionManager (192)
[2015.12.19-19.00.59:642][906]LogModuleManager: Shutting down and abandoning module StatsViewer (191)
[2015.12.19-19.00.59:642][906]LogModuleManager: Shutting down and abandoning module FoliageEdit (190)
[2015.12.19-19.00.59:642][906]LogModuleManager: Shutting down and abandoning module LandscapeEditor (189)
[2015.12.19-19.00.59:642][906]LogModuleManager: Shutting down and abandoning module ActorPickerMode (188)
[2015.12.19-19.00.59:642][906]LogModuleManager: Shutting down and abandoning module GeometryMode (187)
[2015.12.19-19.00.59:642][906]LogModuleManager: Shutting down and abandoning module TextureAlignMode (186)
[2015.12.19-19.00.59:642][906]LogModuleManager: Shutting down and abandoning module BspMode (185)
[2015.12.19-19.00.59:642][906]LogModuleManager: Shutting down and abandoning module PlacementMode (184)
[2015.12.19-19.00.59:642][906]LogModuleManager: Shutting down and abandoning module AutomationWorker (183)
[2015.12.19-19.00.59:642][906]LogModuleManager: Shutting down and abandoning module CharacterAI (182)
[2015.12.19-19.00.59:642][906]LogModuleManager: Shutting down and abandoning module SmartSnapping (181)
[2015.12.19-19.00.59:642][906]LogModuleManager: Shutting down and abandoning module ViewportSnapping (180)
[2015.12.19-19.00.59:642][906]LogModuleManager: Shutting down and abandoning module LogVisualizer (179)
[2015.12.19-19.00.59:643][906]LogModuleManager: Shutting down and abandoning module GameProjectGeneration (178)
[2015.12.19-19.00.59:643][906]LogModuleManager: Shutting down and abandoning module IntroTutorials (177)
[2015.12.19-19.00.59:643][906]LogModuleManager: Shutting down and abandoning module EditorLiveStreaming (176)
[2015.12.19-19.00.59:643][906]LogModuleManager: Shutting down and abandoning module IOSPlatformEditor (175)
[2015.12.19-19.00.59:643][906]LogModuleManager: Shutting down and abandoning module HTML5PlatformEditor (174)
[2015.12.19-19.00.59:643][906]LogModuleManager: Shutting down and abandoning module AndroidDeviceDetection (173)
[2015.12.19-19.01.00:339][906]LogModuleManager: Shutting down and abandoning module AndroidPlatformEditor (172)
[2015.12.19-19.01.00:339][906]LogModuleManager: Shutting down and abandoning module IOSRuntimeSettings (171)
[2015.12.19-19.01.00:339][906]LogModuleManager: Shutting down and abandoning module AndroidRuntimeSettings (170)
[2015.12.19-19.01.00:339][906]LogModuleManager: Shutting down and abandoning module MergeActors (169)
[2015.12.19-19.01.00:339][906]LogModuleManager: Shutting down and abandoning module SizeMap (168)
[2015.12.19-19.01.00:339][906]LogModuleManager: Shutting down and abandoning module TreeMap (167)
[2015.12.19-19.01.00:339][906]LogModuleManager: Shutting down and abandoning module ReferenceViewer (166)
[2015.12.19-19.01.00:339][906]LogModuleManager: Shutting down and abandoning module LocalizationService (165)
[2015.12.19-19.01.00:339][906]LogModuleManager: Shutting down and abandoning module LocalizationDashboard (164)
[2015.12.19-19.01.00:339][906]LogModuleManager: Shutting down and abandoning module HardwareTargeting (163)
[2015.12.19-19.01.00:339][906]LogModuleManager: Shutting down and abandoning module DeviceProfileEditor (162)
[2015.12.19-19.01.00:339][906]LogModuleManager: Shutting down and abandoning module UndoHistory (161)
[2015.12.19-19.01.00:339][906]LogModuleManager: Shutting down and abandoning module GameplayTagsEditor (160)
[2015.12.19-19.01.00:339][906]LogModuleManager: Shutting down and abandoning module UserFeedback (159)
[2015.12.19-19.01.00:339][906]LogModuleManager: Shutting down and abandoning module XmlParser (158)
[2015.12.19-19.01.00:339][906]LogModuleManager: Shutting down and abandoning module Blutility (157)
[2015.12.19-19.01.00:339][906]LogModuleManager: Shutting down and abandoning module ProjectTargetPlatformEditor (156)
[2015.12.19-19.01.00:339][906]LogModuleManager: Shutting down and abandoning module ProjectSettingsViewer (155)
[2015.12.19-19.01.00:339][906]LogModuleManager: Shutting down and abandoning module InputBindingEditor (154)
[2015.12.19-19.01.00:339][906]LogModuleManager: Shutting down and abandoning module EditorSettingsViewer (153)
[2015.12.19-19.01.00:339][906]LogModuleManager: Shutting down and abandoning module SettingsEditor (152)
[2015.12.19-19.01.00:339][906]LogModuleManager: Shutting down and abandoning module ProjectLauncher (151)
[2015.12.19-19.01.00:339][906]LogModuleManager: Shutting down and abandoning module SessionFrontend (150)
[2015.12.19-19.01.00:339][906]LogModuleManager: Shutting down and abandoning module ProfilerClient (149)
[2015.12.19-19.01.00:339][906]LogModuleManager: Shutting down and abandoning module TargetDeviceServices (148)
[2015.12.19-19.01.00:339][906]LogModuleManager: Shutting down and abandoning module DeviceManager (147)
[2015.12.19-19.01.00:339][906]LogModuleManager: Shutting down and abandoning module AutomationController (146)
[2015.12.19-19.01.00:340][906]LogModuleManager: Shutting down and abandoning module AutomationWindow (145)
[2015.12.19-19.01.00:340][906]LogModuleManager: Shutting down and abandoning module Layers (144)
[2015.12.19-19.01.00:340][906]LogModuleManager: Shutting down and abandoning module ComponentVisualizers (143)
[2015.12.19-19.01.00:340][906]LogModuleManager: Shutting down and abandoning module DetailCustomizations (142)
[2015.12.19-19.01.00:340][906]LogModuleManager: Shutting down and abandoning module PackagesDialog (141)
[2015.12.19-19.01.00:340][906]LogModuleManager: Shutting down and abandoning module Persona (140)
[2015.12.19-19.01.00:340][906]LogModuleManager: Shutting down and abandoning module Kismet (139)
[2015.12.19-19.01.00:340][906]LogModuleManager: Shutting down and abandoning module GraphEditor (138)
[2015.12.19-19.01.00:340][906]LogModuleManager: Shutting down and abandoning module ClassViewer (137)
[2015.12.19-19.01.00:340][906]LogModuleManager: Shutting down and abandoning module Toolbox (136)
[2015.12.19-19.01.00:340][906]LogModuleManager: Shutting down and abandoning module ModuleUI (135)
[2015.12.19-19.01.00:340][906]LogModuleManager: Shutting down and abandoning module MovieSceneTools (134)
[2015.12.19-19.01.00:340][906]LogModuleManager: Shutting down and abandoning module OutputLog (133)
[2015.12.19-19.01.00:340][906]LogModuleManager: Shutting down and abandoning module GammaUI (132)
[2015.12.19-19.01.00:340][906]LogModuleManager: Shutting down and abandoning module Documentation (131)
[2015.12.19-19.01.00:340][906]LogModuleManager: Shutting down and abandoning module GameLiveStreaming (130)
[2015.12.19-19.01.00:340][906]LogModuleManager: Shutting down and abandoning module StreamingPauseRendering (129)
[2015.12.19-19.01.00:340][906]LogModuleManager: Shutting down and abandoning module AnalyticsET (128)
[2015.12.19-19.01.00:340][906]LogModuleManager: Shutting down and abandoning module Analytics (127)
[2015.12.19-19.01.00:340][906]LogModuleManager: Shutting down and abandoning module AITestSuite (126)
[2015.12.19-19.01.00:340][906]LogModuleManager: Shutting down and abandoning module GameplayDebugger (125)
[2015.12.19-19.01.00:340][906]LogModuleManager: Shutting down and abandoning module AIModule (124)
[2015.12.19-19.01.00:340][906]LogModuleManager: Shutting down and abandoning module ProfilerService (123)
[2015.12.19-19.01.00:353][906]LogModuleManager: Shutting down and abandoning module TaskGraph (122)
[2015.12.19-19.01.00:353][906]LogModuleManager: Shutting down and abandoning module SlateRemote (121)
[2015.12.19-19.01.00:353][906]LogModuleManager: Shutting down and abandoning module SteamVRController (120)
[2015.12.19-19.01.00:353][906]LogModuleManager: Shutting down and abandoning module SteamVR (119)
[2015.12.19-19.01.00:353][906]LogModuleManager: Shutting down and abandoning module ProceduralMeshComponent (118)
[2015.12.19-19.01.00:353][906]LogModuleManager: Shutting down and abandoning module OculusLibrary (117)
[2015.12.19-19.01.00:353][906]LogModuleManager: Shutting down and abandoning module OculusInput (116)
[2015.12.19-19.01.00:353][906]LogModuleManager: Shutting down and abandoning module LeapMotionController (115)
[2015.12.19-19.01.00:359][906]LogModuleManager: Shutting down and abandoning module CustomMeshComponent (114)
[2015.12.19-19.01.00:359][906]LogModuleManager: Shutting down and abandoning module CableComponent (113)
[2015.12.19-19.01.00:359][906]LogModuleManager: Shutting down and abandoning module ArchVisCharacter (112)
[2015.12.19-19.01.00:359][906]LogModuleManager: Shutting down and abandoning module MessagingDebugger (111)
[2015.12.19-19.01.00:359][906]LogModuleManager: Shutting down and abandoning module MediaPlayerEditor (110)
[2015.12.19-19.01.00:359][906]LogModuleManager: Shutting down and abandoning module HTML5Networking (109)
[2015.12.19-19.01.00:359][906]LogModuleManager: Shutting down and abandoning module SpeedTreeImporter (108)
[2015.12.19-19.01.00:359][906]LogModuleManager: Shutting down and abandoning module PluginBrowser (107)
[2015.12.19-19.01.00:359][906]LogModuleManager: Shutting down and abandoning module EpicSurvey (106)
[2015.12.19-19.01.00:359][906]LogModuleManager: Shutting down and abandoning module DesktopPlatform (105)
[2015.12.19-19.01.00:359][906]LogModuleManager: Shutting down and abandoning module VisualStudioSourceCodeAccess (104)
[2015.12.19-19.01.00:360][906]LogModuleManager: Shutting down and abandoning module UObjectPlugin (103)
[2015.12.19-19.01.00:360][906]LogModuleManager: Shutting down and abandoning module SubversionSourceControl (102)
[2015.12.19-19.01.00:360][906]LogModuleManager: Shutting down and abandoning module PerforceSourceControl (101)
[2015.12.19-19.01.00:360][906]LogModuleManager: Shutting down and abandoning module SourceControl (100)
[2015.12.19-19.01.00:360][906]LogModuleManager: Shutting down and abandoning module GitSourceControl (99)
[2015.12.19-19.01.00:360][906]LogModuleManager: Shutting down and abandoning module LightPropagationVolumeEditor (98)
[2015.12.19-19.01.00:360][906]LogModuleManager: Shutting down and abandoning module PaperTiledImporter (97)
[2015.12.19-19.01.00:360][906]LogModuleManager: Shutting down and abandoning module PaperSpriteSheetImporter (96)
[2015.12.19-19.01.00:360][906]LogModuleManager: Shutting down and abandoning module MeshPaint (95)
[2015.12.19-19.01.00:360][906]LogModuleManager: Shutting down and abandoning module SlateReflector (94)
[2015.12.19-19.01.00:360][906]LogModuleManager: Shutting down and abandoning module HotReload (93)
[2015.12.19-19.01.00:360][906]LogModuleManager: Shutting down and abandoning module MainFrame (92)
[2015.12.19-19.01.00:360][906]LogModuleManager: Shutting down and abandoning module LevelEditor (91)
[2015.12.19-19.01.00:360][906]LogModuleManager: Shutting down and abandoning module DirectoryWatcher (90)
[2015.12.19-19.01.00:361][906]LogModuleManager: Shutting down and abandoning module AssetRegistry (89)
[2015.12.19-19.01.00:477][906]LogModuleManager: Shutting down and abandoning module ContentBrowser (88)
[2015.12.19-19.01.00:477][906]LogModuleManager: Shutting down and abandoning module Paper2DEditor (87)
[2015.12.19-19.01.00:477][906]LogModuleManager: Shutting down and abandoning module UdpMessaging (86)
[2015.12.19-19.01.00:577][906]LogModuleManager: Shutting down and abandoning module LightPropagationVolumeRuntime (85)
[2015.12.19-19.01.00:577][906]LogModuleManager: Shutting down and abandoning module Paper2D (84)
[2015.12.19-19.01.00:577][906]LogModuleManager: Shutting down and abandoning module WindowsMoviePlayer (83)
[2015.12.19-19.01.00:579][906]LogModuleManager: Shutting down and abandoning module Media (82)
[2015.12.19-19.01.00:579][906]LogModuleManager: Shutting down and abandoning module WmfMedia (81)
[2015.12.19-19.01.00:580][906]LogModuleManager: Shutting down and abandoning module OnlineBlueprintSupport (80)
[2015.12.19-19.01.00:580][906]LogModuleManager: Shutting down and abandoning module GameplayTasksEditor (79)
[2015.12.19-19.01.00:580][906]LogModuleManager: Shutting down and abandoning module PropertyEditor (78)
[2015.12.19-19.01.00:580][906]LogModuleManager: Shutting down and abandoning module BehaviorTreeEditor (77)
[2015.12.19-19.01.00:580][906]LogModuleManager: Shutting down and abandoning module FunctionalTesting (76)
[2015.12.19-19.01.00:580][906]LogModuleManager: Shutting down and abandoning module CollisionAnalyzer (75)
[2015.12.19-19.01.00:580][906]LogModuleManager: Shutting down and abandoning module WorkspaceMenuStructure (74)
[2015.12.19-19.01.00:580][906]LogModuleManager: Shutting down and abandoning module MessageLog (73)
[2015.12.19-19.01.00:580][906]LogModuleManager: Shutting down and abandoning module Sequencer (72)
[2015.12.19-19.01.00:580][906]LogModuleManager: Shutting down and abandoning module AssetTools (71)
[2015.12.19-19.01.00:580][906]LogModuleManager: Shutting down and abandoning module UMGEditor (70)
[2015.12.19-19.01.00:580][906]LogModuleManager: Shutting down and abandoning module UMG (69)
[2015.12.19-19.01.00:580][906]LogModuleManager: Shutting down and abandoning module Slate (68)
[2015.12.19-19.01.00:580][906]LogModuleManager: Shutting down and abandoning module EditorStyle (67)
[2015.12.19-19.01.00:582][906]LogModuleManager: Shutting down and abandoning module SessionServices (66)
[2015.12.19-19.01.00:582][906]LogModuleManager: Shutting down and abandoning module SourceCodeAccess (65)
[2015.12.19-19.01.00:582][906]LogModuleManager: Shutting down and abandoning module HeadMountedDisplay (64)
[2015.12.19-19.01.00:582][906]LogModuleManager: Shutting down and abandoning module XAudio2 (63)
[2015.12.19-19.01.00:582][906]LogModuleManager: Shutting down and abandoning module Networking (61)
[2015.12.19-19.01.00:582][906]LogModuleManager: Shutting down and abandoning module Core (60)
[2015.12.19-19.01.00:582][906]LogModuleManager: Shutting down and abandoning module KismetCompiler (59)
[2015.12.19-19.01.00:582][906]LogModuleManager: Shutting down and abandoning module PhysXFormats (58)
[2015.12.19-19.01.00:582][906]LogModuleManager: Shutting down and abandoning module MeshUtilities (57)
[2015.12.19-19.01.00:582][906]LogModuleManager: Shutting down and abandoning module DerivedDataCache (56)
[2015.12.19-19.01.00:587][906]LogDerivedDataCache: Shutdown
[2015.12.19-19.01.00:587][906]LogModuleManager: Shutting down and abandoning module ShaderFormatOpenGL (55)
[2015.12.19-19.01.00:587][906]LogModuleManager: Shutting down and abandoning module ShaderFormatD3D (54)
[2015.12.19-19.01.00:587][906]LogModuleManager: Shutting down and abandoning module MetalShaderFormat (53)
[2015.12.19-19.01.00:587][906]LogModuleManager: Shutting down and abandoning module TextureFormatUncompressed (52)
[2015.12.19-19.01.00:587][906]LogModuleManager: Shutting down and abandoning module TextureFormatPVR (51)
[2015.12.19-19.01.00:587][906]LogModuleManager: Shutting down and abandoning module TextureFormatIntelISPCTexComp (50)
[2015.12.19-19.01.00:587][906]LogModuleManager: Shutting down and abandoning module TextureFormatDXT (49)
[2015.12.19-19.01.00:587][906]LogModuleManager: Shutting down and abandoning module ImageWrapper (48)
[2015.12.19-19.01.00:587][906]LogModuleManager: Shutting down and abandoning module TextureFormatASTC (47)
[2015.12.19-19.01.00:587][906]LogModuleManager: Shutting down and abandoning module TextureFormatAndroid (46)
[2015.12.19-19.01.00:587][906]LogModuleManager: Shutting down and abandoning module AudioFormatOpus (45)
[2015.12.19-19.01.00:587][906]LogModuleManager: Shutting down and abandoning module AudioFormatOgg (44)
[2015.12.19-19.01.00:587][906]LogModuleManager: Shutting down and abandoning module AudioFormatADPCM (43)
[2015.12.19-19.01.00:587][906]LogModuleManager: Shutting down and abandoning module LinuxTargetPlatform (42)
[2015.12.19-19.01.00:587][906]LogModuleManager: Shutting down and abandoning module LinuxServerTargetPlatform (41)
[2015.12.19-19.01.00:587][906]LogModuleManager: Shutting down and abandoning module LinuxNoEditorTargetPlatform (40)
[2015.12.19-19.01.00:587][906]LogModuleManager: Shutting down and abandoning module Messaging (39)
[2015.12.19-19.01.00:587][906]LogModuleManager: Shutting down and abandoning module IOSTargetPlatform (38)
[2015.12.19-19.01.00:587][906]LogModuleManager: Shutting down and abandoning module HTML5TargetPlatform (37)
[2015.12.19-19.01.00:587][906]LogModuleManager: Shutting down and abandoning module Android_PVRTCTargetPlatform (36)
[2015.12.19-19.01.00:587][906]LogModuleManager: Shutting down and abandoning module Android_MultiTargetPlatform (35)
[2015.12.19-19.01.00:587][906]LogModuleManager: Shutting down and abandoning module Android_ETC2TargetPlatform (34)
[2015.12.19-19.01.00:587][906]LogModuleManager: Shutting down and abandoning module Android_ETC1TargetPlatform (33)
[2015.12.19-19.01.00:587][906]LogModuleManager: Shutting down and abandoning module Android_DXTTargetPlatform (32)
[2015.12.19-19.01.00:587][906]LogModuleManager: Shutting down and abandoning module Android_ATCTargetPlatform (31)
[2015.12.19-19.01.00:587][906]LogModuleManager: Shutting down and abandoning module Android_ASTCTargetPlatform (30)
[2015.12.19-19.01.00:587][906]LogModuleManager: Shutting down and abandoning module AndroidTargetPlatform (29)
[2015.12.19-19.01.00:587][906]LogModuleManager: Shutting down and abandoning module WindowsTargetPlatform (28)
[2015.12.19-19.01.00:587][906]LogModuleManager: Shutting down and abandoning module WindowsServerTargetPlatform (27)
[2015.12.19-19.01.00:587][906]LogModuleManager: Shutting down and abandoning module WindowsNoEditorTargetPlatform (26)
[2015.12.19-19.01.00:587][906]LogModuleManager: Shutting down and abandoning module WindowsClientTargetPlatform (25)
[2015.12.19-19.01.00:587][906]LogModuleManager: Shutting down and abandoning module AllDesktopTargetPlatform (24)
[2015.12.19-19.01.00:587][906]LogModuleManager: Shutting down and abandoning module TargetPlatform (23)
[2015.12.19-19.01.00:587][906]LogModuleManager: Shutting down and abandoning module InputCore (22)
[2015.12.19-19.01.00:587][906]LogModuleManager: Shutting down and abandoning module Settings (21)
[2015.12.19-19.01.00:587][906]LogModuleManager: Shutting down and abandoning module OnlineSubsystem (19)
[2015.12.19-19.01.00:587][906]LogModuleManager: Shutting down and abandoning module HTTP (18)
[2015.12.19-19.01.01:587][906]LogModuleManager: Shutting down and abandoning module XMPP (17)
[2015.12.19-19.01.01:587][906]LogModuleManager: Shutting down and abandoning module OculusRift (16)
[2015.12.19-19.01.01:587][906]LogModuleManager: Shutting down and abandoning module ExampleDeviceProfileSelector (15)
[2015.12.19-19.01.01:587][906]LogModuleManager: Shutting down and abandoning module TextureCompressor (14)
[2015.12.19-19.01.01:587][906]LogModuleManager: Shutting down and abandoning module ShaderCore (13)
[2015.12.19-19.01.01:587][906]LogModuleManager: Shutting down and abandoning module Landscape (12)
[2015.12.19-19.01.01:587][906]LogModuleManager: Shutting down and abandoning module SlateRHIRenderer (11)
[2015.12.19-19.01.01:587][906]LogModuleManager: Shutting down and abandoning module OpenGLDrv (10)
[2015.12.19-19.01.01:587][906]LogModuleManager: Shutting down and abandoning module D3D11RHI (9)
[2015.12.19-19.01.01:587][906]LogModuleManager: Shutting down and abandoning module AnimGraphRuntime (8)
[2015.12.19-19.01.01:588][906]LogModuleManager: Shutting down and abandoning module Renderer (7)
[2015.12.19-19.01.01:588][906]LogModuleManager: Shutting down and abandoning module Engine (6)
[2015.12.19-19.01.01:588][906]LogModuleManager: Shutting down and abandoning module CoreUObject (5)
[2015.12.19-19.01.01:588][906]LogModuleManager: Shutting down and abandoning module NetworkFile (4)
[2015.12.19-19.01.01:588][906]LogModuleManager: Shutting down and abandoning module StreamingFile (3)
[2015.12.19-19.01.01:588][906]LogModuleManager: Shutting down and abandoning module SandboxFile (2)
[2015.12.19-19.01.01:588][906]LogModuleManager: Shutting down and abandoning module PakFile (1)
[2015.12.19-19.01.01:589][906]LogExit: Exiting.
[2015.12.19-19.01.01:600][906]Log file closed, 12/19/15 13:01:01
