[2015.12.07-03.33.37:871][  0]Log file open, 12/06/15 21:33:37
[2015.12.07-03.33.37:871][  0]LogInit:Display: Running engine for game: MyProject
[2015.12.07-03.33.37:871][  0]LogPlatformFile: Not using cached read wrapper
[2015.12.07-03.33.37:871][  0]LogInit:Display: RandInit(759481850) SRandInit(759481851).
[2015.12.07-03.33.37:871][  0]LogTaskGraph: Started task graph with 4 named threads and 7 total threads.
[2015.12.07-03.33.37:871][  0]LogStats: Stats thread started at 0.154087
[2015.12.07-03.33.37:871][  0]LogInit: Version: 4.10.0-2758231+++depot+UE4-Releases+4.10
[2015.12.07-03.33.37:871][  0]LogInit: API Version: 2758231
[2015.12.07-03.33.37:871][  0]LogInit: Compiled (64-bit): Nov  7 2015 05:13:45
[2015.12.07-03.33.37:871][  0]LogInit: Compiled with Visual C++: 19.00.23026.00
[2015.12.07-03.33.37:871][  0]LogInit: Build Configuration: Development
[2015.12.07-03.33.37:871][  0]LogInit: Branch Name: ++depot+UE4-Releases+4.10
[2015.12.07-03.33.37:871][  0]LogInit: Command line:  
[2015.12.07-03.33.37:871][  0]LogInit: Base directory: C:/Program Files/Epic Games/4.10/Engine/Binaries/Win64/
[2015.12.07-03.33.37:871][  0]LogInit: Rocket: 1
[2015.12.07-03.33.37:880][  0]LogInit: Using libcurl 7.41.0
[2015.12.07-03.33.37:880][  0]LogInit:  - built for x86_64-pc-win32
[2015.12.07-03.33.37:880][  0]LogInit:  - supports SSL with WinSSL
[2015.12.07-03.33.37:880][  0]LogInit:  - other features:
[2015.12.07-03.33.37:880][  0]LogInit:      CURL_VERSION_SSL
[2015.12.07-03.33.37:880][  0]LogInit:      CURL_VERSION_IPV6
[2015.12.07-03.33.37:880][  0]LogInit:      CURL_VERSION_ASYNCHDNS
[2015.12.07-03.33.37:880][  0]LogInit:      CURL_VERSION_LARGEFILE
[2015.12.07-03.33.37:880][  0]LogInit:      CURL_VERSION_IDN
[2015.12.07-03.33.37:881][  0]LogInit:  CurlRequestOptions (configurable via config and command line):
[2015.12.07-03.33.37:881][  0]LogInit:  - bVerifyPeer = true  - Libcurl will verify peer certificate
[2015.12.07-03.33.37:881][  0]LogInit:  - bUseHttpProxy = false  - Libcurl will NOT use HTTP proxy
[2015.12.07-03.33.37:881][  0]LogInit:  - bDontReuseConnections = false  - Libcurl will reuse connections
[2015.12.07-03.33.37:881][  0]LogInit:  - CertBundlePath = nullptr  - Libcurl will use whatever was configured at build time.
[2015.12.07-03.33.37:891][  0]LogInit: Presizing for 0 objects not considered by GC, pre-allocating 0 bytes.
[2015.12.07-03.33.37:903][  0]LogInit: Object subsystem initialized
[2015.12.07-03.33.37:936][  0]LogInit: Selected Device Profile: [Windows]
[2015.12.07-03.33.37:936][  0]LogInit: Applying CVar settings loaded from the selected device profile: [Windows]
[2015.12.07-03.33.37:950][  0]LogInit: Computer: DUNNHALL1-PC
[2015.12.07-03.33.37:950][  0]LogInit: User: tmrshall
[2015.12.07-03.33.37:950][  0]LogInit: CPU Page size=4096, Cores=4
[2015.12.07-03.33.37:950][  0]LogInit: High frequency timer resolution =3.312675 MHz
[2015.12.07-03.33.37:950][  0]LogMemory: Memory total: Physical=15.9GB (16GB approx)
[2015.12.07-03.33.37:951][  0]LogMemory: Platform Memory Stats for Windows
[2015.12.07-03.33.37:951][  0]LogMemory: Process Physical Memory: 57.11 MB used, 57.11 MB peak
[2015.12.07-03.33.37:951][  0]LogMemory: Process Virtual Memory: 58.70 MB used, 58.70 MB peak
[2015.12.07-03.33.37:951][  0]LogMemory: Physical Memory: 6335.07 MB used, 16292.07 MB total
[2015.12.07-03.33.37:951][  0]LogMemory: Virtual Memory: 351.51 MB used, 8388608.00 MB total
[2015.12.07-03.33.37:989][  0]LogTextLocalizationManager: No specific translations for ('en-US') exist, so ('en') translations will be used.
[2015.12.07-03.33.38:663][  0]LogD3D11RHI: Found D3D11 adapter 0: Intel(R) HD Graphics 4600 (Feature Level 11_0)
[2015.12.07-03.33.38:663][  0]LogD3D11RHI: Adapter has 192MB of dedicated video memory, 0MB of dedicated system memory, and 1632MB of shared system memory, 1 output[s]
[2015.12.07-03.33.38:671][  0]LogD3D11RHI: Found D3D11 adapter 1: AMD FirePro V4900 (FireGL V) Graphics Adapter (Feature Level 11_0)
[2015.12.07-03.33.38:671][  0]LogD3D11RHI: Adapter has 1003MB of dedicated video memory, 0MB of dedicated system memory, and 7890MB of shared system memory, 0 output[s]
[2015.12.07-03.33.38:672][  0]LogD3D11RHI: Chosen D3D11 Adapter Id = 0
[2015.12.07-03.33.38:677][  0]LogD3D11RHI: !Direct3DDevice
[2015.12.07-03.33.38:677][  0]LogRHI: Texture pool is 705 MB (70% of 1008 MB)
[2015.12.07-03.33.38:686][  0]LogD3D11RHI: Async texture creation enabled
[2015.12.07-03.33.38:694][  0]LogShaderCompilers: Guid format shader working directory is -24 characters bigger than the processId version (../../../../../../Users/tmrshall/Documents/Unreal Projects/MyProject 4.10/Intermediate/Shaders/WorkingDirectory/4368/).
[2015.12.07-03.33.38:694][  0]LogShaderCompilers: Cleaned the shader compiler working directory 'C:/Users/tmrshall/AppData/Local/Temp/UnrealShaderWorkingDir/E2B6406B4B3E5BD7C26319946103FCAC/'.
[2015.12.07-03.33.38:694][  0]LogShaderCompilers:Display: Using Local Shader Compiler.
[2015.12.07-03.33.39:840][  0]LogTemp:Display: Loaded TP AllDesktopTargetPlatform
[2015.12.07-03.33.39:845][  0]LogTemp:Display: Loaded TP WindowsClientTargetPlatform
[2015.12.07-03.33.39:850][  0]LogTemp:Display: Loaded TP WindowsNoEditorTargetPlatform
[2015.12.07-03.33.39:856][  0]LogTemp:Display: Loaded TP WindowsServerTargetPlatform
[2015.12.07-03.33.39:861][  0]LogTemp:Display: Loaded TP WindowsTargetPlatform
[2015.12.07-03.33.39:865][  0]LogTemp:Display: Loaded TP AndroidTargetPlatform
[2015.12.07-03.33.39:869][  0]LogTemp:Display: Loaded TP Android_ASTCTargetPlatform
[2015.12.07-03.33.39:873][  0]LogTemp:Display: Loaded TP Android_ATCTargetPlatform
[2015.12.07-03.33.39:877][  0]LogTemp:Display: Loaded TP Android_DXTTargetPlatform
[2015.12.07-03.33.39:881][  0]LogTemp:Display: Loaded TP Android_ETC1TargetPlatform
[2015.12.07-03.33.39:885][  0]LogTemp:Display: Loaded TP Android_ETC2TargetPlatform
[2015.12.07-03.33.39:895][  0]LogTemp:Display: Loaded TP Android_MultiTargetPlatform
[2015.12.07-03.33.39:895][  0]LogTemp:Display: Loaded TP Android_PVRTCTargetPlatform
[2015.12.07-03.33.39:896][  0]LogTemp:Display: Loaded TP HTML5TargetPlatform
[2015.12.07-03.33.39:912][  0]LogTemp:Display: Loaded TP IOSTargetPlatform
[2015.12.07-03.33.39:914][  0]LogTemp:Display: Loaded TP LinuxNoEditorTargetPlatform
[2015.12.07-03.33.39:918][  0]LogTemp:Display: Loaded TP LinuxServerTargetPlatform
[2015.12.07-03.33.39:921][  0]LogTemp:Display: Loaded TP LinuxTargetPlatform
[2015.12.07-03.33.39:921][  0]LogTargetPlatformManager:Display: Building Assets For Windows
[2015.12.07-03.33.40:018][  0]LogDerivedDataCache:Display: Max Cache Size: 512 MB
[2015.12.07-03.33.40:120][  0]LogDerivedDataCache: Loaded boot cache 0.05s 41MB C:/Users/tmrshall/AppData/Local/UnrealEngine/4.10/DerivedDataCache/Boot.ddc.
[2015.12.07-03.33.40:120][  0]LogDerivedDataCache:Display: Loaded Boot cache: C:/Users/tmrshall/AppData/Local/UnrealEngine/4.10/DerivedDataCache/Boot.ddc
[2015.12.07-03.33.40:120][  0]LogDerivedDataCache: FDerivedDataBackendGraph:  Pak pak cache file ../../../../../../Users/tmrshall/Documents/Unreal Projects/MyProject 4.10/DerivedDataCache/DDC.ddp not found, will not use a pak cache.
[2015.12.07-03.33.40:120][  0]LogDerivedDataCache: Unable to find inner node Pak for hierarchical cache Hierarchy.
[2015.12.07-03.33.40:120][  0]LogDerivedDataCache: FDerivedDataBackendGraph:  CompressedPak pak cache file ../../../../../../Users/tmrshall/Documents/Unreal Projects/MyProject 4.10/DerivedDataCache/Compressed.ddp not found, will not use a pak cache.
[2015.12.07-03.33.40:120][  0]LogDerivedDataCache: Unable to find inner node CompressedPak for hierarchical cache Hierarchy.
[2015.12.07-03.33.40:203][  0]LogDerivedDataCache:Display: Pak cache opened for reading ../../../Engine/DerivedDataCache/Compressed.ddp.
[2015.12.07-03.33.40:215][  0]LogDerivedDataCache: Using Local data cache path C:/Users/tmrshall/AppData/Local/UnrealEngine/Common/DerivedDataCache: Writable
[2015.12.07-03.33.40:390][  0]LogInit: Selected Device Profile: [Windows]
[2015.12.07-03.33.40:391][  0]LogContentStreaming: Texture pool size is 0.000000MB
[2015.12.07-03.33.40:447][  0]LogMeshUtilities: No automatic mesh reduction module available
[2015.12.07-03.33.40:447][  0]LogMeshUtilities: No automatic mesh merging module available
[2015.12.07-03.33.40:807][  0]LogInit: WinSock: version 1.1 (2.2), MaxSocks=32767, MaxUdp=65467
[2015.12.07-03.33.41:449][  0]UdpMessaging: Initializing bridge on interface 0.0.0.0:0 to multicast group 230.0.0.1:6666.
[2015.12.07-03.33.41:533][  0]LogAssetRegistry: FAssetRegistry took 0.0097 seconds to start up
[2015.12.07-03.33.41:666][  0]SourceControl: Info Source control is disabled
[2015.12.07-03.33.41:666][  0]SourceControl: Info Source control is disabled
[2015.12.07-03.33.41:674][  0]SourceControl: Info Source control is disabled
[2015.12.07-03.33.41:682][  0]SourceControl: Info Source control is disabled
[2015.12.07-03.33.41:863][  0]LogObj: 28633 objects as part of root set at end of initial load.
[2015.12.07-03.33.41:863][  0]LogUObjectAllocator: 6099752 out of 0 bytes used by permanent object pool.
[2015.12.07-03.33.41:913][  0]LogEngine: Initializing Engine...
[2015.12.07-03.33.41:914][  0]LogHMD: Can't find Oculus library dev build: is proper Runtime installed? Version: 0.8.0.0
[2015.12.07-03.33.41:914][  0]LogHMD: SteamVR failed to initialize.  Err: 110
[2015.12.07-03.33.42:020][  0]LogAIModule: Creating AISystem for world NewWorld
[2015.12.07-03.33.42:023][  0]LogInit: XAudio2 using 'Speakers / Headphones (Realtek High Definition Audio)' : 2 channels at 48 kHz using 32 bits per sample (channel mask 0x3)
[2015.12.07-03.33.42:034][  0]LogInit: FAudioDevice initialized.
[2015.12.07-03.33.42:056][  0]LogDerivedDataCache: Saved boot cache 0.02s 41MB C:/Users/tmrshall/AppData/Local/UnrealEngine/4.10/DerivedDataCache/Boot.ddc.
[2015.12.07-03.33.42:060][  0]LogInit: Texture streaming: Enabled
[2015.12.07-03.33.42:065][  0]LogAnalytics: Creating configured Analytics provider AnalyticsET
[2015.12.07-03.33.42:065][  0]LogAnalytics: [UEEditor.Rocket.Release] APIServer = http://et2.epicgames.com/ET2/. AppVersion = 4.10.0-2758231+++depot+UE4-Releases+4.10
[2015.12.07-03.33.42:065][  0]LogAnalytics: [UEEditor.Rocket.Release] SetUserId 4bc207b84b28d984db97a78500ab30bb|ae88d476c6fb41c3b4949acfec8ef155|7c0e69f4-42c9-4cf8-ad59-f8b9d7656946
[2015.12.07-03.33.42:065][  0]LogAnalytics: [UEEditor.Rocket.Release] AnalyticsET::StartSession
[2015.12.07-03.33.42:082][  0]LogInit: Transaction tracking system initialized
[2015.12.07-03.33.42:105][  0]BlueprintLog: New page: Editor Load
[2015.12.07-03.33.42:167][  0]LocalizationService: Info Localization service is disabled
[2015.12.07-03.33.42:402][  0]LogConsoleResponse:Display: 
[2015.12.07-03.33.42:496][  0]LogCook:Display: Done creating registry. It took  0.00s.
[2015.12.07-03.33.42:539][  0]LogFileCache: Scanning file cache for directory 'C:/Users/tmrshall/Documents/Unreal Projects/MyProject 4.10/Content/' took 0.01s
[2015.12.07-03.33.42:539][  0]SourceControl: Info Source control is disabled
[2015.12.07-03.33.42:540][  0]Cmd: MAP LOAD FILE="../../../../../../Users/tmrshall/Documents/Unreal Projects/MyProject 4.10/Content/ThirdPersonBP/Maps/ThirdPersonExampleMap.umap" TEMPLATE=0 SHOWPROGRESS=1 FEATURELEVEL=3
[2015.12.07-03.33.42:540][  0]LightingResults: New page: Lighting Build
[2015.12.07-03.33.42:542][  0]MapCheck: New page: Map Check
[2015.12.07-03.33.42:542][  0]LightingResults: New page: Lighting Build
[2015.12.07-03.33.42:552][  0]LogParticles: Destroying 0 GPU particle simulations for FXSystem 0x0000000020B76AC0
[2015.12.07-03.33.43:320][  0]LogAIModule: Creating AISystem for world ThirdPersonExampleMap
[2015.12.07-03.33.43:324][  0]LogMaterial:Warning: Material /Engine/Functions/Engine_MaterialFunctions02/ExampleContent/FlowMaps.FlowMaps needed to have new flag set bUsedWithStaticLighting !
[2015.12.07-03.33.43:339][  0]LogMaterial: Missing cached shader map for material FlowMaps, compiling. 
[2015.12.07-03.33.43:389][  0]MapCheck:Warning: Warning FlowMaps Material /Engine/Functions/Engine_MaterialFunctions02/ExampleContent/FlowMaps.FlowMaps was missing the usage flag bUsedWithStaticLighting. If the material asset is not re-saved, it may not render correctly when run outside the editor. Fix
[2015.12.07-03.33.43:389][  0]LogMaterial: 0.000104 seconds spent updating 1 materials, 1 interfaces, 0 instances, 0 with static permutations.
[2015.12.07-03.33.43:400][  0]LogEditorServer: Finished looking for orphan Actors (0.000 secs)
[2015.12.07-03.33.43:909][  0]Cmd: MAP CHECKDEP NOCLEARLOG
[2015.12.07-03.33.44:011][  0]MapCheck:Warning: Warning ThirdPersonAnimBlueprint_C_0 ThirdPersonAnimBlueprint_C /Game/ThirdPersonBP/Maps/ThirdPersonExampleMap.ThirdPersonExampleMap:PersistentLevel.ThirdPersonCharacter.CharacterMesh0.ThirdPersonAnimBlueprint_C_0 : Externally referenced 
[2015.12.07-03.33.44:011][  0]MapCheck:Warning: Warning ThirdPersonAnimBlueprint_C_0 ThirdPersonAnimBlueprint_C /Game/ThirdPersonBP/Maps/ThirdPersonExampleMap.ThirdPersonExampleMap:PersistentLevel.ThirdPersonCharacter.CharacterMesh0.ThirdPersonAnimBlueprint_C_0 : Externally referenced 
[2015.12.07-03.33.44:011][  0]MapCheck:Warning: Warning ThirdPersonAnimBlueprint_C_0 ThirdPersonAnimBlueprint_C /Game/ThirdPersonBP/Maps/ThirdPersonExampleMap.ThirdPersonExampleMap:PersistentLevel.ThirdPersonCharacter.CharacterMesh0.ThirdPersonAnimBlueprint_C_0 : Externally referenced 
[2015.12.07-03.33.44:012][  0]MapCheck:Warning: Warning ThirdPersonAnimBlueprint_C_0 ThirdPersonAnimBlueprint_C /Game/ThirdPersonBP/Maps/ThirdPersonExampleMap.ThirdPersonExampleMap:PersistentLevel.ThirdPersonCharacter.CharacterMesh0.ThirdPersonAnimBlueprint_C_0 : Externally referenced 
[2015.12.07-03.33.44:012][  0]MapCheck:Warning: Warning ThirdPersonAnimBlueprint_C_0 ThirdPersonAnimBlueprint_C /Game/ThirdPersonBP/Maps/ThirdPersonExampleMap.ThirdPersonExampleMap:PersistentLevel.ThirdPersonCharacter.CharacterMesh0.ThirdPersonAnimBlueprint_C_0 : Externally referenced 
[2015.12.07-03.33.44:012][  0]MapCheck:Warning: Warning CharacterMesh0 SkeletalMeshComponent /Game/ThirdPersonBP/Maps/ThirdPersonExampleMap.ThirdPersonExampleMap:PersistentLevel.ThirdPersonCharacter.CharacterMesh0 : Externally referenced 
[2015.12.07-03.33.44:012][  0]MapCheck:Warning: Warning Cube StaticMeshComponent /Game/ThirdPersonBP/Maps/ThirdPersonExampleMap.ThirdPersonExampleMap:PersistentLevel.Door_C_0.Cube : Externally referenced 
[2015.12.07-03.33.44:012][  0]MapCheck:Warning: Warning Cube1 StaticMeshComponent /Game/ThirdPersonBP/Maps/ThirdPersonExampleMap.ThirdPersonExampleMap:PersistentLevel.NewBlueprint_C_1.Cube1 : Externally referenced 
[2015.12.07-03.33.44:012][  0]MapCheck:Warning: Warning Cube1 StaticMeshComponent /Game/ThirdPersonBP/Maps/ThirdPersonExampleMap.ThirdPersonExampleMap:PersistentLevel.NewBlueprint_C_3.Cube1 : Externally referenced 
[2015.12.07-03.33.44:012][  0]MapCheck:Warning: Warning Cube1 StaticMeshComponent /Game/ThirdPersonBP/Maps/ThirdPersonExampleMap.ThirdPersonExampleMap:PersistentLevel.test1_574.Cube1 : Externally referenced 
[2015.12.07-03.33.44:012][  0]MapCheck:Warning: Warning Cube StaticMeshComponent /Game/ThirdPersonBP/Maps/ThirdPersonExampleMap.ThirdPersonExampleMap:PersistentLevel.NewBlueprint_C_1.Cube : Externally referenced 
[2015.12.07-03.33.44:012][  0]MapCheck:Warning: Warning StaticMeshComponent0 StaticMeshComponent /Game/ThirdPersonBP/Maps/ThirdPersonExampleMap.ThirdPersonExampleMap:PersistentLevel.Floor_2.StaticMeshComponent0 : Externally referenced 
[2015.12.07-03.33.44:012][  0]MapCheck:Warning: Warning StaticMeshComponent0 StaticMeshComponent /Game/ThirdPersonBP/Maps/ThirdPersonExampleMap.ThirdPersonExampleMap:PersistentLevel.Wall1.StaticMeshComponent0 : Externally referenced 
[2015.12.07-03.33.44:012][  0]MapCheck:Warning: Warning StaticMeshComponent0 StaticMeshComponent /Game/ThirdPersonBP/Maps/ThirdPersonExampleMap.ThirdPersonExampleMap:PersistentLevel.Wall2.StaticMeshComponent0 : Externally referenced 
[2015.12.07-03.33.44:012][  0]MapCheck:Warning: Warning StaticMeshComponent0 StaticMeshComponent /Game/ThirdPersonBP/Maps/ThirdPersonExampleMap.ThirdPersonExampleMap:PersistentLevel.Wall3.StaticMeshComponent0 : Externally referenced 
[2015.12.07-03.33.44:013][  0]MapCheck:Warning: Warning StaticMeshComponent0 StaticMeshComponent /Game/ThirdPersonBP/Maps/ThirdPersonExampleMap.ThirdPersonExampleMap:PersistentLevel.Wall4.StaticMeshComponent0 : Externally referenced 
[2015.12.07-03.33.44:013][  0]MapCheck:Warning: Warning Cube StaticMeshComponent /Game/ThirdPersonBP/Maps/ThirdPersonExampleMap.ThirdPersonExampleMap:PersistentLevel.open1.Cube : Externally referenced 
[2015.12.07-03.33.44:013][  0]MapCheck:Warning: Warning Cylinder StaticMeshComponent /Game/ThirdPersonBP/Maps/ThirdPersonExampleMap.ThirdPersonExampleMap:PersistentLevel.Jumpad_199.Cylinder : Externally referenced 
[2015.12.07-03.33.44:013][  0]MapCheck:Warning: Warning Cube1 StaticMeshComponent /Game/ThirdPersonBP/Maps/ThirdPersonExampleMap.ThirdPersonExampleMap:PersistentLevel.NewBlueprint3_C_0.Cube1 : Externally referenced 
[2015.12.07-03.33.44:013][  0]MapCheck:Warning: Warning Cube1 StaticMeshComponent /Game/ThirdPersonBP/Maps/ThirdPersonExampleMap.ThirdPersonExampleMap:PersistentLevel.test2_2.Cube1 : Externally referenced 
[2015.12.07-03.33.44:013][  0]MapCheck:Warning: Warning StaticMeshComponent0 StaticMeshComponent /Game/ThirdPersonBP/Maps/ThirdPersonExampleMap.ThirdPersonExampleMap:PersistentLevel.Bump_StaticMesh.StaticMeshComponent0 : Externally referenced 
[2015.12.07-03.33.44:013][  0]MapCheck:Warning: Warning StaticMeshComponent0 StaticMeshComponent /Game/ThirdPersonBP/Maps/ThirdPersonExampleMap.ThirdPersonExampleMap:PersistentLevel.LeftArm_StaticMesh.StaticMeshComponent0 : Externally referenced 
[2015.12.07-03.33.44:013][  0]MapCheck:Warning: Warning StaticMeshComponent0 StaticMeshComponent /Game/ThirdPersonBP/Maps/ThirdPersonExampleMap.ThirdPersonExampleMap:PersistentLevel.Ramp_StaticMesh.StaticMeshComponent0 : Externally referenced 
[2015.12.07-03.33.44:013][  0]MapCheck:Warning: Warning StaticMeshComponent0 StaticMeshComponent /Game/ThirdPersonBP/Maps/ThirdPersonExampleMap.ThirdPersonExampleMap:PersistentLevel.RightArm_StaticMesh.StaticMeshComponent0 : Externally referenced 
[2015.12.07-03.33.44:013][  0]MapCheck:Warning: Warning StaticMeshComponent0 StaticMeshComponent /Game/ThirdPersonBP/Maps/ThirdPersonExampleMap.ThirdPersonExampleMap:PersistentLevel.Bump_StaticMesh.StaticMeshComponent0 : Externally referenced 
[2015.12.07-03.33.44:013][  0]MapCheck:Warning: Warning StaticMeshComponent0 StaticMeshComponent /Game/ThirdPersonBP/Maps/ThirdPersonExampleMap.ThirdPersonExampleMap:PersistentLevel.CubeMesh_5.StaticMeshComponent0 : Externally referenced 
[2015.12.07-03.33.44:013][  0]MapCheck:Warning: Warning StaticMeshComponent0 StaticMeshComponent /Game/ThirdPersonBP/Maps/ThirdPersonExampleMap.ThirdPersonExampleMap:PersistentLevel.Floor_2.StaticMeshComponent0 : Externally referenced 
[2015.12.07-03.33.44:013][  0]MapCheck:Warning: Warning StaticMeshComponent0 StaticMeshComponent /Game/ThirdPersonBP/Maps/ThirdPersonExampleMap.ThirdPersonExampleMap:PersistentLevel.Wall1.StaticMeshComponent0 : Externally referenced 
[2015.12.07-03.33.44:013][  0]MapCheck:Warning: Warning StaticMeshComponent0 StaticMeshComponent /Game/ThirdPersonBP/Maps/ThirdPersonExampleMap.ThirdPersonExampleMap:PersistentLevel.Wall2.StaticMeshComponent0 : Externally referenced 
[2015.12.07-03.33.44:013][  0]MapCheck:Warning: Warning StaticMeshComponent0 StaticMeshComponent /Game/ThirdPersonBP/Maps/ThirdPersonExampleMap.ThirdPersonExampleMap:PersistentLevel.Wall3.StaticMeshComponent0 : Externally referenced 
[2015.12.07-03.33.44:013][  0]MapCheck:Warning: Warning StaticMeshComponent0 StaticMeshComponent /Game/ThirdPersonBP/Maps/ThirdPersonExampleMap.ThirdPersonExampleMap:PersistentLevel.Wall4.StaticMeshComponent0 : Externally referenced 
[2015.12.07-03.33.44:013][  0]MapCheck:Warning: Warning StaticMeshComponent0 StaticMeshComponent /Game/ThirdPersonBP/Maps/ThirdPersonExampleMap.ThirdPersonExampleMap:PersistentLevel.LeftArm_StaticMesh.StaticMeshComponent0 : Externally referenced 
[2015.12.07-03.33.44:013][  0]MapCheck:Warning: Warning StaticMeshComponent0 StaticMeshComponent /Game/ThirdPersonBP/Maps/ThirdPersonExampleMap.ThirdPersonExampleMap:PersistentLevel.Linear_Stair_StaticMesh.StaticMeshComponent0 : Externally referenced 
[2015.12.07-03.33.44:014][  0]MapCheck:Warning: Warning StaticMeshComponent0 StaticMeshComponent /Game/ThirdPersonBP/Maps/ThirdPersonExampleMap.ThirdPersonExampleMap:PersistentLevel.Ramp_StaticMesh.StaticMeshComponent0 : Externally referenced 
[2015.12.07-03.33.44:014][  0]MapCheck:Warning: Warning StaticMeshComponent0 StaticMeshComponent /Game/ThirdPersonBP/Maps/ThirdPersonExampleMap.ThirdPersonExampleMap:PersistentLevel.RightArm_StaticMesh.StaticMeshComponent0 : Externally referenced 
[2015.12.07-03.33.44:014][  0]MapCheck: Info Map check complete: 0 Error(s), 36 Warning(s), took 104.413ms to complete.
[2015.12.07-03.33.44:021][  0]LogFileHelpers: Loading map 'ThirdPersonExampleMap' took 1.481
[2015.12.07-03.33.44:141][  0]LogCollectionManager: Loaded 0 collections in 0.002456 seconds
[2015.12.07-03.33.44:170][  0]LogFileCache: Scanning file cache for directory 'C:/Users/tmrshall/Documents/Unreal Projects/MyProject 4.10/Saved/Collections/' took 0.01s
[2015.12.07-03.33.44:170][  0]LogFileCache: Scanning file cache for directory 'C:/Users/tmrshall/Documents/Unreal Projects/MyProject 4.10/Content/Developers/tmrshall/Collections/' took 0.01s
[2015.12.07-03.33.44:170][  0]LogFileCache: Scanning file cache for directory 'C:/Users/tmrshall/Documents/Unreal Projects/MyProject 4.10/Content/Collections/' took 0.00s
[2015.12.07-03.33.44:170][  0]LogCollectionManager: Rebuilt the GUID cache for 0 collections in 0.000002 seconds
[2015.12.07-03.33.44:182][  0]LogContentBrowser: Native class hierarchy populated in 0.0120 seconds. Added 1893 classes and 338 folders.
[2015.12.07-03.33.44:190][  0]LogContentBrowser: Native class hierarchy updated for 'WidgetCarousel' in 0.0004 seconds. Added 0 classes and 0 folders.
[2015.12.07-03.33.44:245][  0]LogContentBrowser: Native class hierarchy updated for 'AddContentDialog' in 0.0004 seconds. Added 0 classes and 0 folders.
[2015.12.07-03.33.44:250][  0]LogContentBrowser: Native class hierarchy updated for 'SceneOutliner' in 0.0004 seconds. Added 1 classes and 2 folders.
[2015.12.07-03.33.44:318][  0]LogCrashTracker: Crashtracker disabled due to settings.
[2015.12.07-03.33.44:321][  0]LogUObjectGlobals:Warning: Failed to find object 'Class None.'
[2015.12.07-03.33.44:361][  0]LogLoad: Full Startup: 7.26 seconds (BP compile: 0.13 seconds)
[2015.12.07-03.33.44:373][  0]LogOcInput: Can't find Oculus library dev build: is proper Runtime installed? Version: 0.8.0.0
[2015.12.07-03.33.44:428][  0]LogContentStreaming: Texture pool size now 400 MB
[2015.12.07-03.33.44:672][  0]LogRenderer: Reallocating scene render targets to support 700x552 (Frame:2).
[2015.12.07-03.33.46:570][ 74]LogCollectionManager: Rebuilt the object cache for 0 collections in 0.000002 seconds (found 0 objects)
[2015.12.07-03.33.49:577][326]LogLinker:Warning: Asset '../../../Engine/Content/ArtTools/RenderToTexture/Macros/RenderToTextureMacros.uasset' has been saved with empty engine version. The asset will be loaded but may be incompatible.
[2015.12.07-03.33.49:955][326]LogContentBrowser: Native class hierarchy updated for 'BlueprintGraph' in 0.0006 seconds. Added 107 classes and 0 folders.
[2015.12.07-03.33.55:331][669]BlueprintLog: New page: Compile ThirdPersonExampleMap
[2015.12.07-03.33.55:377][669]LogActorComponent: UnregisterComponent: (/Engine/Transient.CharMoveComp) Not registered. Aborting.
[2015.12.07-03.33.55:420][669]BlueprintEditorCompileResults: Info [0018.32] Compile of ThirdPersonExampleMap successful! [in 89 ms]
[2015.12.07-03.33.55:457][670]LogAssetRegistry: Asset discovery search completed in 13.9335 seconds
[2015.12.07-03.33.55:457][670]LogCollectionManager: Fixed up redirectors for 0 collections in 0.000004 seconds (updated 0 objects)
[2015.12.07-03.34.28:979][218]LogUProjectInfo: Found projects:
[2015.12.07-03.34.32:374][561]Cmd: CLOSE_SLATE_MAINFRAME
[2015.12.07-03.34.32:374][561]LogActorComponent: UnregisterComponent: (/Engine/Transient.CharMoveComp) Not registered. Aborting.
[2015.12.07-03.34.32:398][561]LogParticles: Destroying 0 GPU particle simulations for FXSystem 0x000000004D060E00
[2015.12.07-03.34.32:399][561]LogParticles: Destroying 0 GPU particle simulations for FXSystem 0x0000000047811620
[2015.12.07-03.34.36:664][561]LogSavePackage: Save=923.179016ms
[2015.12.07-03.34.36:664][561]LogSavePackage: Moving '../../../../../../Users/tmrshall/Documents/Unreal Projects/MyProject 4.10/Saved/ThirdPersonExampleMapD330A248438ADBF23513FC9BE997ED04.tmp' to '../../../../../../Users/tmrshall/Documents/Unreal Projects/MyProject 4.10/Content/ThirdPersonBP/Maps/ThirdPersonExampleMap.umap'
[2015.12.07-03.34.36:688][561]LogSavePackage: Total save time: 984.569266ms
[2015.12.07-03.34.36:688][561]LogSavePackage:Display: Finished SavePackage ../../../../../../Users/tmrshall/Documents/Unreal Projects/MyProject 4.10/Content/ThirdPersonBP/Maps/ThirdPersonExampleMap.umap
[2015.12.07-03.34.36:714][561]LogFileHelpers: Saving map 'ThirdPersonExampleMap' took 2.818
[2015.12.07-03.34.37:015][562]Cmd: QUIT_EDITOR
[2015.12.07-03.34.37:148][562]LogExit: Preparing to exit.
[2015.12.07-03.34.37:530][562]LogExit: Editor shut down
[2015.12.07-03.34.37:530][562]LogExit: Transaction tracking system shut down
[2015.12.07-03.34.37:532][562]LogParticles: Destroying 0 GPU particle simulations for FXSystem 0x0000000024FDB740
[2015.12.07-03.34.37:533][562]LogParticles: Destroying 0 GPU particle simulations for FXSystem 0x000000003F9EC2C0
[2015.12.07-03.34.37:533][562]LogParticles: Destroying 0 GPU particle simulations for FXSystem 0x000000003FFA8C20
[2015.12.07-03.34.37:533][562]LogParticles: Destroying 0 GPU particle simulations for FXSystem 0x0000000047947420
[2015.12.07-03.34.37:533][562]LogParticles: Destroying 0 GPU particle simulations for FXSystem 0x00000000479472E0
[2015.12.07-03.34.37:732][562]LogExit: Object subsystem successfully closed.
[2015.12.07-03.34.37:745][562]LogD3D11RHI: Shutdown
[2015.12.07-03.34.37:745][562]LogD3D11RHI: CleanupD3DDevice
[2015.12.07-03.34.37:803][562]LogD3D11RHI: ~FD3D11DynamicRHI
[2015.12.07-03.34.37:819][562]LogModuleManager: Shutting down and abandoning module CookingStats (200)
[2015.12.07-03.34.37:819][562]LogModuleManager: Shutting down and abandoning module BlueprintGraph (199)
[2015.12.07-03.34.37:819][562]LogModuleManager: Shutting down and abandoning module CrashTracker (198)
[2015.12.07-03.34.37:819][562]LogModuleManager: Shutting down and abandoning module SceneOutliner (197)
[2015.12.07-03.34.37:819][562]LogModuleManager: Shutting down and abandoning module SuperSearch (196)
[2015.12.07-03.34.37:819][562]LogModuleManager: Shutting down and abandoning module WidgetCarousel (195)
[2015.12.07-03.34.37:819][562]LogModuleManager: Shutting down and abandoning module AddContentDialog (194)
[2015.12.07-03.34.37:819][562]LogModuleManager: Shutting down and abandoning module EditorWidgets (193)
[2015.12.07-03.34.37:819][562]LogModuleManager: Shutting down and abandoning module CollectionManager (192)
[2015.12.07-03.34.37:819][562]LogModuleManager: Shutting down and abandoning module StatsViewer (191)
[2015.12.07-03.34.37:819][562]LogModuleManager: Shutting down and abandoning module FoliageEdit (190)
[2015.12.07-03.34.37:819][562]LogModuleManager: Shutting down and abandoning module LandscapeEditor (189)
[2015.12.07-03.34.37:820][562]LogModuleManager: Shutting down and abandoning module ActorPickerMode (188)
[2015.12.07-03.34.37:820][562]LogModuleManager: Shutting down and abandoning module GeometryMode (187)
[2015.12.07-03.34.37:820][562]LogModuleManager: Shutting down and abandoning module TextureAlignMode (186)
[2015.12.07-03.34.37:820][562]LogModuleManager: Shutting down and abandoning module BspMode (185)
[2015.12.07-03.34.37:820][562]LogModuleManager: Shutting down and abandoning module PlacementMode (184)
[2015.12.07-03.34.37:820][562]LogModuleManager: Shutting down and abandoning module AutomationWorker (183)
[2015.12.07-03.34.37:820][562]LogModuleManager: Shutting down and abandoning module CharacterAI (182)
[2015.12.07-03.34.37:820][562]LogModuleManager: Shutting down and abandoning module SmartSnapping (181)
[2015.12.07-03.34.37:820][562]LogModuleManager: Shutting down and abandoning module ViewportSnapping (180)
[2015.12.07-03.34.37:820][562]LogModuleManager: Shutting down and abandoning module LogVisualizer (179)
[2015.12.07-03.34.37:820][562]LogModuleManager: Shutting down and abandoning module GameProjectGeneration (178)
[2015.12.07-03.34.37:820][562]LogModuleManager: Shutting down and abandoning module IntroTutorials (177)
[2015.12.07-03.34.37:820][562]LogModuleManager: Shutting down and abandoning module EditorLiveStreaming (176)
[2015.12.07-03.34.37:820][562]LogModuleManager: Shutting down and abandoning module IOSPlatformEditor (175)
[2015.12.07-03.34.37:820][562]LogModuleManager: Shutting down and abandoning module HTML5PlatformEditor (174)
[2015.12.07-03.34.37:820][562]LogModuleManager: Shutting down and abandoning module AndroidDeviceDetection (173)
[2015.12.07-03.34.38:201][562]LogModuleManager: Shutting down and abandoning module AndroidPlatformEditor (172)
[2015.12.07-03.34.38:201][562]LogModuleManager: Shutting down and abandoning module IOSRuntimeSettings (171)
[2015.12.07-03.34.38:201][562]LogModuleManager: Shutting down and abandoning module AndroidRuntimeSettings (170)
[2015.12.07-03.34.38:201][562]LogModuleManager: Shutting down and abandoning module MergeActors (169)
[2015.12.07-03.34.38:201][562]LogModuleManager: Shutting down and abandoning module SizeMap (168)
[2015.12.07-03.34.38:201][562]LogModuleManager: Shutting down and abandoning module TreeMap (167)
[2015.12.07-03.34.38:201][562]LogModuleManager: Shutting down and abandoning module ReferenceViewer (166)
[2015.12.07-03.34.38:201][562]LogModuleManager: Shutting down and abandoning module LocalizationService (165)
[2015.12.07-03.34.38:201][562]LogModuleManager: Shutting down and abandoning module LocalizationDashboard (164)
[2015.12.07-03.34.38:201][562]LogModuleManager: Shutting down and abandoning module HardwareTargeting (163)
[2015.12.07-03.34.38:201][562]LogModuleManager: Shutting down and abandoning module DeviceProfileEditor (162)
[2015.12.07-03.34.38:201][562]LogModuleManager: Shutting down and abandoning module UndoHistory (161)
[2015.12.07-03.34.38:201][562]LogModuleManager: Shutting down and abandoning module GameplayTagsEditor (160)
[2015.12.07-03.34.38:201][562]LogModuleManager: Shutting down and abandoning module UserFeedback (159)
[2015.12.07-03.34.38:201][562]LogModuleManager: Shutting down and abandoning module XmlParser (158)
[2015.12.07-03.34.38:201][562]LogModuleManager: Shutting down and abandoning module Blutility (157)
[2015.12.07-03.34.38:201][562]LogModuleManager: Shutting down and abandoning module ProjectTargetPlatformEditor (156)
[2015.12.07-03.34.38:201][562]LogModuleManager: Shutting down and abandoning module ProjectSettingsViewer (155)
[2015.12.07-03.34.38:201][562]LogModuleManager: Shutting down and abandoning module InputBindingEditor (154)
[2015.12.07-03.34.38:201][562]LogModuleManager: Shutting down and abandoning module EditorSettingsViewer (153)
[2015.12.07-03.34.38:201][562]LogModuleManager: Shutting down and abandoning module SettingsEditor (152)
[2015.12.07-03.34.38:201][562]LogModuleManager: Shutting down and abandoning module ProjectLauncher (151)
[2015.12.07-03.34.38:201][562]LogModuleManager: Shutting down and abandoning module SessionFrontend (150)
[2015.12.07-03.34.38:201][562]LogModuleManager: Shutting down and abandoning module ProfilerClient (149)
[2015.12.07-03.34.38:201][562]LogModuleManager: Shutting down and abandoning module TargetDeviceServices (148)
[2015.12.07-03.34.38:201][562]LogModuleManager: Shutting down and abandoning module DeviceManager (147)
[2015.12.07-03.34.38:201][562]LogModuleManager: Shutting down and abandoning module AutomationController (146)
[2015.12.07-03.34.38:201][562]LogModuleManager: Shutting down and abandoning module AutomationWindow (145)
[2015.12.07-03.34.38:201][562]LogModuleManager: Shutting down and abandoning module Layers (144)
[2015.12.07-03.34.38:201][562]LogModuleManager: Shutting down and abandoning module ComponentVisualizers (143)
[2015.12.07-03.34.38:202][562]LogModuleManager: Shutting down and abandoning module DetailCustomizations (142)
[2015.12.07-03.34.38:202][562]LogModuleManager: Shutting down and abandoning module PackagesDialog (141)
[2015.12.07-03.34.38:202][562]LogModuleManager: Shutting down and abandoning module Persona (140)
[2015.12.07-03.34.38:202][562]LogModuleManager: Shutting down and abandoning module Kismet (139)
[2015.12.07-03.34.38:202][562]LogModuleManager: Shutting down and abandoning module GraphEditor (138)
[2015.12.07-03.34.38:202][562]LogModuleManager: Shutting down and abandoning module ClassViewer (137)
[2015.12.07-03.34.38:202][562]LogModuleManager: Shutting down and abandoning module Toolbox (136)
[2015.12.07-03.34.38:202][562]LogModuleManager: Shutting down and abandoning module ModuleUI (135)
[2015.12.07-03.34.38:202][562]LogModuleManager: Shutting down and abandoning module MovieSceneTools (134)
[2015.12.07-03.34.38:202][562]LogModuleManager: Shutting down and abandoning module OutputLog (133)
[2015.12.07-03.34.38:202][562]LogModuleManager: Shutting down and abandoning module GammaUI (132)
[2015.12.07-03.34.38:202][562]LogModuleManager: Shutting down and abandoning module Documentation (131)
[2015.12.07-03.34.38:202][562]LogModuleManager: Shutting down and abandoning module GameLiveStreaming (130)
[2015.12.07-03.34.38:202][562]LogModuleManager: Shutting down and abandoning module StreamingPauseRendering (129)
[2015.12.07-03.34.38:202][562]LogModuleManager: Shutting down and abandoning module AnalyticsET (128)
[2015.12.07-03.34.38:202][562]LogModuleManager: Shutting down and abandoning module Analytics (127)
[2015.12.07-03.34.38:202][562]LogModuleManager: Shutting down and abandoning module AITestSuite (126)
[2015.12.07-03.34.38:202][562]LogModuleManager: Shutting down and abandoning module GameplayDebugger (125)
[2015.12.07-03.34.38:202][562]LogModuleManager: Shutting down and abandoning module AIModule (124)
[2015.12.07-03.34.38:202][562]LogModuleManager: Shutting down and abandoning module ProfilerService (123)
[2015.12.07-03.34.38:373][562]LogModuleManager: Shutting down and abandoning module TaskGraph (122)
[2015.12.07-03.34.38:373][562]LogModuleManager: Shutting down and abandoning module SlateRemote (121)
[2015.12.07-03.34.38:373][562]LogModuleManager: Shutting down and abandoning module SteamVRController (120)
[2015.12.07-03.34.38:373][562]LogModuleManager: Shutting down and abandoning module SteamVR (119)
[2015.12.07-03.34.38:373][562]LogModuleManager: Shutting down and abandoning module ProceduralMeshComponent (118)
[2015.12.07-03.34.38:373][562]LogModuleManager: Shutting down and abandoning module OculusLibrary (117)
[2015.12.07-03.34.38:373][562]LogModuleManager: Shutting down and abandoning module OculusInput (116)
[2015.12.07-03.34.38:373][562]LogModuleManager: Shutting down and abandoning module LeapMotionController (115)
[2015.12.07-03.34.38:382][562]LogModuleManager: Shutting down and abandoning module CustomMeshComponent (114)
[2015.12.07-03.34.38:382][562]LogModuleManager: Shutting down and abandoning module CableComponent (113)
[2015.12.07-03.34.38:382][562]LogModuleManager: Shutting down and abandoning module ArchVisCharacter (112)
[2015.12.07-03.34.38:382][562]LogModuleManager: Shutting down and abandoning module MessagingDebugger (111)
[2015.12.07-03.34.38:382][562]LogModuleManager: Shutting down and abandoning module MediaPlayerEditor (110)
[2015.12.07-03.34.38:382][562]LogModuleManager: Shutting down and abandoning module HTML5Networking (109)
[2015.12.07-03.34.38:382][562]LogModuleManager: Shutting down and abandoning module SpeedTreeImporter (108)
[2015.12.07-03.34.38:382][562]LogModuleManager: Shutting down and abandoning module PluginBrowser (107)
[2015.12.07-03.34.38:382][562]LogModuleManager: Shutting down and abandoning module EpicSurvey (106)
[2015.12.07-03.34.38:382][562]LogModuleManager: Shutting down and abandoning module DesktopPlatform (105)
[2015.12.07-03.34.38:382][562]LogModuleManager: Shutting down and abandoning module VisualStudioSourceCodeAccess (104)
[2015.12.07-03.34.38:382][562]LogModuleManager: Shutting down and abandoning module UObjectPlugin (103)
[2015.12.07-03.34.38:382][562]LogModuleManager: Shutting down and abandoning module SubversionSourceControl (102)
[2015.12.07-03.34.38:382][562]LogModuleManager: Shutting down and abandoning module PerforceSourceControl (101)
[2015.12.07-03.34.38:382][562]LogModuleManager: Shutting down and abandoning module SourceControl (100)
[2015.12.07-03.34.38:382][562]LogModuleManager: Shutting down and abandoning module GitSourceControl (99)
[2015.12.07-03.34.38:382][562]LogModuleManager: Shutting down and abandoning module LightPropagationVolumeEditor (98)
[2015.12.07-03.34.38:382][562]LogModuleManager: Shutting down and abandoning module PaperTiledImporter (97)
[2015.12.07-03.34.38:382][562]LogModuleManager: Shutting down and abandoning module PaperSpriteSheetImporter (96)
[2015.12.07-03.34.38:382][562]LogModuleManager: Shutting down and abandoning module MeshPaint (95)
[2015.12.07-03.34.38:382][562]LogModuleManager: Shutting down and abandoning module SlateReflector (94)
[2015.12.07-03.34.38:382][562]LogModuleManager: Shutting down and abandoning module HotReload (93)
[2015.12.07-03.34.38:382][562]LogModuleManager: Shutting down and abandoning module MainFrame (92)
[2015.12.07-03.34.38:382][562]LogModuleManager: Shutting down and abandoning module LevelEditor (91)
[2015.12.07-03.34.38:383][562]LogModuleManager: Shutting down and abandoning module DirectoryWatcher (90)
[2015.12.07-03.34.38:384][562]LogModuleManager: Shutting down and abandoning module AssetRegistry (89)
[2015.12.07-03.34.38:519][562]LogModuleManager: Shutting down and abandoning module ContentBrowser (88)
[2015.12.07-03.34.38:520][562]LogModuleManager: Shutting down and abandoning module Paper2DEditor (87)
[2015.12.07-03.34.38:520][562]LogModuleManager: Shutting down and abandoning module UdpMessaging (86)
[2015.12.07-03.34.38:621][562]LogModuleManager: Shutting down and abandoning module LightPropagationVolumeRuntime (85)
[2015.12.07-03.34.38:621][562]LogModuleManager: Shutting down and abandoning module Paper2D (84)
[2015.12.07-03.34.38:621][562]LogModuleManager: Shutting down and abandoning module WindowsMoviePlayer (83)
[2015.12.07-03.34.38:624][562]LogModuleManager: Shutting down and abandoning module Media (82)
[2015.12.07-03.34.38:624][562]LogModuleManager: Shutting down and abandoning module WmfMedia (81)
[2015.12.07-03.34.38:624][562]LogModuleManager: Shutting down and abandoning module OnlineBlueprintSupport (80)
[2015.12.07-03.34.38:624][562]LogModuleManager: Shutting down and abandoning module GameplayTasksEditor (79)
[2015.12.07-03.34.38:624][562]LogModuleManager: Shutting down and abandoning module PropertyEditor (78)
[2015.12.07-03.34.38:625][562]LogModuleManager: Shutting down and abandoning module BehaviorTreeEditor (77)
[2015.12.07-03.34.38:625][562]LogModuleManager: Shutting down and abandoning module FunctionalTesting (76)
[2015.12.07-03.34.38:625][562]LogModuleManager: Shutting down and abandoning module CollisionAnalyzer (75)
[2015.12.07-03.34.38:625][562]LogModuleManager: Shutting down and abandoning module WorkspaceMenuStructure (74)
[2015.12.07-03.34.38:625][562]LogModuleManager: Shutting down and abandoning module MessageLog (73)
[2015.12.07-03.34.38:625][562]LogModuleManager: Shutting down and abandoning module Sequencer (72)
[2015.12.07-03.34.38:625][562]LogModuleManager: Shutting down and abandoning module AssetTools (71)
[2015.12.07-03.34.38:625][562]LogModuleManager: Shutting down and abandoning module UMGEditor (70)
[2015.12.07-03.34.38:625][562]LogModuleManager: Shutting down and abandoning module UMG (69)
[2015.12.07-03.34.38:625][562]LogModuleManager: Shutting down and abandoning module Slate (68)
[2015.12.07-03.34.38:625][562]LogModuleManager: Shutting down and abandoning module EditorStyle (67)
[2015.12.07-03.34.38:627][562]LogModuleManager: Shutting down and abandoning module SessionServices (66)
[2015.12.07-03.34.38:627][562]LogModuleManager: Shutting down and abandoning module SourceCodeAccess (65)
[2015.12.07-03.34.38:627][562]LogModuleManager: Shutting down and abandoning module HeadMountedDisplay (64)
[2015.12.07-03.34.38:627][562]LogModuleManager: Shutting down and abandoning module XAudio2 (63)
[2015.12.07-03.34.38:627][562]LogModuleManager: Shutting down and abandoning module Networking (61)
[2015.12.07-03.34.38:627][562]LogModuleManager: Shutting down and abandoning module Core (60)
[2015.12.07-03.34.38:627][562]LogModuleManager: Shutting down and abandoning module KismetCompiler (59)
[2015.12.07-03.34.38:627][562]LogModuleManager: Shutting down and abandoning module PhysXFormats (58)
[2015.12.07-03.34.38:627][562]LogModuleManager: Shutting down and abandoning module MeshUtilities (57)
[2015.12.07-03.34.38:627][562]LogModuleManager: Shutting down and abandoning module DerivedDataCache (56)
[2015.12.07-03.34.38:752][562]LogDerivedDataCache: Shutdown
[2015.12.07-03.34.38:752][562]LogModuleManager: Shutting down and abandoning module ShaderFormatOpenGL (55)
[2015.12.07-03.34.38:752][562]LogModuleManager: Shutting down and abandoning module ShaderFormatD3D (54)
[2015.12.07-03.34.38:752][562]LogModuleManager: Shutting down and abandoning module MetalShaderFormat (53)
[2015.12.07-03.34.38:752][562]LogModuleManager: Shutting down and abandoning module TextureFormatUncompressed (52)
[2015.12.07-03.34.38:752][562]LogModuleManager: Shutting down and abandoning module TextureFormatPVR (51)
[2015.12.07-03.34.38:752][562]LogModuleManager: Shutting down and abandoning module TextureFormatIntelISPCTexComp (50)
[2015.12.07-03.34.38:752][562]LogModuleManager: Shutting down and abandoning module TextureFormatDXT (49)
[2015.12.07-03.34.38:752][562]LogModuleManager: Shutting down and abandoning module ImageWrapper (48)
[2015.12.07-03.34.38:752][562]LogModuleManager: Shutting down and abandoning module TextureFormatASTC (47)
[2015.12.07-03.34.38:752][562]LogModuleManager: Shutting down and abandoning module TextureFormatAndroid (46)
[2015.12.07-03.34.38:752][562]LogModuleManager: Shutting down and abandoning module AudioFormatOpus (45)
[2015.12.07-03.34.38:752][562]LogModuleManager: Shutting down and abandoning module AudioFormatOgg (44)
[2015.12.07-03.34.38:753][562]LogModuleManager: Shutting down and abandoning module AudioFormatADPCM (43)
[2015.12.07-03.34.38:753][562]LogModuleManager: Shutting down and abandoning module LinuxTargetPlatform (42)
[2015.12.07-03.34.38:753][562]LogModuleManager: Shutting down and abandoning module LinuxServerTargetPlatform (41)
[2015.12.07-03.34.38:753][562]LogModuleManager: Shutting down and abandoning module LinuxNoEditorTargetPlatform (40)
[2015.12.07-03.34.38:753][562]LogModuleManager: Shutting down and abandoning module Messaging (39)
[2015.12.07-03.34.38:753][562]LogModuleManager: Shutting down and abandoning module IOSTargetPlatform (38)
[2015.12.07-03.34.38:753][562]LogModuleManager: Shutting down and abandoning module HTML5TargetPlatform (37)
[2015.12.07-03.34.38:753][562]LogModuleManager: Shutting down and abandoning module Android_PVRTCTargetPlatform (36)
[2015.12.07-03.34.38:753][562]LogModuleManager: Shutting down and abandoning module Android_MultiTargetPlatform (35)
[2015.12.07-03.34.38:753][562]LogModuleManager: Shutting down and abandoning module Android_ETC2TargetPlatform (34)
[2015.12.07-03.34.38:753][562]LogModuleManager: Shutting down and abandoning module Android_ETC1TargetPlatform (33)
[2015.12.07-03.34.38:753][562]LogModuleManager: Shutting down and abandoning module Android_DXTTargetPlatform (32)
[2015.12.07-03.34.38:753][562]LogModuleManager: Shutting down and abandoning module Android_ATCTargetPlatform (31)
[2015.12.07-03.34.38:753][562]LogModuleManager: Shutting down and abandoning module Android_ASTCTargetPlatform (30)
[2015.12.07-03.34.38:753][562]LogModuleManager: Shutting down and abandoning module AndroidTargetPlatform (29)
[2015.12.07-03.34.38:753][562]LogModuleManager: Shutting down and abandoning module WindowsTargetPlatform (28)
[2015.12.07-03.34.38:753][562]LogModuleManager: Shutting down and abandoning module WindowsServerTargetPlatform (27)
[2015.12.07-03.34.38:753][562]LogModuleManager: Shutting down and abandoning module WindowsNoEditorTargetPlatform (26)
[2015.12.07-03.34.38:753][562]LogModuleManager: Shutting down and abandoning module WindowsClientTargetPlatform (25)
[2015.12.07-03.34.38:753][562]LogModuleManager: Shutting down and abandoning module AllDesktopTargetPlatform (24)
[2015.12.07-03.34.38:753][562]LogModuleManager: Shutting down and abandoning module TargetPlatform (23)
[2015.12.07-03.34.38:753][562]LogModuleManager: Shutting down and abandoning module InputCore (22)
[2015.12.07-03.34.38:753][562]LogModuleManager: Shutting down and abandoning module Settings (21)
[2015.12.07-03.34.38:753][562]LogModuleManager: Shutting down and abandoning module OnlineSubsystem (19)
[2015.12.07-03.34.38:753][562]LogModuleManager: Shutting down and abandoning module HTTP (18)
[2015.12.07-03.34.40:753][562]LogModuleManager: Shutting down and abandoning module XMPP (17)
[2015.12.07-03.34.40:753][562]LogModuleManager: Shutting down and abandoning module OculusRift (16)
[2015.12.07-03.34.40:753][562]LogModuleManager: Shutting down and abandoning module ExampleDeviceProfileSelector (15)
[2015.12.07-03.34.40:753][562]LogModuleManager: Shutting down and abandoning module TextureCompressor (14)
[2015.12.07-03.34.40:753][562]LogModuleManager: Shutting down and abandoning module ShaderCore (13)
[2015.12.07-03.34.40:753][562]LogModuleManager: Shutting down and abandoning module Landscape (12)
[2015.12.07-03.34.40:753][562]LogModuleManager: Shutting down and abandoning module SlateRHIRenderer (11)
[2015.12.07-03.34.40:753][562]LogModuleManager: Shutting down and abandoning module OpenGLDrv (10)
[2015.12.07-03.34.40:753][562]LogModuleManager: Shutting down and abandoning module D3D11RHI (9)
[2015.12.07-03.34.40:753][562]LogModuleManager: Shutting down and abandoning module AnimGraphRuntime (8)
[2015.12.07-03.34.40:753][562]LogModuleManager: Shutting down and abandoning module Renderer (7)
[2015.12.07-03.34.40:753][562]LogModuleManager: Shutting down and abandoning module Engine (6)
[2015.12.07-03.34.40:753][562]LogModuleManager: Shutting down and abandoning module CoreUObject (5)
[2015.12.07-03.34.40:754][562]LogModuleManager: Shutting down and abandoning module NetworkFile (4)
[2015.12.07-03.34.40:754][562]LogModuleManager: Shutting down and abandoning module StreamingFile (3)
[2015.12.07-03.34.40:754][562]LogModuleManager: Shutting down and abandoning module SandboxFile (2)
[2015.12.07-03.34.40:754][562]LogModuleManager: Shutting down and abandoning module PakFile (1)
[2015.12.07-03.34.40:754][562]LogExit: Exiting.
[2015.12.07-03.34.40:769][562]Log file closed, 12/06/15 21:34:40
