[2016.01.07-20.57.25:397][  0]Log file open, 01/07/16 14:57:25
[2016.01.07-20.57.25:397][  0]LogInit:Display: Running engine for game: MyProject
[2016.01.07-20.57.25:397][  0]LogPlatformFile: Not using cached read wrapper
[2016.01.07-20.57.25:397][  0]LogInit:Display: RandInit(-265981531) SRandInit(-265981529).
[2016.01.07-20.57.25:397][  0]LogTaskGraph: Started task graph with 4 named threads and 7 total threads.
[2016.01.07-20.57.25:397][  0]LogStats: Stats thread started at 0.104812
[2016.01.07-20.57.25:397][  0]LogInit: Version: 4.10.0-2758231+++depot+UE4-Releases+4.10
[2016.01.07-20.57.25:397][  0]LogInit: API Version: 2758231
[2016.01.07-20.57.25:397][  0]LogInit: Compiled (64-bit): Nov  7 2015 05:13:45
[2016.01.07-20.57.25:397][  0]LogInit: Compiled with Visual C++: 19.00.23026.00
[2016.01.07-20.57.25:397][  0]LogInit: Build Configuration: Development
[2016.01.07-20.57.25:397][  0]LogInit: Branch Name: ++depot+UE4-Releases+4.10
[2016.01.07-20.57.25:397][  0]LogInit: Command line:  
[2016.01.07-20.57.25:397][  0]LogInit: Base directory: C:/Program Files/Epic Games/4.10/Engine/Binaries/Win64/
[2016.01.07-20.57.25:397][  0]LogInit: Rocket: 1
[2016.01.07-20.57.25:412][  0]LogInit: Using libcurl 7.41.0
[2016.01.07-20.57.25:412][  0]LogInit:  - built for x86_64-pc-win32
[2016.01.07-20.57.25:412][  0]LogInit:  - supports SSL with WinSSL
[2016.01.07-20.57.25:412][  0]LogInit:  - other features:
[2016.01.07-20.57.25:412][  0]LogInit:      CURL_VERSION_SSL
[2016.01.07-20.57.25:412][  0]LogInit:      CURL_VERSION_IPV6
[2016.01.07-20.57.25:412][  0]LogInit:      CURL_VERSION_ASYNCHDNS
[2016.01.07-20.57.25:412][  0]LogInit:      CURL_VERSION_LARGEFILE
[2016.01.07-20.57.25:412][  0]LogInit:      CURL_VERSION_IDN
[2016.01.07-20.57.25:412][  0]LogInit:  CurlRequestOptions (configurable via config and command line):
[2016.01.07-20.57.25:412][  0]LogInit:  - bVerifyPeer = true  - Libcurl will verify peer certificate
[2016.01.07-20.57.25:412][  0]LogInit:  - bUseHttpProxy = false  - Libcurl will NOT use HTTP proxy
[2016.01.07-20.57.25:412][  0]LogInit:  - bDontReuseConnections = false  - Libcurl will reuse connections
[2016.01.07-20.57.25:412][  0]LogInit:  - CertBundlePath = nullptr  - Libcurl will use whatever was configured at build time.
[2016.01.07-20.57.25:437][  0]LogInit: Presizing for 0 objects not considered by GC, pre-allocating 0 bytes.
[2016.01.07-20.57.25:442][  0]LogInit: Object subsystem initialized
[2016.01.07-20.57.25:443][  0]LogInit: Selected Device Profile: [Windows]
[2016.01.07-20.57.25:443][  0]LogInit: Applying CVar settings loaded from the selected device profile: [Windows]
[2016.01.07-20.57.25:463][  0]LogInit: Computer: DESKTOP-0KEMCM7
[2016.01.07-20.57.25:463][  0]LogInit: User: cfiauser
[2016.01.07-20.57.25:463][  0]LogInit: CPU Page size=4096, Cores=4
[2016.01.07-20.57.25:463][  0]LogInit: High frequency timer resolution =2.531251 MHz
[2016.01.07-20.57.25:463][  0]LogMemory: Memory total: Physical=15.9GB (16GB approx)
[2016.01.07-20.57.25:463][  0]LogMemory: Platform Memory Stats for Windows
[2016.01.07-20.57.25:463][  0]LogMemory: Process Physical Memory: 55.77 MB used, 55.77 MB peak
[2016.01.07-20.57.25:463][  0]LogMemory: Process Virtual Memory: 58.67 MB used, 58.67 MB peak
[2016.01.07-20.57.25:463][  0]LogMemory: Physical Memory: 2409.88 MB used, 16283.51 MB total
[2016.01.07-20.57.25:463][  0]LogMemory: Virtual Memory: 384.39 MB used, 134217728.00 MB total
[2016.01.07-20.57.26:013][  0]LogTextLocalizationManager: No specific translations for ('en-US') exist, so ('en') translations will be used.
[2016.01.07-20.57.26:713][  0]LogD3D11RHI: Found D3D11 adapter 0: NVIDIA GeForce GTX 980M    (Feature Level 11_0)
[2016.01.07-20.57.26:713][  0]LogD3D11RHI: Adapter has 4010MB of dedicated video memory, 0MB of dedicated system memory, and 8141MB of shared system memory, 1 output[s]
[2016.01.07-20.57.26:718][  0]LogD3D11RHI: Found D3D11 adapter 1: Intel(R) HD Graphics 530 (Feature Level 11_0)
[2016.01.07-20.57.26:718][  0]LogD3D11RHI: Adapter has 128MB of dedicated video memory, 0MB of dedicated system memory, and 8141MB of shared system memory, 0 output[s]
[2016.01.07-20.57.26:720][  0]LogD3D11RHI: Found D3D11 adapter 2: Microsoft Basic Render Driver (Feature Level 11_0)
[2016.01.07-20.57.26:720][  0]LogD3D11RHI: Adapter has 0MB of dedicated video memory, 0MB of dedicated system memory, and 8141MB of shared system memory, 0 output[s]
[2016.01.07-20.57.26:720][  0]LogD3D11RHI: Chosen D3D11 Adapter Id = 0
[2016.01.07-20.57.26:723][  0]LogD3D11RHI: !Direct3DDevice
[2016.01.07-20.57.26:723][  0]LogRHI: Texture pool is 1361 MB (70% of 1945 MB)
[2016.01.07-20.57.26:734][  0]LogD3D11RHI: Async texture creation enabled
[2016.01.07-20.57.26:752][  0]LogShaderCompilers: Guid format shader working directory is -14 characters bigger than the processId version (../../../../../../Users/cfia-user/Desktop/Workspace/TestProject/Intermediate/Shaders/WorkingDirectory/9428/).
[2016.01.07-20.57.26:752][  0]LogShaderCompilers: Cleaned the shader compiler working directory 'C:/Users/CFIA-U~1/AppData/Local/Temp/UnrealShaderWorkingDir/C577EE7F4388586D055667A8CE2EDC65/'.
[2016.01.07-20.57.26:752][  0]LogShaderCompilers:Display: Using Local Shader Compiler.
[2016.01.07-20.57.28:344][  0]LogTemp:Display: Loaded TP AllDesktopTargetPlatform
[2016.01.07-20.57.28:349][  0]LogTemp:Display: Loaded TP WindowsClientTargetPlatform
[2016.01.07-20.57.28:353][  0]LogTemp:Display: Loaded TP WindowsNoEditorTargetPlatform
[2016.01.07-20.57.28:357][  0]LogTemp:Display: Loaded TP WindowsServerTargetPlatform
[2016.01.07-20.57.28:361][  0]LogTemp:Display: Loaded TP WindowsTargetPlatform
[2016.01.07-20.57.28:366][  0]LogTemp:Display: Loaded TP AndroidTargetPlatform
[2016.01.07-20.57.28:369][  0]LogTemp:Display: Loaded TP Android_ASTCTargetPlatform
[2016.01.07-20.57.28:371][  0]LogTemp:Display: Loaded TP Android_ATCTargetPlatform
[2016.01.07-20.57.28:374][  0]LogTemp:Display: Loaded TP Android_DXTTargetPlatform
[2016.01.07-20.57.28:377][  0]LogTemp:Display: Loaded TP Android_ETC1TargetPlatform
[2016.01.07-20.57.28:379][  0]LogTemp:Display: Loaded TP Android_ETC2TargetPlatform
[2016.01.07-20.57.28:385][  0]LogTemp:Display: Loaded TP Android_MultiTargetPlatform
[2016.01.07-20.57.28:385][  0]LogTemp:Display: Loaded TP Android_PVRTCTargetPlatform
[2016.01.07-20.57.28:385][  0]LogTemp:Display: Loaded TP HTML5TargetPlatform
[2016.01.07-20.57.28:420][  0]LogTemp:Display: Loaded TP IOSTargetPlatform
[2016.01.07-20.57.28:422][  0]LogTemp:Display: Loaded TP LinuxNoEditorTargetPlatform
[2016.01.07-20.57.28:424][  0]LogTemp:Display: Loaded TP LinuxServerTargetPlatform
[2016.01.07-20.57.28:428][  0]LogTemp:Display: Loaded TP LinuxTargetPlatform
[2016.01.07-20.57.28:428][  0]LogTargetPlatformManager:Display: Building Assets For Windows
[2016.01.07-20.57.28:654][  0]LogDerivedDataCache:Display: Max Cache Size: 512 MB
[2016.01.07-20.57.28:756][  0]LogDerivedDataCache: Loaded boot cache 0.10s 41MB C:/Users/cfia-user/AppData/Local/UnrealEngine/4.10/DerivedDataCache/Boot.ddc.
[2016.01.07-20.57.28:756][  0]LogDerivedDataCache:Display: Loaded Boot cache: C:/Users/cfia-user/AppData/Local/UnrealEngine/4.10/DerivedDataCache/Boot.ddc
[2016.01.07-20.57.28:756][  0]LogDerivedDataCache: FDerivedDataBackendGraph:  Pak pak cache file ../../../../../../Users/cfia-user/Desktop/Workspace/TestProject/DerivedDataCache/DDC.ddp not found, will not use a pak cache.
[2016.01.07-20.57.28:756][  0]LogDerivedDataCache: Unable to find inner node Pak for hierarchical cache Hierarchy.
[2016.01.07-20.57.28:756][  0]LogDerivedDataCache: FDerivedDataBackendGraph:  CompressedPak pak cache file ../../../../../../Users/cfia-user/Desktop/Workspace/TestProject/DerivedDataCache/Compressed.ddp not found, will not use a pak cache.
[2016.01.07-20.57.28:756][  0]LogDerivedDataCache: Unable to find inner node CompressedPak for hierarchical cache Hierarchy.
[2016.01.07-20.57.28:818][  0]LogDerivedDataCache:Display: Pak cache opened for reading ../../../Engine/DerivedDataCache/Compressed.ddp.
[2016.01.07-20.57.28:830][  0]LogDerivedDataCache: Using Local data cache path C:/Users/cfia-user/AppData/Local/UnrealEngine/Common/DerivedDataCache: Writable
[2016.01.07-20.57.30:948][  0]LogInit: Selected Device Profile: [Windows]
[2016.01.07-20.57.30:952][  0]LogContentStreaming: Texture pool size is 0.000000MB
[2016.01.07-20.57.31:079][  0]LogMeshUtilities: No automatic mesh reduction module available
[2016.01.07-20.57.31:079][  0]LogMeshUtilities: No automatic mesh merging module available
[2016.01.07-20.57.31:545][  0]LogInit: WinSock: version 1.1 (2.2), MaxSocks=32767, MaxUdp=65467
[2016.01.07-20.57.33:819][  0]UdpMessaging: Initializing bridge on interface 0.0.0.0:0 to multicast group 230.0.0.1:6666.
[2016.01.07-20.57.34:024][  0]LogAssetRegistry: FAssetRegistry took 0.0110 seconds to start up
[2016.01.07-20.57.34:319][  0]SourceControl: Info Source control is disabled
[2016.01.07-20.57.34:626][  0]LogObj: 28633 objects as part of root set at end of initial load.
[2016.01.07-20.57.34:626][  0]LogUObjectAllocator: 6099752 out of 0 bytes used by permanent object pool.
[2016.01.07-20.57.34:697][  0]LogEngine: Initializing Engine...
[2016.01.07-20.57.34:699][  0]LogHMD: Can't find Oculus library dev build: is proper Runtime installed? Version: 0.8.0.0
[2016.01.07-20.57.34:709][  0]LogHMD: SteamVR failed to initialize.  Err: 110
[2016.01.07-20.57.34:908][  0]LogAIModule: Creating AISystem for world NewWorld
[2016.01.07-20.57.34:919][  0]LogInit: XAudio2 using 'Speakers (Sound Blaster Recon3Di)' : 2 channels at 48 kHz using 32 bits per sample (channel mask 0x3)
[2016.01.07-20.57.34:939][  0]LogInit: FAudioDevice initialized.
[2016.01.07-20.57.34:958][  0]LogDerivedDataCache: Saved boot cache 0.02s 41MB C:/Users/cfia-user/AppData/Local/UnrealEngine/4.10/DerivedDataCache/Boot.ddc.
[2016.01.07-20.57.34:963][  0]LogInit: Texture streaming: Enabled
[2016.01.07-20.57.34:969][  0]LogAnalytics: Creating configured Analytics provider AnalyticsET
[2016.01.07-20.57.34:969][  0]LogAnalytics: [UEEditor.Rocket.Release] APIServer = http://et2.epicgames.com/ET2/. AppVersion = 4.10.0-2758231+++depot+UE4-Releases+4.10
[2016.01.07-20.57.34:969][  0]LogAnalytics: [UEEditor.Rocket.Release] SetUserId e71bc2b2471b2f18662b26a8f77ddbdf|c110e819698348a98d42532756ed35c6|8ec11efd-52fc-4f7c-896d-addcda07f626
[2016.01.07-20.57.34:969][  0]LogAnalytics: [UEEditor.Rocket.Release] AnalyticsET::StartSession
[2016.01.07-20.57.35:017][  0]LogInit: Transaction tracking system initialized
[2016.01.07-20.57.35:050][  0]BlueprintLog: New page: Editor Load
[2016.01.07-20.57.35:155][  0]LocalizationService: Info Localization service is disabled
[2016.01.07-20.57.35:239][  0]LogConsoleResponse:Display: 
[2016.01.07-20.57.35:396][  0]LogCook:Display: Done creating registry. It took  0.00s.
[2016.01.07-20.57.35:461][  0]LogFileCache: Scanning file cache for directory 'C:/Users/cfia-user/Desktop/Workspace/TestProject/Content/' took 0.02s
[2016.01.07-20.57.35:461][  0]Cmd: MAP LOAD FILE="../../../../../../Users/cfia-user/Desktop/Workspace/TestProject/Content/ThirdPersonBP/Maps/ThirdPersonExampleMap.umap" TEMPLATE=0 SHOWPROGRESS=1 FEATURELEVEL=3
[2016.01.07-20.57.35:464][  0]LightingResults: New page: Lighting Build
[2016.01.07-20.57.35:467][  0]MapCheck: New page: Map Check
[2016.01.07-20.57.35:467][  0]LightingResults: New page: Lighting Build
[2016.01.07-20.57.35:481][  0]LogParticles: Destroying 0 GPU particle simulations for FXSystem 0x0000023CF3DDE160
[2016.01.07-20.57.36:222][  0]LogTexture:Display: Building textures: HQ_Lightmap0_2 (AutoDXT)
[2016.01.07-20.57.36:284][  0]LogTexture:Display: Building textures: HQ_Lightmap0_3 (AutoDXT)
[2016.01.07-20.57.36:319][  0]LogTexture:Display: Building textures: HQ_Lightmap0_4 (AutoDXT)
[2016.01.07-20.57.36:359][  0]LogTexture:Display: Building textures: HQ_Lightmap0_6 (AutoDXT)
[2016.01.07-20.57.36:688][  0]LogTexture:Display: Building textures: HQ_Lightmap1_1 (AutoDXT)
[2016.01.07-20.57.38:720][  0]LogTexture:Display: Building textures: HQ_Lightmap1_5 (AutoDXT)
[2016.01.07-20.57.38:751][  0]LogTexture:Display: Building textures: HQ_Lightmap1_7 (AutoDXT)
[2016.01.07-20.57.38:753][  0]LogTexture:Display: Building textures: LQ_Lightmap_0_2 (DXT1)
[2016.01.07-20.57.38:775][  0]LogTexture:Display: Building textures: LQ_Lightmap_0_3 (DXT1)
[2016.01.07-20.57.38:795][  0]LogTexture:Display: Building textures: LQ_Lightmap_0_4 (DXT1)
[2016.01.07-20.57.38:817][  0]LogTexture:Display: Building textures: LQ_Lightmap_0_6 (DXT1)
[2016.01.07-20.57.38:985][  0]LogTexture:Display: Building textures: LQ_Lightmap_1_1 (DXT1)
[2016.01.07-20.57.39:762][  0]LogTexture:Display: Building textures: LQ_Lightmap_1_5 (DXT1)
[2016.01.07-20.57.39:779][  0]LogTexture:Display: Building textures: LQ_Lightmap_1_7 (DXT1)
[2016.01.07-20.57.39:845][  0]LogTexture:Display: Building textures: SkyOcclusion1_1 (AutoDXT)
[2016.01.07-20.57.40:724][  0]LogTexture:Display: Building textures: SkyOcclusion1_2 (AutoDXT)
[2016.01.07-20.57.40:747][  0]LogTexture:Display: Building textures: SkyOcclusion1_3 (AutoDXT)
[2016.01.07-20.57.40:766][  0]LogTexture:Display: Building textures: SkyOcclusion1_4 (AutoDXT)
[2016.01.07-20.57.40:787][  0]LogTexture:Display: Building textures: SkyOcclusion1_5 (AutoDXT)
[2016.01.07-20.57.40:807][  0]LogTexture:Display: Building textures: SkyOcclusion1_6 (AutoDXT)
[2016.01.07-20.57.40:866][  0]LogTexture:Display: Building textures: SkyOcclusion1_7 (AutoDXT)
[2016.01.07-20.57.40:974][  0]LogTexture:Display: Building textures: ShadowMapTexture2D_0 (BGRA8)
[2016.01.07-20.57.41:363][  0]LogTexture:Display: Building textures: ShadowMapTexture2D_1 (BGRA8)
[2016.01.07-20.57.41:370][  0]LogTexture:Display: Building textures: ShadowMapTexture2D_2 (BGRA8)
[2016.01.07-20.57.41:378][  0]LogTexture:Display: Building textures: ShadowMapTexture2D_3 (BGRA8)
[2016.01.07-20.57.41:384][  0]LogTexture:Display: Building textures: ShadowMapTexture2D_4 (BGRA8)
[2016.01.07-20.57.41:391][  0]LogTexture:Display: Building textures: ShadowMapTexture2D_5 (BGRA8)
[2016.01.07-20.57.41:398][  0]LogTexture:Display: Building textures: ShadowMapTexture2D_6 (BGRA8)
[2016.01.07-20.57.41:480][  0]LogMaterial: Missing cached shader map for material NewMaterial, compiling. 
[2016.01.07-20.57.41:586][  0]LogTexture:Display: Building textures: download (BGRA8)
[2016.01.07-20.57.41:595][  0]LogMaterial: Missing cached shader map for material download_Mat, compiling. 
[2016.01.07-20.57.41:705][  0]LogTexture:Display: Building textures: 1 (BGRA8)
[2016.01.07-20.57.41:712][  0]LogMaterial: Missing cached shader map for material 1_Mat, compiling. 
[2016.01.07-20.57.41:832][  0]LogAIModule: Creating AISystem for world ThirdPersonExampleMap
[2016.01.07-20.57.41:841][  0]LogMaterial:Warning: Material /Engine/Functions/Engine_MaterialFunctions02/ExampleContent/FlowMaps.FlowMaps needed to have new flag set bUsedWithStaticLighting !
[2016.01.07-20.57.41:845][  0]LogMaterial: Missing cached shader map for material FlowMaps, compiling. 
[2016.01.07-20.57.41:889][  0]MapCheck:Warning: Warning FlowMaps Material /Engine/Functions/Engine_MaterialFunctions02/ExampleContent/FlowMaps.FlowMaps was missing the usage flag bUsedWithStaticLighting. If the material asset is not re-saved, it may not render correctly when run outside the editor. Fix
[2016.01.07-20.57.41:889][  0]LogMaterial: 0.000121 seconds spent updating 1 materials, 1 interfaces, 0 instances, 0 with static permutations.
[2016.01.07-20.57.41:900][  0]LogEditorServer: Finished looking for orphan Actors (0.000 secs)
[2016.01.07-20.57.41:901][  0]Cmd: MAP CHECKDEP NOCLEARLOG
[2016.01.07-20.57.41:966][  0]MapCheck: Info Map check complete: 0 Error(s), 1 Warning(s), took 64.824ms to complete.
[2016.01.07-20.57.41:972][  0]LogFileHelpers: Loading map 'ThirdPersonExampleMap' took 6.511
[2016.01.07-20.57.42:116][  0]LogCollectionManager: Loaded 0 collections in 0.003131 seconds
[2016.01.07-20.57.42:158][  0]LogFileCache: Scanning file cache for directory 'C:/Users/cfia-user/Desktop/Workspace/TestProject/Saved/Collections/' took 0.01s
[2016.01.07-20.57.42:158][  0]LogFileCache: Scanning file cache for directory 'C:/Users/cfia-user/Desktop/Workspace/TestProject/Content/Developers/cfiauser/Collections/' took 0.01s
[2016.01.07-20.57.42:158][  0]LogFileCache: Scanning file cache for directory 'C:/Users/cfia-user/Desktop/Workspace/TestProject/Content/Collections/' took 0.01s
[2016.01.07-20.57.42:158][  0]LogCollectionManager: Rebuilt the GUID cache for 0 collections in 0.000004 seconds
[2016.01.07-20.57.42:169][  0]LogContentBrowser: Native class hierarchy populated in 0.0105 seconds. Added 1893 classes and 338 folders.
[2016.01.07-20.57.42:179][  0]LogContentBrowser: Native class hierarchy updated for 'WidgetCarousel' in 0.0004 seconds. Added 0 classes and 0 folders.
[2016.01.07-20.57.42:492][  0]LogContentBrowser: Native class hierarchy updated for 'AddContentDialog' in 0.0005 seconds. Added 0 classes and 0 folders.
[2016.01.07-20.57.42:498][  0]LogContentBrowser: Native class hierarchy updated for 'SceneOutliner' in 0.0004 seconds. Added 1 classes and 2 folders.
[2016.01.07-20.57.42:526][  0]LogCrashTracker: Crashtracker disabled due to settings.
[2016.01.07-20.57.42:578][  0]LogLoad: Full Startup: 17.96 seconds (BP compile: 0.16 seconds)
[2016.01.07-20.57.42:591][  0]LogOcInput: Can't find Oculus library dev build: is proper Runtime installed? Version: 0.8.0.0
[2016.01.07-20.57.42:706][  0]LogContentStreaming: Texture pool size now 1000 MB
[2016.01.07-20.57.42:870][  0]LogRenderer: Reallocating scene render targets to support 1208x572 (Frame:2).
[2016.01.07-20.57.43:666][  8]LogAssetRegistry: Asset discovery search completed in 9.6535 seconds
[2016.01.07-20.57.43:666][  8]LogCollectionManager: Rebuilt the object cache for 0 collections in 0.000000 seconds (found 0 objects)
[2016.01.07-20.57.43:666][  8]LogCollectionManager: Fixed up redirectors for 0 collections in 0.000034 seconds (updated 0 objects)
[2016.01.07-20.57.46:661][314]LogEditorViewport: Clicking on Actor (LMB): StaticMeshActor (Floor)
[2016.01.07-20.57.47:996][424]LogEditorViewport: Clicking on Actor (LMB): StaticMeshActor (Floor)
[2016.01.07-20.57.59:774][567]LogEditorViewport: Clicking on Actor (LMB): Door_C (Door)
[2016.01.07-20.58.11:223][861]LogActorComponent: UnregisterComponent: (/Engine/Transient.CharMoveComp) Not registered. Aborting.
[2016.01.07-20.58.15:476][861]LogSavePackage: Save=926.890320ms
[2016.01.07-20.58.15:476][861]LogSavePackage: Moving '../../../../../../Users/cfia-user/Desktop/Workspace/TestProject/Saved/ThirdPersonExampleMap6E79E5094338938D35FC9B96774B4CE9.tmp' to '../../../../../../Users/cfia-user/Desktop/Workspace/TestProject/Content/ThirdPersonBP/Maps/ThirdPersonExampleMap.umap'
[2016.01.07-20.58.15:481][861]LogSavePackage: Total save time: 935.645655ms
[2016.01.07-20.58.15:481][861]LogSavePackage:Display: Finished SavePackage ../../../../../../Users/cfia-user/Desktop/Workspace/TestProject/Content/ThirdPersonBP/Maps/ThirdPersonExampleMap.umap
[2016.01.07-20.58.15:512][861]LogFileHelpers: Saving map 'ThirdPersonExampleMap' took 1.032
[2016.01.07-20.58.15:620][861]LogWindowsTextInputMethodSystem:Display: IME system now deactivated.
[2016.01.07-20.58.15:820][862]Cmd: QUIT_EDITOR
[2016.01.07-20.58.15:998][862]LogExit: Preparing to exit.
[2016.01.07-20.58.16:939][862]LogExit: Editor shut down
[2016.01.07-20.58.16:939][862]LogExit: Transaction tracking system shut down
[2016.01.07-20.58.16:949][862]LogParticles: Destroying 0 GPU particle simulations for FXSystem 0x0000023CF8BB2980
[2016.01.07-20.58.16:950][862]LogParticles: Destroying 0 GPU particle simulations for FXSystem 0x0000023C9E9E5080
[2016.01.07-20.58.16:950][862]LogParticles: Destroying 0 GPU particle simulations for FXSystem 0x0000023C9E8CE700
[2016.01.07-20.58.16:950][862]LogParticles: Destroying 0 GPU particle simulations for FXSystem 0x0000023C9E583B00
[2016.01.07-20.58.16:950][862]LogParticles: Destroying 0 GPU particle simulations for FXSystem 0x0000023C9E5839C0
[2016.01.07-20.58.17:087][862]LogExit: Object subsystem successfully closed.
[2016.01.07-20.58.17:114][862]LogD3D11RHI: Shutdown
[2016.01.07-20.58.17:114][862]LogD3D11RHI: CleanupD3DDevice
[2016.01.07-20.58.17:180][862]LogD3D11RHI: ~FD3D11DynamicRHI
[2016.01.07-20.58.17:192][862]LogModuleManager: Shutting down and abandoning module CookingStats (199)
[2016.01.07-20.58.17:192][862]LogModuleManager: Shutting down and abandoning module CrashTracker (198)
[2016.01.07-20.58.17:192][862]LogModuleManager: Shutting down and abandoning module SceneOutliner (197)
[2016.01.07-20.58.17:192][862]LogModuleManager: Shutting down and abandoning module SuperSearch (196)
[2016.01.07-20.58.17:192][862]LogModuleManager: Shutting down and abandoning module WidgetCarousel (195)
[2016.01.07-20.58.17:192][862]LogModuleManager: Shutting down and abandoning module AddContentDialog (194)
[2016.01.07-20.58.17:193][862]LogModuleManager: Shutting down and abandoning module EditorWidgets (193)
[2016.01.07-20.58.17:193][862]LogModuleManager: Shutting down and abandoning module CollectionManager (192)
[2016.01.07-20.58.17:193][862]LogModuleManager: Shutting down and abandoning module StatsViewer (191)
[2016.01.07-20.58.17:193][862]LogModuleManager: Shutting down and abandoning module FoliageEdit (190)
[2016.01.07-20.58.17:193][862]LogModuleManager: Shutting down and abandoning module LandscapeEditor (189)
[2016.01.07-20.58.17:193][862]LogModuleManager: Shutting down and abandoning module ActorPickerMode (188)
[2016.01.07-20.58.17:193][862]LogModuleManager: Shutting down and abandoning module GeometryMode (187)
[2016.01.07-20.58.17:193][862]LogModuleManager: Shutting down and abandoning module TextureAlignMode (186)
[2016.01.07-20.58.17:193][862]LogModuleManager: Shutting down and abandoning module BspMode (185)
[2016.01.07-20.58.17:193][862]LogModuleManager: Shutting down and abandoning module PlacementMode (184)
[2016.01.07-20.58.17:193][862]LogModuleManager: Shutting down and abandoning module AutomationWorker (183)
[2016.01.07-20.58.17:193][862]LogModuleManager: Shutting down and abandoning module CharacterAI (182)
[2016.01.07-20.58.17:193][862]LogModuleManager: Shutting down and abandoning module SmartSnapping (181)
[2016.01.07-20.58.17:193][862]LogModuleManager: Shutting down and abandoning module ViewportSnapping (180)
[2016.01.07-20.58.17:193][862]LogModuleManager: Shutting down and abandoning module LogVisualizer (179)
[2016.01.07-20.58.17:193][862]LogModuleManager: Shutting down and abandoning module GameProjectGeneration (178)
[2016.01.07-20.58.17:193][862]LogModuleManager: Shutting down and abandoning module IntroTutorials (177)
[2016.01.07-20.58.17:193][862]LogModuleManager: Shutting down and abandoning module EditorLiveStreaming (176)
[2016.01.07-20.58.17:193][862]LogModuleManager: Shutting down and abandoning module IOSPlatformEditor (175)
[2016.01.07-20.58.17:193][862]LogModuleManager: Shutting down and abandoning module HTML5PlatformEditor (174)
[2016.01.07-20.58.17:193][862]LogModuleManager: Shutting down and abandoning module AndroidDeviceDetection (173)
[2016.01.07-20.58.17:214][862]LogModuleManager: Shutting down and abandoning module AndroidPlatformEditor (172)
[2016.01.07-20.58.17:214][862]LogModuleManager: Shutting down and abandoning module IOSRuntimeSettings (171)
[2016.01.07-20.58.17:214][862]LogModuleManager: Shutting down and abandoning module AndroidRuntimeSettings (170)
[2016.01.07-20.58.17:214][862]LogModuleManager: Shutting down and abandoning module MergeActors (169)
[2016.01.07-20.58.17:214][862]LogModuleManager: Shutting down and abandoning module SizeMap (168)
[2016.01.07-20.58.17:214][862]LogModuleManager: Shutting down and abandoning module TreeMap (167)
[2016.01.07-20.58.17:214][862]LogModuleManager: Shutting down and abandoning module ReferenceViewer (166)
[2016.01.07-20.58.17:214][862]LogModuleManager: Shutting down and abandoning module LocalizationService (165)
[2016.01.07-20.58.17:214][862]LogModuleManager: Shutting down and abandoning module LocalizationDashboard (164)
[2016.01.07-20.58.17:214][862]LogModuleManager: Shutting down and abandoning module HardwareTargeting (163)
[2016.01.07-20.58.17:214][862]LogModuleManager: Shutting down and abandoning module DeviceProfileEditor (162)
[2016.01.07-20.58.17:214][862]LogModuleManager: Shutting down and abandoning module UndoHistory (161)
[2016.01.07-20.58.17:214][862]LogModuleManager: Shutting down and abandoning module GameplayTagsEditor (160)
[2016.01.07-20.58.17:214][862]LogModuleManager: Shutting down and abandoning module UserFeedback (159)
[2016.01.07-20.58.17:214][862]LogModuleManager: Shutting down and abandoning module XmlParser (158)
[2016.01.07-20.58.17:214][862]LogModuleManager: Shutting down and abandoning module Blutility (157)
[2016.01.07-20.58.17:214][862]LogModuleManager: Shutting down and abandoning module ProjectTargetPlatformEditor (156)
[2016.01.07-20.58.17:214][862]LogModuleManager: Shutting down and abandoning module ProjectSettingsViewer (155)
[2016.01.07-20.58.17:214][862]LogModuleManager: Shutting down and abandoning module InputBindingEditor (154)
[2016.01.07-20.58.17:214][862]LogModuleManager: Shutting down and abandoning module EditorSettingsViewer (153)
[2016.01.07-20.58.17:214][862]LogModuleManager: Shutting down and abandoning module SettingsEditor (152)
[2016.01.07-20.58.17:214][862]LogModuleManager: Shutting down and abandoning module ProjectLauncher (151)
[2016.01.07-20.58.17:214][862]LogModuleManager: Shutting down and abandoning module SessionFrontend (150)
[2016.01.07-20.58.17:214][862]LogModuleManager: Shutting down and abandoning module ProfilerClient (149)
[2016.01.07-20.58.17:215][862]LogModuleManager: Shutting down and abandoning module TargetDeviceServices (148)
[2016.01.07-20.58.17:215][862]LogModuleManager: Shutting down and abandoning module DeviceManager (147)
[2016.01.07-20.58.17:215][862]LogModuleManager: Shutting down and abandoning module AutomationController (146)
[2016.01.07-20.58.17:215][862]LogModuleManager: Shutting down and abandoning module AutomationWindow (145)
[2016.01.07-20.58.17:215][862]LogModuleManager: Shutting down and abandoning module Layers (144)
[2016.01.07-20.58.17:215][862]LogModuleManager: Shutting down and abandoning module ComponentVisualizers (143)
[2016.01.07-20.58.17:215][862]LogModuleManager: Shutting down and abandoning module DetailCustomizations (142)
[2016.01.07-20.58.17:215][862]LogModuleManager: Shutting down and abandoning module PackagesDialog (141)
[2016.01.07-20.58.17:215][862]LogModuleManager: Shutting down and abandoning module Persona (140)
[2016.01.07-20.58.17:215][862]LogModuleManager: Shutting down and abandoning module Kismet (139)
[2016.01.07-20.58.17:215][862]LogModuleManager: Shutting down and abandoning module GraphEditor (138)
[2016.01.07-20.58.17:215][862]LogModuleManager: Shutting down and abandoning module ClassViewer (137)
[2016.01.07-20.58.17:215][862]LogModuleManager: Shutting down and abandoning module Toolbox (136)
[2016.01.07-20.58.17:215][862]LogModuleManager: Shutting down and abandoning module ModuleUI (135)
[2016.01.07-20.58.17:215][862]LogModuleManager: Shutting down and abandoning module MovieSceneTools (134)
[2016.01.07-20.58.17:215][862]LogModuleManager: Shutting down and abandoning module OutputLog (133)
[2016.01.07-20.58.17:215][862]LogModuleManager: Shutting down and abandoning module GammaUI (132)
[2016.01.07-20.58.17:215][862]LogModuleManager: Shutting down and abandoning module Documentation (131)
[2016.01.07-20.58.17:215][862]LogModuleManager: Shutting down and abandoning module GameLiveStreaming (130)
[2016.01.07-20.58.17:215][862]LogModuleManager: Shutting down and abandoning module StreamingPauseRendering (129)
[2016.01.07-20.58.17:215][862]LogModuleManager: Shutting down and abandoning module AnalyticsET (128)
[2016.01.07-20.58.17:215][862]LogModuleManager: Shutting down and abandoning module Analytics (127)
[2016.01.07-20.58.17:215][862]LogModuleManager: Shutting down and abandoning module AITestSuite (126)
[2016.01.07-20.58.17:215][862]LogModuleManager: Shutting down and abandoning module GameplayDebugger (125)
[2016.01.07-20.58.17:215][862]LogModuleManager: Shutting down and abandoning module AIModule (124)
[2016.01.07-20.58.17:215][862]LogModuleManager: Shutting down and abandoning module ProfilerService (123)
[2016.01.07-20.58.17:428][862]LogModuleManager: Shutting down and abandoning module TaskGraph (122)
[2016.01.07-20.58.17:429][862]LogModuleManager: Shutting down and abandoning module SlateRemote (121)
[2016.01.07-20.58.17:429][862]LogModuleManager: Shutting down and abandoning module SteamVRController (120)
[2016.01.07-20.58.17:429][862]LogModuleManager: Shutting down and abandoning module SteamVR (119)
[2016.01.07-20.58.17:429][862]LogModuleManager: Shutting down and abandoning module ProceduralMeshComponent (118)
[2016.01.07-20.58.17:429][862]LogModuleManager: Shutting down and abandoning module OculusLibrary (117)
[2016.01.07-20.58.17:429][862]LogModuleManager: Shutting down and abandoning module OculusInput (116)
[2016.01.07-20.58.17:429][862]LogModuleManager: Shutting down and abandoning module LeapMotionController (115)
[2016.01.07-20.58.17:441][862]LogModuleManager: Shutting down and abandoning module CustomMeshComponent (114)
[2016.01.07-20.58.17:441][862]LogModuleManager: Shutting down and abandoning module CableComponent (113)
[2016.01.07-20.58.17:441][862]LogModuleManager: Shutting down and abandoning module ArchVisCharacter (112)
[2016.01.07-20.58.17:441][862]LogModuleManager: Shutting down and abandoning module MessagingDebugger (111)
[2016.01.07-20.58.17:441][862]LogModuleManager: Shutting down and abandoning module MediaPlayerEditor (110)
[2016.01.07-20.58.17:441][862]LogModuleManager: Shutting down and abandoning module HTML5Networking (109)
[2016.01.07-20.58.17:441][862]LogModuleManager: Shutting down and abandoning module SpeedTreeImporter (108)
[2016.01.07-20.58.17:441][862]LogModuleManager: Shutting down and abandoning module PluginBrowser (107)
[2016.01.07-20.58.17:441][862]LogModuleManager: Shutting down and abandoning module EpicSurvey (106)
[2016.01.07-20.58.17:441][862]LogModuleManager: Shutting down and abandoning module DesktopPlatform (105)
[2016.01.07-20.58.17:441][862]LogModuleManager: Shutting down and abandoning module VisualStudioSourceCodeAccess (104)
[2016.01.07-20.58.17:441][862]LogModuleManager: Shutting down and abandoning module UObjectPlugin (103)
[2016.01.07-20.58.17:441][862]LogModuleManager: Shutting down and abandoning module SubversionSourceControl (102)
[2016.01.07-20.58.17:441][862]LogModuleManager: Shutting down and abandoning module PerforceSourceControl (101)
[2016.01.07-20.58.17:441][862]LogModuleManager: Shutting down and abandoning module SourceControl (100)
[2016.01.07-20.58.17:441][862]LogModuleManager: Shutting down and abandoning module GitSourceControl (99)
[2016.01.07-20.58.17:441][862]LogModuleManager: Shutting down and abandoning module LightPropagationVolumeEditor (98)
[2016.01.07-20.58.17:441][862]LogModuleManager: Shutting down and abandoning module PaperTiledImporter (97)
[2016.01.07-20.58.17:441][862]LogModuleManager: Shutting down and abandoning module PaperSpriteSheetImporter (96)
[2016.01.07-20.58.17:441][862]LogModuleManager: Shutting down and abandoning module MeshPaint (95)
[2016.01.07-20.58.17:441][862]LogModuleManager: Shutting down and abandoning module SlateReflector (94)
[2016.01.07-20.58.17:442][862]LogModuleManager: Shutting down and abandoning module HotReload (93)
[2016.01.07-20.58.17:442][862]LogModuleManager: Shutting down and abandoning module MainFrame (92)
[2016.01.07-20.58.17:442][862]LogModuleManager: Shutting down and abandoning module LevelEditor (91)
[2016.01.07-20.58.17:442][862]LogModuleManager: Shutting down and abandoning module DirectoryWatcher (90)
[2016.01.07-20.58.17:442][862]LogModuleManager: Shutting down and abandoning module AssetRegistry (89)
[2016.01.07-20.58.17:578][862]LogModuleManager: Shutting down and abandoning module ContentBrowser (88)
[2016.01.07-20.58.17:579][862]LogModuleManager: Shutting down and abandoning module Paper2DEditor (87)
[2016.01.07-20.58.17:580][862]LogModuleManager: Shutting down and abandoning module UdpMessaging (86)
[2016.01.07-20.58.17:680][862]LogModuleManager: Shutting down and abandoning module LightPropagationVolumeRuntime (85)
[2016.01.07-20.58.17:680][862]LogModuleManager: Shutting down and abandoning module Paper2D (84)
[2016.01.07-20.58.17:680][862]LogModuleManager: Shutting down and abandoning module WindowsMoviePlayer (83)
[2016.01.07-20.58.17:684][862]LogModuleManager: Shutting down and abandoning module Media (82)
[2016.01.07-20.58.17:684][862]LogModuleManager: Shutting down and abandoning module WmfMedia (81)
[2016.01.07-20.58.17:684][862]LogModuleManager: Shutting down and abandoning module OnlineBlueprintSupport (80)
[2016.01.07-20.58.17:684][862]LogModuleManager: Shutting down and abandoning module GameplayTasksEditor (79)
[2016.01.07-20.58.17:684][862]LogModuleManager: Shutting down and abandoning module PropertyEditor (78)
[2016.01.07-20.58.17:685][862]LogModuleManager: Shutting down and abandoning module BehaviorTreeEditor (77)
[2016.01.07-20.58.17:685][862]LogModuleManager: Shutting down and abandoning module FunctionalTesting (76)
[2016.01.07-20.58.17:685][862]LogModuleManager: Shutting down and abandoning module CollisionAnalyzer (75)
[2016.01.07-20.58.17:685][862]LogModuleManager: Shutting down and abandoning module WorkspaceMenuStructure (74)
[2016.01.07-20.58.17:685][862]LogModuleManager: Shutting down and abandoning module MessageLog (73)
[2016.01.07-20.58.17:685][862]LogModuleManager: Shutting down and abandoning module Sequencer (72)
[2016.01.07-20.58.17:685][862]LogModuleManager: Shutting down and abandoning module AssetTools (71)
[2016.01.07-20.58.17:685][862]LogModuleManager: Shutting down and abandoning module UMGEditor (70)
[2016.01.07-20.58.17:685][862]LogModuleManager: Shutting down and abandoning module UMG (69)
[2016.01.07-20.58.17:685][862]LogModuleManager: Shutting down and abandoning module Slate (68)
[2016.01.07-20.58.17:685][862]LogModuleManager: Shutting down and abandoning module EditorStyle (67)
[2016.01.07-20.58.17:688][862]LogModuleManager: Shutting down and abandoning module SessionServices (66)
[2016.01.07-20.58.17:688][862]LogModuleManager: Shutting down and abandoning module SourceCodeAccess (65)
[2016.01.07-20.58.17:688][862]LogModuleManager: Shutting down and abandoning module HeadMountedDisplay (64)
[2016.01.07-20.58.17:688][862]LogModuleManager: Shutting down and abandoning module XAudio2 (63)
[2016.01.07-20.58.17:688][862]LogModuleManager: Shutting down and abandoning module Networking (61)
[2016.01.07-20.58.17:688][862]LogModuleManager: Shutting down and abandoning module Core (60)
[2016.01.07-20.58.17:688][862]LogModuleManager: Shutting down and abandoning module KismetCompiler (59)
[2016.01.07-20.58.17:688][862]LogModuleManager: Shutting down and abandoning module PhysXFormats (58)
[2016.01.07-20.58.17:688][862]LogModuleManager: Shutting down and abandoning module MeshUtilities (57)
[2016.01.07-20.58.17:688][862]LogModuleManager: Shutting down and abandoning module DerivedDataCache (56)
[2016.01.07-20.58.17:854][862]LogDerivedDataCache: Shutdown
[2016.01.07-20.58.17:854][862]LogModuleManager: Shutting down and abandoning module ShaderFormatOpenGL (55)
[2016.01.07-20.58.17:854][862]LogModuleManager: Shutting down and abandoning module ShaderFormatD3D (54)
[2016.01.07-20.58.17:854][862]LogModuleManager: Shutting down and abandoning module MetalShaderFormat (53)
[2016.01.07-20.58.17:854][862]LogModuleManager: Shutting down and abandoning module TextureFormatUncompressed (52)
[2016.01.07-20.58.17:854][862]LogModuleManager: Shutting down and abandoning module TextureFormatPVR (51)
[2016.01.07-20.58.17:854][862]LogModuleManager: Shutting down and abandoning module TextureFormatIntelISPCTexComp (50)
[2016.01.07-20.58.17:855][862]LogModuleManager: Shutting down and abandoning module TextureFormatDXT (49)
[2016.01.07-20.58.17:855][862]LogModuleManager: Shutting down and abandoning module ImageWrapper (48)
[2016.01.07-20.58.17:855][862]LogModuleManager: Shutting down and abandoning module TextureFormatASTC (47)
[2016.01.07-20.58.17:855][862]LogModuleManager: Shutting down and abandoning module TextureFormatAndroid (46)
[2016.01.07-20.58.17:855][862]LogModuleManager: Shutting down and abandoning module AudioFormatOpus (45)
[2016.01.07-20.58.17:855][862]LogModuleManager: Shutting down and abandoning module AudioFormatOgg (44)
[2016.01.07-20.58.17:855][862]LogModuleManager: Shutting down and abandoning module AudioFormatADPCM (43)
[2016.01.07-20.58.17:855][862]LogModuleManager: Shutting down and abandoning module LinuxTargetPlatform (42)
[2016.01.07-20.58.17:855][862]LogModuleManager: Shutting down and abandoning module LinuxServerTargetPlatform (41)
[2016.01.07-20.58.17:855][862]LogModuleManager: Shutting down and abandoning module LinuxNoEditorTargetPlatform (40)
[2016.01.07-20.58.17:855][862]LogModuleManager: Shutting down and abandoning module Messaging (39)
[2016.01.07-20.58.17:855][862]LogModuleManager: Shutting down and abandoning module IOSTargetPlatform (38)
[2016.01.07-20.58.17:855][862]LogModuleManager: Shutting down and abandoning module HTML5TargetPlatform (37)
[2016.01.07-20.58.17:855][862]LogModuleManager: Shutting down and abandoning module Android_PVRTCTargetPlatform (36)
[2016.01.07-20.58.17:855][862]LogModuleManager: Shutting down and abandoning module Android_MultiTargetPlatform (35)
[2016.01.07-20.58.17:855][862]LogModuleManager: Shutting down and abandoning module Android_ETC2TargetPlatform (34)
[2016.01.07-20.58.17:855][862]LogModuleManager: Shutting down and abandoning module Android_ETC1TargetPlatform (33)
[2016.01.07-20.58.17:855][862]LogModuleManager: Shutting down and abandoning module Android_DXTTargetPlatform (32)
[2016.01.07-20.58.17:855][862]LogModuleManager: Shutting down and abandoning module Android_ATCTargetPlatform (31)
[2016.01.07-20.58.17:855][862]LogModuleManager: Shutting down and abandoning module Android_ASTCTargetPlatform (30)
[2016.01.07-20.58.17:855][862]LogModuleManager: Shutting down and abandoning module AndroidTargetPlatform (29)
[2016.01.07-20.58.17:855][862]LogModuleManager: Shutting down and abandoning module WindowsTargetPlatform (28)
[2016.01.07-20.58.17:855][862]LogModuleManager: Shutting down and abandoning module WindowsServerTargetPlatform (27)
[2016.01.07-20.58.17:855][862]LogModuleManager: Shutting down and abandoning module WindowsNoEditorTargetPlatform (26)
[2016.01.07-20.58.17:855][862]LogModuleManager: Shutting down and abandoning module WindowsClientTargetPlatform (25)
[2016.01.07-20.58.17:855][862]LogModuleManager: Shutting down and abandoning module AllDesktopTargetPlatform (24)
[2016.01.07-20.58.17:855][862]LogModuleManager: Shutting down and abandoning module TargetPlatform (23)
[2016.01.07-20.58.17:855][862]LogModuleManager: Shutting down and abandoning module InputCore (22)
[2016.01.07-20.58.17:855][862]LogModuleManager: Shutting down and abandoning module Settings (21)
[2016.01.07-20.58.17:855][862]LogModuleManager: Shutting down and abandoning module OnlineSubsystem (19)
[2016.01.07-20.58.17:855][862]LogModuleManager: Shutting down and abandoning module HTTP (18)
[2016.01.07-20.58.19:858][862]LogModuleManager: Shutting down and abandoning module XMPP (17)
[2016.01.07-20.58.19:858][862]LogModuleManager: Shutting down and abandoning module OculusRift (16)
[2016.01.07-20.58.19:858][862]LogModuleManager: Shutting down and abandoning module ExampleDeviceProfileSelector (15)
[2016.01.07-20.58.19:858][862]LogModuleManager: Shutting down and abandoning module TextureCompressor (14)
[2016.01.07-20.58.19:858][862]LogModuleManager: Shutting down and abandoning module ShaderCore (13)
[2016.01.07-20.58.19:858][862]LogModuleManager: Shutting down and abandoning module Landscape (12)
[2016.01.07-20.58.19:858][862]LogModuleManager: Shutting down and abandoning module SlateRHIRenderer (11)
[2016.01.07-20.58.19:860][862]LogModuleManager: Shutting down and abandoning module OpenGLDrv (10)
[2016.01.07-20.58.19:860][862]LogModuleManager: Shutting down and abandoning module D3D11RHI (9)
[2016.01.07-20.58.19:860][862]LogModuleManager: Shutting down and abandoning module AnimGraphRuntime (8)
[2016.01.07-20.58.19:860][862]LogModuleManager: Shutting down and abandoning module Renderer (7)
[2016.01.07-20.58.19:860][862]LogModuleManager: Shutting down and abandoning module Engine (6)
[2016.01.07-20.58.19:860][862]LogModuleManager: Shutting down and abandoning module CoreUObject (5)
[2016.01.07-20.58.19:860][862]LogModuleManager: Shutting down and abandoning module NetworkFile (4)
[2016.01.07-20.58.19:860][862]LogModuleManager: Shutting down and abandoning module StreamingFile (3)
[2016.01.07-20.58.19:860][862]LogModuleManager: Shutting down and abandoning module SandboxFile (2)
[2016.01.07-20.58.19:860][862]LogModuleManager: Shutting down and abandoning module PakFile (1)
[2016.01.07-20.58.19:863][862]LogExit: Exiting.
[2016.01.07-20.58.19:896][862]Log file closed, 01/07/16 14:58:19
